Gene	Num_of_events	Avg_initiation_time(sec)
0	5	158.457
1	729	14.9232
2	189	13.2708
3	13	147.551
4	33	95.5154
5	30	31.6953
6	1736	3.44922
7	60	50.0624
8	82	35.7726
9	30	125.582
10	201	33.4513
11	17	118.624
12	27	57.1179
13	9	121.44
14	74	20.5756
15	33	111.134
16	227	17.6093
17	3	101.485
18	473	22.1031
19	6	62.1603
20	65	52.0341
21	23	93.4592
22	5	179.719
23	57	34.0657
24	254	29.3241
25	45	30.2417
26	605	12.4004
27	587	19.4652
28	28838	2.72239
29	145	28.0509
30	16	67.4107
31	26	72.9248
32	192	86.061
33	23	65.0547
34	2639	16.8713
35	40	46.1196
36	8	70.4853
37	27	50.2105
38	31	48.9599
39	3	1275.58
40	12	112.109
41	655	23.6919
42	139	36.246
43	1245	15.1796
44	75	32.471
45	34	163.502
46	218	24.7365
47	58	136.167
48	46	84.7122
49	1572	19.1743
50	117	28.152
51	8	113.206
52	157	41.6011
53	5	79.5813
54	2725	6.82788
55	15	174.813
56	4	281.925
57	320	57.6619
58	177	13.5217
59	21	75.5734
60	30	33.7069
61	33	57.1416
62	2	559
63	118	25.7132
64	106	38.051
65	52	62.9806
66	14	66.0423
67	39	102.296
68	188	32.1123
69	40	23.6771
70	12	37.1706
71	289	15.5712
72	180	33.8999
73	4316	7.29534
74	2420	2.68515
75	22	22.8545
76	579	10.3245
77	80	46.6572
78	20	80.8905
79	39	25.749
80	581	22.3663
81	5	108.587
82	933	23.1859
83	583	9.41298
84	54	60.1085
85	403	11.1784
86	54	57.1648
87	71	13.8341
88	104	9.6739
89	8	375.771
90	60	42.3961
91	35	132.38
92	257	50.8876
93	197	33.2519
94	409	17.2429
95	18	180.333
96	58	89.5751
97	17	115.832
98	239	10.4058
99	37	89.2271
100	397	21.5388
101	43	22.974
102	1097	4.09971
103	29	70.8302
104	8	128.272
105	505	17.897
106	282	5.39127
107	8	130.694
108	2	295.567
109	19	79.0914
110	21	102.773
111	1	0
112	41	95.6799
113	477	23.2249
114	373	12.0161
115	74880	1.84329
116	355	56.0409
117	8	65.851
118	58	50.9068
119	677	5.14562
120	19	53.4537
121	144	51.7177
122	74	46.0104
123	46	40.9077
124	9	43.9411
125	35	49.8347
126	74	79.4192
127	56	53.3824
128	69	38.7173
129	167	39.2273
130	34	48.7601
131	1	766.129
132	6944	2.01485
133	348	18.6222
134	103	18.7232
135	106	50.6811
136	5	113.341
137	234	27.8809
138	28	75.3238
139	138	25.8912
140	3422	6.11729
141	145	17.2885
142	104	18.8372
143	12	170.216
144	571	32.2635
145	827	9.6524
146	106	35.2477
147	92	33.0432
148	53	18.6702
149	700	5.70983
150	41	74.4548
151	112	90.7237
152	4	1077.44
153	32	161.456
154	120	12.4827
155	124	16.4221
156	712	12.9515
157	133	7.54078
158	17	133.636
159	57	26.8327
160	27	70.1849
161	2644	9.625
162	78	31.7318
163	20	47.9893
164	179	22.3423
165	30	53.3972
166	252	27.9597
167	3366	4.91818
168	190	81.8244
169	180	73.3936
170	36	42.5656
171	235	8.4932
172	53	62.8224
173	856	12.6916
174	560	13.4371
175	156	16.4822
176	39	12.7716
177	111	39.0834
178	94	38.3866
179	55	36.7418
180	128	90.1734
181	879	9.09431
182	335	14.8148
183	53	72.9401
184	45	48.7537
185	3	206.536
186	2	271.171
187	529	26.91
188	56	29.4292
189	17	269.917
190	105	102.155
191	9	59.7725
192	6869	8.74212
193	3396	4.71384
194	96	83.6105
195	1422	10.5507
196	6	70.7227
197	98	20.4167
198	282	10.7001
199	879	22.6493
200	346	30.2277
201	38	40.3924
202	57	87.0475
203	332	16.2778
204	1505	9.62961
205	127	91.4271
206	208	14.6564
207	9	163.883
208	69	15.0597
209	16	130.748
210	435	8.25147
211	3	109.702
212	44	25.0702
213	5	54.9291
214	113	39.411
215	1376	20.681
216	60	32.1995
217	236	22.982
218	686	8.79989
219	177	49.954
220	80	24.8287
221	39	127.855
222	284	8.75448
223	55	27.4201
224	66	54.4946
225	84	160.934
226	540	34.9209
227	220	34.6003
228	39	90.3008
229	1276	7.46299
230	8294	5.18361
231	9	233.881
232	889	18.5126
233	125	59.4137
234	58	72.4124
235	256	15.3312
236	21	209.073
237	47	21.9954
238	69	35.559
239	810	12.8571
240	32	63.2309
241	1160	4.32158
242	63	165.712
243	42	47.0323
244	120	16.7771
245	14	45.4836
246	9	415.291
247	19	127.057
248	71	28.3552
249	186	13.639
250	58	84.7819
251	161	18.9029
252	69	75.4009
253	115	86.5013
254	26	58.718
255	93	62.0269
256	30	70.1692
257	331	44.4129
258	42	97.5902
259	12	123.42
260	209	31.3743
261	38	103.632
262	41	12.4263
263	30	16.4925
264	11	60.8461
265	27	138.594
266	1132	11.019
267	33	14.8223
268	34	30.3401
269	15	121.391
270	14	82.1055
271	93	15.295
272	428	16.3822
273	542	9.28506
274	141	45.82
275	6	246.69
276	27	17.7894
277	50	41.6432
278	1860	13.0346
279	139	18.7256
280	288	20.619
281	159	48.1426
282	1759	9.71492
283	158	43.8026
284	1423	9.12895
285	350	22.8551
286	418	23.7393
287	8	232.762
288	465	44.1895
289	85	24.4774
290	362	16.643
291	50	29.8767
292	278	9.0214
293	802	7.4562
294	85	29.0908
295	203	17.1471
296	256	34.7815
297	379	14.4202
298	12	101.853
299	97	42.1415
300	16	135.572
301	4	297.479
302	8	462.607
303	148	34.1962
304	165	26.3771
305	9	107.091
306	46	55.6076
307	568	14.0728
308	366	13.3953
309	1492	8.78972
310	82	69.9305
311	6	85.0108
312	97	66.6396
313	81	70.2916
314	7	525.962
315	1	1181.49
316	78	106.142
317	1197	15.552
318	32	105.319
319	39	26.0508
320	396	5.05377
321	78	75.0568
322	359	50.9585
323	21	25.0285
324	9	193.514
325	156	12.8615
326	13	70.5099
327	11	48.1121
328	37	55.1002
329	326	7.64579
330	51	37.3011
331	202	32.2031
332	284	48.5351
333	50	99.4003
334	293	13.5712
335	145	64.1663
336	1805	4.41456
337	17	691.756
338	594	4.17068
339	22	50.2213
340	39	51.3125
341	1279	5.84166
342	91	11.2191
343	1199	4.98514
344	55	36.1051
345	64	115.607
346	82	56.2241
347	190	15.9136
348	654	20.7969
349	31	48.4098
350	15	33.6076
351	1284	19.1717
352	406	14.7367
353	335	25.1367
354	1631	7.9652
355	487	274.041
356	59	43.2059
357	1058	17.535
358	35	106.631
359	60064	3.92815
360	4	826.046
361	20	44.2128
362	169	49.4253
363	21	101.643
364	9	202.882
365	807	12.4611
366	1550	9.05194
367	16	88.1101
368	29	35.3027
369	33005	1.18145
370	37	79.6314
371	193	26.1371
372	61	54.2923
373	30	16.8526
374	1	491.982
375	25	100.899
376	691	12.4014
377	224	68.7417
378	88	55.7216
379	5	442.979
380	74	93.8553
381	280	9.03714
382	104	57.5462
383	12	40.8204
384	93	26.8014
385	42	74.4838
386	49	83.6711
387	80	44.3813
388	161	18.9362
389	160	15.8413
390	6	184.784
391	42	34.0732
392	41	12.5269
393	442	10.2412
394	93	51.6436
395	1	2589.08
396	71	13.6939
397	69	71.794
398	74	20.2279
399	0	inf
400	4	112.227
401	1031	10.1034
402	448	7.77224
403	137	14.414
404	74	13.6007
405	435	3.44849
406	5	36.0244
407	11	97.8373
408	41	37.6896
409	51	20.2476
410	8	375.534
411	2	229.65
412	27	70.4297
413	163	46.7413
414	75	51.2151
415	2077	4.5656
416	73	32.0811
417	33	62.7012
418	553	24.8323
419	275	21.9214
420	179	13.8606
421	17	173.169
422	3021	4.79198
423	976	15.7766
424	37	71.5766
425	106	28.8657
426	18	59.6227
427	88	50.7301
428	12	121.815
429	484	4.13476
430	6	63.9066
431	26	153.29
432	33	43.9554
433	5	180.11
434	23	112.2
435	26	86.1638
436	149	19.3476
437	35	47.3547
438	352	19.6971
439	59	63.3764
440	124	49.5326
441	1114	5.81499
442	731	6.17543
443	182	20.976
444	1714	16.9318
445	91	10.8827
446	634	9.49311
447	90	45.0341
448	13091	7.78693
449	22	46.0325
450	54	36.3562
451	33	38.9565
452	71	66.9734
453	134	22.677
454	833	5.98799
455	3332	3.00506
456	45	48.9685
457	97	44.2608
458	628	15.9583
459	45	98.4432
460	90	69.3138
461	25	149.053
462	420	28.6313
463	3	1126.09
464	88769	2.60788
465	2640	15.0105
466	40	26.5898
467	135	40.5475
468	37	28.3409
469	76	74.4395
470	16	102.036
471	805	14.3766
472	11	48.4378
473	152	26.8998
474	373	13.6533
475	119	25.4042
476	365	13.522
477	944	16.9565
478	46	51.2443
479	34	42.7744
480	144	17.4297
481	48	31.5292
482	60	16.0528
483	8	75.9265
484	164	12.7139
485	186	21.2532
486	30	87.7858
487	26	73.8547
488	35	83.6136
489	20	110.967
490	440	11.3642
491	49	77.5776
492	431	9.23884
493	812	16.7174
494	82	24.6703
495	138	28.3199
496	529	4.72422
497	51	46.5488
498	890	7.85847
499	1	1260.98
500	288	13.8261
501	27	18.3355
502	42	22.888
503	17	75.5691
504	271	27.8268
505	147	24.0949
506	13	74.3269
507	678	27.8873
508	169	38.7656
509	10	50.5566
510	180	43.2263
511	173	52.8158
512	2	271.754
513	49	114.452
514	15	33.8121
515	609	5.75768
516	170	26.6659
517	29	50.7461
518	238	29.5468
519	295	15.5407
520	56	115.096
521	336	10.5593
522	22	67.1604
523	47	31.7832
524	63	47.5363
525	108	38.6309
526	10	202.003
527	85	83.0351
528	177	34.7747
529	708	4.22479
530	466	15.0971
531	168	25.2017
532	23	63.9654
533	8691	10.3798
534	250	15.9465
535	102	9.61597
536	5	158.052
537	330	8.98261
538	76	26.8767
539	474	6.27683
540	267	18.5727
541	59	31.1489
542	179	44.5842
543	41	69.34
544	51	67.1603
545	989	31.3124
546	640	11.6812
547	18	264.605
548	24	70.4574
549	143	13.7108
550	2	326.725
551	69	28.8604
552	134	30.3301
553	411	12.2464
554	83	36.4145
555	37	72.3686
556	0	nan
557	3831	2.21873
558	19	158.008
559	1004	12.4747
560	467	26.9459
561	2	0
562	16	62.3186
563	58	53.9961
564	8840	7.81017
565	67	46.3787
566	23	318.601
567	29	74.6274
568	157	68.5195
569	51	72.2572
570	215	26.3606
571	27	74.8241
572	895	12.8716
573	18	245.77
574	208	83.5684
575	70	93.6776
576	115	26.6215
577	2898	10.8536
578	41	96.122
579	39	89.4232
580	19	58.9965
581	6	234.469
582	447	11.1382
583	3373	5.78135
584	23	157.786
585	520	16.9321
586	82	25.184
587	1714	10.1884
588	195	42.5665
589	179	29.4238
590	254	21.7533
591	1070	19.8426
592	105	57.6105
593	127	57.6538
594	61257	4.19117
595	124	55.3669
596	30	43.7513
597	214	18.4859
598	177	30.4166
599	63	66.2731
600	92	40.6753
601	159	43.1982
602	265	29.874
603	4	130.788
604	1273	13.722
605	70	67.0259
606	91	16.0036
607	97	40.6075
608	156	32.3703
609	43	77.5059
610	1148	6.91177
611	135	7.38567
612	14	112.698
613	21	142.993
614	1	3713.49
615	9	37.056
616	6469	3.70492
617	430	33.001
618	105	44.7913
619	350	25.647
620	15	59.7827
621	24	16.0155
622	78	25.8914
623	1180	12.6619
624	286	13.9392
625	223	48.6611
626	8	133.579
627	0	nan
628	17	71.367
629	49	43.3716
630	31	142.312
631	30	102.194
632	121	16.4248
633	161	19.1216
634	42	22.076
635	13	281.452
636	134	68.0812
637	326	12.3779
638	33	43.8572
639	42	48.2869
640	126	23.3766
641	3	59.5858
642	183	42.5988
643	63	69.1995
644	17	243.982
645	17	108.807
646	176	25.0213
647	16	145.228
648	22	22.005
649	88	26.9043
650	61	40.2362
651	38	26.0132
652	65	98.8337
653	613	8.90544
654	122	28.7601
655	162	19.0626
656	31233	2.53029
657	434	4.59805
658	2856	12.0553
659	6	184.298
660	1	1654.88
661	194	31.0804
662	163	18.8355
663	52	42.9813
664	155	39.7648
665	23	47.2932
666	240	26.8398
667	460	18.7178
668	56	18.0117
669	144	16.9171
670	493	18.1629
671	34	90.7962
672	1792	13.6157
673	62	40.4384
674	25	61.7053
675	885	18.0721
676	367	4.09287
677	210	24.3869
678	7	75.6302
679	20	157.666
680	154	30.4581
681	162	15.4464
682	65	48.1237
683	25	132.615
684	356	31.2864
685	108	33.9168
686	420	35.1624
687	37	91.401
688	55	18.3732
689	107	61.5596
690	23	81.9161
691	32	125.42
692	50	140.873
693	11	97.5608
694	344	23.0708
695	28	54.6683
696	81	43.4859
697	30	69.2591
698	19	280.302
699	45	31.7363
700	80	39.858
701	150	54.5468
702	306	26.0734
703	23	62.359
704	535	10.9877
705	10	67.0913
706	19	90.3505
707	66	64.5776
708	46	44.7375
709	22198	2.68053
710	9500	4.3168
711	16	84.2601
712	24	125.839
713	42	109.372
714	103	40.5327
715	323	10.8646
716	1955	5.87565
717	156	37.277
718	5	426.278
719	111	59.958
720	165	35.2242
721	28	40.6002
722	28	134.885
723	2	367.972
724	74	41.5319
725	35	70.276
726	161	89.8274
727	59	8.53544
728	7	70.6489
729	176	11.1067
730	43	88.9439
731	31	61.6774
732	61	24.9502
733	213	16.5703
734	122	33.5715
735	61	120.864
736	10	400.152
737	133	29.6153
738	202	36.8213
739	48	103.573
740	25	50.5318
741	513	24.5635
742	20	318.975
743	10212	2.59631
744	84	41.353
745	232	62.0109
746	350	21.4016
747	10	69.6982
748	224	51.3564
749	9	344.082
750	115	26.6244
751	51	101.332
752	179	22.4005
753	139	45.9297
754	53	44.589
755	117	34.1472
756	37	74.3423
757	148	17.0132
758	296	17.2057
759	892	8.98002
760	224	24.4363
761	273	37.6102
762	9	63.0575
763	25	39.9013
764	1417	13.3275
765	295	15.0835
766	297	15.3653
767	24	94.2121
768	49	104.913
769	20	49.2705
770	29	67.1375
771	50	71.1018
772	7	187.198
773	79	12.6406
774	829	10.248
775	323	17.329
776	906	8.25347
777	71	36.7048
778	10	155.862
779	68	64.7833
780	6	430.925
781	15	148.861
782	1517	17.4131
783	30	168.822
784	25	20.5778
785	125	35.0477
786	6	237.754
787	3	379.65
788	23	87.9603
789	260	28.1131
790	497	19.4287
791	718	16.1131
792	301	44.4411
793	168	20.3959
794	34	51.6106
795	7	325.358
796	11	131.293
797	1876	6.94643
798	114	34.6347
799	47	43.4691
800	19	46.3851
801	10	59.2344
802	655	29.9858
803	22	87.7055
804	13	120.069
805	4069	6.03872
806	39	177.225
807	119	96.1876
808	537	13.1412
809	1	656.23
810	352	37.5804
811	519	30.9594
812	24	119.126
813	54	77.7802
814	3070	4.56166
815	1956	12.835
816	12	127.28
817	68	114.946
818	87692	2.59375
819	306	9.88195
820	10	137.564
821	408	14.4248
822	23	38.6856
823	69	62.4715
824	50	54.4209
825	21	133.272
826	316	28.2068
827	123	45.5835
828	83	82.7571
829	2083	30.3013
830	93	21.0902
831	542	11.9572
832	147	13.5066
833	15	76.0405
834	7	170.246
835	534	21.1849
836	93	83.1031
837	97	43.3138
838	39	57.9816
839	20	349.308
840	7	365.974
841	5	848.658
842	27	60.0759
843	48	30.549
844	14	40.8876
845	491	31.5393
846	34	28.2615
847	2168	17.7364
848	8	62.5404
849	1724	4.06353
850	131	67.7268
851	55	68.0508
852	15	67.8704
853	35	27.3705
854	486	7.1885
855	3	112.868
856	25	80.6312
857	157	46.8276
858	183	33.1124
859	42	129.844
860	2938	8.81323
861	52	47.8188
862	30	84.3884
863	15	107.917
864	14	277.816
865	119	32.8476
866	12352	1.78136
867	686	9.57796
868	146	34.2929
869	27	73.6665
870	102	66.9313
871	21	68.6469
872	369	22.4397
873	44	33.2941
874	42	72.802
875	13	110.595
876	69	14.7074
877	14	113.846
878	47	32.0966
879	108	92.4189
880	91	31.4432
881	426	24.357
882	16	144.768
883	20	114.176
884	254	15.7849
885	5	36.4424
886	80	17.9329
887	11	40.8658
888	158	30.8184
889	67	84.9927
890	217	48.4471
891	119	90.8198
892	48	69.1596
893	4	219.934
894	44	45.824
895	959	5.2239
896	60	39.7578
897	31	34.765
898	64	32.1885
899	194	47.588
900	3398	2.64625
901	416	7.26523
902	171	11.7054
903	2148	5.10187
904	116	30.7022
905	40	25.5157
906	57	34.8412
907	139	17.9438
908	985	10.7165
909	34	28.1748
910	726	3.43701
911	198	27.1246
912	80	26.7191
913	1106	11.9879
914	23	41.0458
915	144	24.3266
916	49	29.6546
917	1020	14.2755
918	544	15.224
919	66	73.0076
920	26	125.744
921	218	137.718
922	33	48.548
923	118	32.7688
924	138	68.8154
925	5	472.022
926	31513	2.03109
927	123	15.893
928	2196	5.00185
929	13	85.5189
930	325	6.18417
931	7368	1.76503
932	12180	5.17128
933	61	101.428
934	19	50.9974
935	124	19.7431
936	51	48.7719
937	26683	1.57375
938	113	70.8729
939	617	8.91563
940	193	45.842
941	495	27.579
942	380	10.5968
943	34	44.727
944	249	35.4895
945	311	12.7533
946	183	38.4201
947	2328	10.2919
948	64	72.9345
949	8	154.15
950	40	45.6098
951	19	117.649
952	110	84.4726
953	124	7.8088
954	19	119.394
955	4	121.14
956	156	15.5068
957	19	120.902
958	19	89.4127
959	481	7.31413
960	916	45.1035
961	11	255.988
962	67	43.8464
963	1095	8.68476
964	416	13.3221
965	10	236.22
966	481	20.7337
967	16	112.214
968	23	62.1973
969	10241	4.34428
970	89	35.1392
971	959	5.7281
972	12	163.35
973	54	53.0317
974	1	1429.6
975	95	67.7383
976	46	64.9814
977	75	46.5148
978	3821	8.23319
979	30	84.1681
980	19	57.7319
981	216	41.3008
982	83	59.8975
983	1251	11.5635
984	1	867.978
985	507	9.88265
986	482	25.7515
987	130	11.47
988	164	18.4841
989	1651	4.55483
990	947	12.0738
991	17	26.3174
992	143	7.04626
993	537	14.7903
994	50	92.4308
995	58	46.6517
996	9	54.8471
997	1	1430.53
998	577	7.89005
999	2321	2.36525
1000	483	7.18306
1001	33	44.3449
1002	65	75.4196
1003	25	60.4775
1004	501	12.9447
1005	2258	6.41197
1006	163	53.89
1007	430	17.6255
1008	16	192.462
1009	443	13.3952
1010	53	35.5361
1011	1354	42.1565
1012	365	59.5553
1013	2110	4.27968
1014	145	14.3366
1015	23	39.6279
1016	1	237.571
1017	30	120.873
1018	830	7.23881
1019	648	5.44101
1020	84	17.5816
1021	19	58.3982
1022	199	20.529
1023	6472	3.71073
1024	319	21.6735
1025	29	50.654
1026	144	90.0622
1027	123	47.165
1028	574	7.85085
1029	330	18.2412
1030	2321	3.23047
1031	68	38.4949
1032	88	10.8433
1033	416	8.27126
1034	1271	3.13924
1035	622	15.1166
1036	4	105.179
1037	1029	26.2582
1038	95	43.3525
1039	128	46.1773
1040	654	10.6479
1041	67	37.3072
1042	154	42.1963
1043	67	30.0271
1044	18	80.823
1045	333	11.9701
1046	14	37.7973
1047	952	8.46848
1048	36	65.6134
1049	47	32.7746
1050	38	497.059
1051	47	59.25
1052	115	27.3435
1053	60	31.3608
1054	1158	4.75108
1055	230	23.7305
1056	54	54.8177
1057	133	11.3857
1058	1311	16.8131
1059	222	39.689
1060	17	106.767
1061	34586	2.48707
1062	1	690.774
1063	416	14.5254
1064	90	38.054
1065	36	26.3966
1066	15	32.261
1067	14	85.0416
1068	219	38.569
1069	1997	10.5486
1070	4	326.628
1071	983	18.8206
1072	58	44.4715
1073	62	24.2805
1074	59	25.9144
1075	14	100.344
1076	24	166.3
1077	364	8.31524
1078	154	28.9806
1079	20	120.842
1080	57	26.4941
1081	3025	2.47859
1082	17	61.3981
1083	29	104.56
1084	67	69.4474
1085	28	109.783
1086	48	32.4175
1087	23	61.4333
1088	24	87.0002
1089	15	204.791
1090	121	41.0012
1091	27	76.6334
1092	21	75.4733
1093	4698	14.2101
1094	1120	5.33992
1095	1	1027.5
1096	617	8.84591
1097	301	36.005
1098	38	82.2263
1099	33	59.1047
1100	271	28.2184
1101	1463	14.4827
1102	5	190.346
1103	43	46.7927
1104	1045	6.71132
1105	72	35.5486
1106	1195	3.35548
1107	95	31.7244
1108	718	16.8321
1109	1029	3.89562
1110	24	40.2358
1111	614	7.40703
1112	82	37.37
1113	12	80.0674
1114	343	67.1001
1115	19	332.252
1116	153	64.4233
1117	35	67.5636
1118	8	60.1692
1119	724	9.05154
1120	1772	13.2113
1121	48	31.6023
1122	218	11.476
1123	8886	8.22535
1124	35	113.227
1125	225	42.8287
1126	22	87.7615
1127	0	nan
1128	875	16.5891
1129	69	57.3967
1130	184	19.2477
1131	745	20.6487
1132	31	120.159
1133	49	39.4624
1134	103	23.4756
1135	190	37.9096
1136	377	23.6025
1137	9	68.5544
1138	66	60.9597
1139	38	52.3018
1140	45	22.2362
1141	2	297.336
1142	78	71.6947
1143	103	28.2661
1144	39	97.6245
1145	11	32.7877
1146	8	394.24
1147	154599	1.69069
1148	237	19.044
1149	46	32.3756
1150	116	52.4975
1151	10	112.873
1152	22	48.6649
1153	216	23.1279
1154	101	51.4721
1155	93	25.0561
1156	22	74.2389
1157	251	23.2533
1158	32	101.569
1159	386	5.13578
1160	785	15.97
1161	222	11.4114
1162	898	16.1483
1163	365	4.10328
1164	247	32.681
1165	176	55.4475
1166	18	96.7861
1167	23	76.1903
1168	69	93.8061
1169	3	203.08
1170	3976	8.02462
1171	1161	12.0252
1172	666	7.46885
1173	594	36.3197
1174	22	70.311
1175	51	18.5208
1176	52	45.9782
1177	30	139.756
1178	86	5.80919
1179	168	33.3073
1180	624	19.387
1181	31	132.983
1182	153	33.0712
1183	14	62.7515
1184	112	26.5387
1185	563	9.83864
1186	85	32.3995
1187	250	29.7499
1188	1271	8.66293
1189	798	6.27783
1190	96	15.8275
1191	936	12.5312
1192	125	27.419
1193	186	21.0575
1194	355	27.4352
1195	610	11.5113
1196	115	38.7161
1197	20	113.779
1198	93	35.6385
1199	493	31.8131
1200	106	9.54976
1201	113	30.8118
1202	3183	13.1962
1203	664	20.9512
1204	68	37.0538
1205	1379	7.94905
1206	11	129.853
1207	23	40.742
1208	117	24.464
1209	11	40.8293
1210	73	28.0743
1211	24	44.249
1212	74	27.8791
1213	826	17.2123
1214	1473	8.82408
1215	34	28.9565
1216	29	90.0023
1217	19	152.504
1218	104	37.6914
1219	20	24.7374
1220	47	53.9945
1221	45	90.9491
1222	103	92.0424
1223	104	52.0936
1224	3	190.46
1225	13	124.619
1226	268	32.8783
1227	84	44.2621
1228	255	11.7077
1229	155	49.3273
1230	15	196.458
1231	2344	5.12175
1232	3440	6.66949
1233	39	82.2331
1234	50	103.904
1235	155	38.9221
1236	6	787.551
1237	162	48.3985
1238	80	38.61
1239	35	107.97
1240	195	31.2773
1241	41077	6.4316
1242	16	187.314
1243	34	14.7677
1244	33	189.659
1245	397	7.52686
1246	92	38.467
1247	54	97.2907
1248	14	56.9372
1249	8	519.085
1250	21	253.879
1251	58	50.6839
1252	11	116.802
1253	23	70.1004
1254	24	72.3103
1255	1	2097.5
1256	27	192.983
1257	873	18.1612
1258	34	70.6877
1259	152	30.0671
1260	52	88.4515
1261	411	12.0942
1262	32	91.8944
1263	94	85.0309
1264	30	59.1106
1265	51	39.9457
1266	107	70.7268
1267	43	35.3731
1268	80	53.2889
1269	127	32.3979
1270	165	56.3666
1271	172	17.1689
1272	82	18.2484
1273	18	98.4358
1274	154	25.1502
1275	69	120.576
1276	1118	9.84736
1277	125	44.7464
1278	2265	7.05287
1279	62	39.2942
1280	39	56.3251
1281	49	69.1052
1282	9	44.6054
1283	291	29.457
1284	1139	15.6667
1285	37	71.8358
1286	624	12.1965
1287	88	38.9821
1288	47	10.8041
1289	211	19.115
1290	13	74.4577
1291	92	21.9647
1292	276	17.9402
1293	34	133.738
1294	100	34.9931
1295	201	27.5976
1296	36	52.6627
1297	8	42.7386
1298	72	32.7006
1299	578	23.3852
1300	210	4.8025
1301	48	61.5797
1302	138	56.6871
1303	734	8.12954
1304	6	93.164
1305	111	27.6693
1306	34	90.2292
1307	504	27.166
1308	2	259.65
1309	61	16.3064
1310	68	47.9913
1311	18	99.0689
1312	19	259.672
1313	318	24.6477
1314	1702	4.70091
1315	115	97.6516
1316	60	71.6001
1317	30	97.8395
1318	58	78.9539
1319	4605	3.47718
1320	56	27.0498
1321	44	129.507
1322	106	74.5732
1323	4	557.033
1324	20	110.875
1325	37	80.4412
1326	44	113.73
1327	137	26.0272
1328	62	16.353
1329	245	33.1919
1330	1775	4.78624
1331	30	51.5454
1332	89	28.1018
1333	54	39.3609
1334	54	55.6662
1335	81	24.8741
1336	74	40.9055
1337	3256	6.58292
1338	124	81.0829
1339	75665	3.01967
1340	620	7.96714
1341	16	51.6007
1342	281	75.7663
1343	85	41.3549
1344	7568	2.57746
1345	414	9.62505
1346	52	84.1311
1347	45	57.0883
1348	59	42.7231
1349	43	89.7554
1350	15	127.587
1351	130	30.2222
1352	263	3.80405
1353	355	9.77752
1354	111	13.2761
1355	19	49.9119
1356	44	91.0682
1357	78	12.8372
1358	1680	8.3086
1359	162	36.9927
1360	11	485.258
1361	1068	9.83924
1362	24	122.065
1363	1	675.688
1364	106	56.6062
1365	654	14.5078
1366	51	61.8417
1367	436	11.454
1368	17	173.211
1369	521	5.76724
1370	89	22.1721
1371	563	22.1031
1372	562	7.07337
1373	197	27.6548
1374	186	58.6015
1375	2408	4.98221
1376	2	338.141
1377	4	121.644
1378	35	122.354
1379	23	65.5476
1380	70	66.4278
1381	481	17.5304
1382	171	26.7277
1383	28	56.9579
1384	2	309.237
1385	13	193.076
1386	32	100.492
1387	77	94.9137
1388	392	42.5151
1389	103	59.6366
1390	2470	5.88157
1391	1482	29.1351
1392	55	190.671
1393	45	11.3884
1394	25	94.1632
1395	76	71.9666
1396	109	29.6996
1397	103	80.5227
1398	114	42.0253
1399	174	14.2893
1400	919	19.547
1401	105	47.3699
1402	90	22.9758
1403	275	30.543
1404	5	482.447
1405	963	24.4455
1406	533	8.33303
1407	20	44.8747
1408	32	73.4806
1409	127	20.1305
1410	25	86.1434
1411	105	24.2536
1412	144	93.8133
1413	1	605.929
1414	220	37.176
1415	0	nan
1416	1426	11.255
1417	166	14.7427
1418	88	39.704
1419	288	17.2772
1420	2258	9.65611
1421	418	18.3359
1422	95	21.8974
1423	124	58.7297
1424	16	55.8679
1425	1325	4.90597
1426	29	71.0194
1427	16	214.602
1428	16	46.5879
1429	468	9.60703
1430	132	14.7148
1431	828	12.5274
1432	54	47.1629
1433	274	31.1585
1434	23	76.135
1435	3405	5.99517
1436	1132	3.09544
1437	5	110.575
1438	650	8.47066
1439	94	32.3422
1440	163	21.8384
1441	6	156.959
1442	399	17.4593
1443	160	28.7093
1444	83	12.2735
1445	14	103.72
1446	501	11.0292
1447	10	96.0098
1448	10	98.546
1449	10	335.958
1450	47	86.5164
1451	66	82.7708
1452	136	55.5783
1453	412	16.0794
1454	47	10.6784
1455	654	10.8287
1456	525	17.0615
1457	530	36.9121
1458	13500	2.74047
1459	650	14.5281
1460	20	107.497
1461	1009	7.94887
1462	10	322.864
1463	4	349.569
1464	122	27.7415
1465	299	26.0742
1466	67	95.0914
1467	28	112.607
1468	59	25.6979
1469	236	39.3643
1470	395	21.4167
1471	292	10.3564
1472	13	64.6496
1473	1567	15.5363
1474	10	43.3286
1475	21	43.6879
1476	1287	6.17727
1477	65	23.3877
1478	124	46.4352
1479	59	60.1981
1480	74	59.898
1481	17	60.9155
1482	1548	14.9084
1483	27	79.9299
1484	23	280.116
1485	4	394.837
1486	173	65.6435
1487	31	78.952
1488	177	44.4764
1489	24	116.28
1490	464	32.0966
1491	71	55.5564
1492	374	21.3034
1493	11	93.9012
1494	411	29.4956
1495	8	109.834
1496	11	104.613
1497	597	7.53542
1498	52	99.1813
1499	20	99.4488
1500	1715	3.78619
1501	301	9.80432
1502	20	83.9348
1503	3968	6.43144
1504	102	94.1725
1505	448	15.7083
1506	2831	4.4205
1507	114	51.9427
1508	19	181.505
1509	103	38.2551
1510	243	76.5787
1511	52	19.0898
1512	42	34.6431
1513	35	14.3568
1514	592	17.3091
1515	162	30.9976
1516	34	131.225
1517	115907	3.80838
1518	0	nan
1519	17	189.309
1520	37	143.437
1521	16	88.7425
1522	79	172.09
1523	12	98.6015
1524	9	143.042
1525	25	34.0457
1526	295	10.1987
1527	3	103.554
1528	1817	3.02778
1529	0	inf
1530	7	115.535
1531	35	75.7957
1532	29	150.777
1533	96	55.0053
1534	24	183.226
1535	84	91.6924
1536	26	170.892
1537	171	103.808
1538	4715	5.62505
1539	588	16.9274
1540	799	4.991
1541	34	37.8567
1542	198	5.01205
1543	14	122.091
1544	40	148.645
1545	157	51.5666
1546	2258	8.40193
1547	644	17.1454
1548	3	158.775
1549	51	46.3449
1550	410	7.36158
1551	1601	8.80599
1552	252	27.616
1553	38	66.7565
1554	360	19.4734
1555	64	60.9057
1556	16	113.525
1557	84	36.0578
1558	42	56.9243
1559	104	14.1683
1560	155	9.68853
1561	44	44.1723
1562	27	72.9373
1563	143	13.8667
1564	209	35.1154
1565	134	29.2526
1566	1080	10.6119
1567	51	47.6306
1568	1710	9.1329
1569	713	30.3431
1570	157	19.2242
1571	109	45.7931
1572	423	9.50222
1573	265	18.8898
1574	48	10.4471
1575	242	30.581
1576	202	34.9063
1577	2030	10.8663
1578	313	23.3362
1579	18	155.682
1580	1059	10.3747
1581	123	110.137
1582	44	34.8209
1583	132	26.101
1584	24	198.887
1585	23620	2.66674
1586	12	163.739
1587	41	48.3471
1588	28	52.3986
1589	132	35.0803
1590	6	188.812
1591	1	390.26
1592	541	19.3286
1593	29	34.0525
1594	107	32.801
1595	52	20.0274
1596	82	92.2855
1597	37	25.7934
1598	485	18.9225
1599	3445	9.26471
1600	75	61.8554
1601	8	429.863
1602	38	26.3268
1603	6	71.202
1604	21	81.8125
1605	10	345.426
1606	268	7.44025
1607	40	82.6572
1608	192	10.4288
1609	192	10.3585
1610	35	54.0118
1611	145	36.8323
1612	113	65.5279
1613	134	32.315
1614	70	20.8349
1615	81	35.6312
1616	85	29.0934
1617	62	49.957
1618	15	131.848
1619	3	631.557
1620	598	22.9742
1621	261	39.969
1622	305	10.0301
1623	2797	5.36999
1624	8	162.932
1625	199	29.6703
1626	476	42.8917
1627	35	199.788
1628	134	18.8157
1629	848	24.5467
1630	97	120.683
1631	149	53.7918
1632	1315	10.3068
1633	4056	5.16921
1634	107	46.2923
1635	562	13.3468
1636	226	32.2453
1637	724	10.4139
1638	38	70.6814
1639	5	210.811
1640	17	104.105
1641	477	9.40744
1642	42	46.9544
1643	16	91.1163
1644	43	74.4838
1645	44	43.3435
1646	24	145.389
1647	381	23.3866
1648	1	636.94
1649	7	130.484
1650	12	132.328
1651	104	69.5603
1652	16	149.759
1653	87	75.3852
1654	302	59.6303
1655	6	104.617
1656	19	57.9463
1657	340	16.2933
1658	2	672.529
1659	2836	5.27605
1660	233	26.8296
1661	2640	5.51262
1662	4	111.353
1663	89	85.6204
1664	65	39.4495
1665	452	12.1526
1666	460	16.4282
1667	20834	1.91998
1668	9	124.704
1669	48	165.338
1670	106	115.043
1671	48	74.3121
1672	483	15.5922
1673	237	60.5363
1674	13	175.148
1675	52	19.9399
1676	72	20.4953
1677	96	53.1207
1678	1687	8.66347
1679	7	305.396
1680	101	76.452
1681	54	17.7974
1682	57	46.1673
1683	1638	5.46881
1684	26	37.7928
1685	1128	4.87179
1686	40	194.9
1687	65	37.566
1688	650	17.1019
1689	7	414.893
1690	228	24.1581
1691	348	29.2661
1692	200	19.7739
1693	82	124.581
1694	22	48.8097
1695	941	23.0268
1696	7	44.6765
1697	8	156.028
1698	220	11.3869
1699	269	9.26569
1700	184	74.0014
1701	148	19.4149
1702	46	30.8774
1703	647	8.4527
1704	1050	4.77784
1705	697	30.4883
1706	62	16.2231
1707	18	120.35
1708	5	389.27
1709	17	264.231
1710	49	32.6668
1711	92	22.3517
1712	8160	2.94063
1713	22	108.944
1714	155	22.5945
1715	1457	11.0128
1716	330	23.7187
1717	230	46.0537
1718	410	20.8426
1719	15	145.622
1720	429	12.8353
1721	10	332.313
1722	339	29.3275
1723	110	52.9269
1724	1676	16.6056
1725	108	42.3858
1726	190	18.0993
1727	79	93.2702
1728	22	120.917
1729	115	40.6171
1730	593	24.9631
1731	6	91.1884
1732	29	66.758
1733	227	15.3413
1734	118	69.7271
1735	24	70.1131
1736	36	65.9371
1737	19	128.077
1738	138	22.1798
1739	60	70.8814
1740	69	40.1598
1741	312	57.881
1742	116	83.9266
1743	389	30.9392
1744	94	16.1372
1745	11	257.32
1746	28	102.393
1747	1164	4.29282
1748	332	22.4749
1749	55	9.11248
1750	37	35.8758
1751	11	91.9141
1752	9	143.37
1753	138	25.8407
1754	10	561.875
1755	94	25.2947
1756	11	147.277
1757	41	24.3628
1758	3206	7.78501
1759	46	164.085
1760	28	18.2744
1761	381	29.4521
1762	22	93.1941
1763	31	44.197
1764	127	19.2864
1765	7	93.8599
1766	11	90.2151
1767	22	49.9096
1768	9	62.8442
1769	75	54.8686
1770	30	35.4321
1771	12	96.8135
1772	305	19.6298
1773	5	70.7562
1774	154	12.9556
1775	111	9.21701
1776	11	161.438
1777	79	25.7724
1778	167	47.5644
1779	135	30.0387
1780	38	13.187
1781	135	56.2982
1782	334	15.2152
1783	57	44.9177
1784	109	83.236
1785	167	65.7851
1786	154	19.1581
1787	139	14.2084
1788	88	72.3743
1789	15	237.442
1790	682	12.9901
1791	22	83.1559
1792	174	19.7139
1793	59	35.3016
1794	160	28.0016
1795	4	978.503
1796	11	173.209
1797	68	7.43042
1798	1019	4.40389
1799	191	15.2726
1800	411	36.1009
1801	179	8.29679
1802	174	49.6116
1803	16	84.6177
1804	96	58.9053
1805	293	29.1442
1806	71	43.5539
1807	520	20.1507
1808	579	13.9572
1809	30	77.7483
1810	355	33.007
1811	85	16.885
1812	58	17.4219
1813	26	86.33
1814	12	229.041
1815	1255	6.41019
1816	37	120.482
1817	21	43.8278
1818	1244	8.83024
1819	59	88.8916
1820	16	92.3492
1821	23	44.9661
1822	46	86.9902
1823	18	76.1001
1824	17	215.529
1825	146	41.2461
1826	9	112.266
1827	101	46.2011
1828	154	44.2389
1829	9	232.722
1830	6	548.3
1831	22	106.22
1832	27	64.6358
1833	218	9.23105
1834	30	95.533
1835	62	44.2535
1836	258	21.1778
1837	104	18.3208
1838	78	19.3258
1839	364	19.8816
1840	112	78.7215
1841	5	245.457
1842	144	39.2455
1843	34	27.0865
1844	45	43.8588
1845	121	24.2994
1846	42	35.8137
1847	558	5.38255
1848	52	70.6208
1849	23	68.4619
1850	11	46.2623
1851	38	111.224
1852	49	40.5443
1853	2	257.527
1854	53	42.1169
1855	4	59.3031
1856	1	336.343
1857	13	221.822
1858	6	99.0897
1859	353	14.2621
1860	582	12.9051
1861	18	182.785
1862	16	144.316
1863	28	74.5488
1864	1036	15.3277
1865	36	122.521
1866	26	40.4008
1867	378	25.6134
1868	26	180.682
1869	170	11.8564
1870	965	4.67527
1871	1519	10.1694
1872	352	37.1967
1873	853	9.98927
1874	92	51.4078
1875	47	115.504
1876	12	80.0462
1877	75	34.5368
1878	9	109.533
1879	234	14.8909
1880	41	88.9774
1881	48	120.802
1882	41	75.2598
1883	9	182.811
1884	577	27.9127
1885	968	17.0075
1886	439	20.2974
1887	19	131.434
1888	833	29.7569
1889	17	29.3365
1890	1356	7.71675
1891	36	84.6636
1892	65	70.9351
1893	9	123.198
1894	43	95.5274
1895	8685	2.07099
1896	7	290.242
1897	42	23.7492
1898	44	46.0025
1899	3364	4.45785
1900	1334	9.38547
1901	53	79.359
1902	354	14.1121
1903	206	7.21338
1904	809	4.9527
1905	387	20.2173
1906	53	48.451
1907	501	28.0343
1908	1385	12.9036
1909	104	59.5139
1910	125	83.555
1911	627	9.54672
1912	101	34.7473
1913	14	111.895
1914	88631	3.85578
1915	391	26.1092
1916	17	27.6122
1917	364	51.2414
1918	22	101.134
1919	24	101.77
1920	114	50.4698
1921	58	52.7821
1922	88	28.0555
1923	8	67.6087
1924	14	111.621
1925	114	26.0032
1926	7	333.251
1927	21	49.3973
1928	41	25.3958
1929	1	1149.25
1930	889	15.6751
1931	71	65.3154
1932	87	88.6141
1933	29	102.966
1934	38	69.188
1935	2073	4.59102
1936	914	9.29103
1937	96	32.647
1938	79	67.3989
1939	1390	5.36949
1940	1757	13.2729
1941	331	7.54163
1942	34	60.8749
1943	367	10.769
1944	527	11.3686
1945	25	109.778
1946	178	19.5609
1947	8	63.6922
1948	331	7.52223
1949	7	314.945
1950	1	984.523
1951	29	78.8812
1952	31	103.496
1953	37	84.0457
1954	56	37.3935
1955	535	6.58273
1956	1207	4.5563
1957	22	39.9989
1958	401	2.49893
1959	97	46.013
1960	146	39.2429
1961	162	39.5966
1962	16	80.1183
1963	7	53.1769
1964	165	20.9854
1965	244	32.2717
1966	273	27.8261
1967	73	19.6456
1968	279	26.1972
1969	18	52.2727
1970	1023	4.88145
1971	504	45.6228
1972	98	15.3825
1973	2	671.243
1974	322	12.418
1975	164	34.2703
1976	896	7.78472
1977	2138	6.36104
1978	407	50.4243
1979	183	29.1199
1980	259	21.0793
1981	231	39.764
1982	155	29.3546
1983	728	4.77879
1984	545	10.2013
1985	114	26.793
1986	28	119.444
1987	1166	5.98971
1988	15	91.9919
1989	42	36.3003
1990	27	36.6109
1991	134	11.092
1992	154	44.1216
1993	119	56.6053
1994	248	27.9696
1995	127	77.2205
1996	100	39.5336
1997	52	82.0547
1998	11942	3.68428
1999	2323	14.628
2000	28	70.9495
2001	81	38.2418
2002	9	98.4512
2003	154	42.2222
2004	143	67.4887
2005	280	10.7406
2006	457	13.044
2007	3	41.6985
2008	612	6.61456
2009	21	100.63
2010	66349	3.56481
2011	332	17.7957
2012	9	169.935
2013	4	712.469
2014	83	17.9017
2015	52	71.4765
2016	288	10.5565
2017	31	81.3204
2018	1648	5.16095
2019	22	341.806
2020	26	38.4423
2021	9	127.143
2022	2365	15.0066
2023	5	256.54
2024	153	23.3819
2025	298	32.4433
2026	32	48.704
2027	962	19.7536
2028	5	462.087
2029	646	17.0991
2030	747	11.3605
2031	86	30.426
2032	52	81.8353
2033	411	17.0782
2034	155	51.6037
2035	9	103.654
2036	16	73.0792
2037	34	77.7831
2038	1020	11.6578
2039	27	88.6504
2040	12	109.111
2041	1397	6.05514
2042	14	86.7531
2043	69	33.7461
2044	31	56.7472
2045	9	87.8434
2046	125	60.6526
2047	23	56.524
2048	1312	8.7953
2049	26	19.4908
2050	79	127.847
2051	69	65.5652
2052	306	17.9248
2053	101	14.9082
2054	7	336.932
2055	7	61.3306
2056	12	167.257
2057	138	17.9341
2058	518	23.31
2059	199	25.1219
2060	82	12.3604
2061	89	22.812
2062	30	72.7234
2063	209	38.7582
2064	15	162.315
2065	170	17.8602
2066	111	44.3729
2067	1575	5.39692
2068	720	9.72366
2069	63213	4.47742
2070	25	90.6981
2071	685	16.6587
2072	73	33.2423
2073	90596	4.5095
2074	19	26.3714
2075	11	49.4061
2076	478	26.0855
2077	2448	7.77069
2078	70	47.3207
2079	285	15.5854
2080	7	72.773
2081	85	49.5665
2082	40	130.324
2083	17	110.225
2084	28	100.326
2085	595	24.6684
2086	257	35.0361
2087	375	3.98982
2088	577	12.1272
2089	359	11.1234
2090	59	46.8722
2091	3	190.85
2092	208	49.0689
2093	133	15.1672
2094	41895	1.3007
2095	13	168.688
2096	410	36.1323
2097	6	82.7065
2098	192	20.9561
2099	84	74.9426
2100	65	44.5965
2101	36	14.3135
2102	62	55.3321
2103	43	34.4237
2104	188	45.7437
2105	154	39.6809
2106	45	37.1536
2107	4264	5.16385
2108	165	31.5976
2109	589	29.4203
2110	1192	10.921
2111	24	56.6221
2112	82	97.0766
2113	77	38.7069
2114	177	19.5591
2115	281	37.4755
2116	64	23.5544
2117	213	16.2317
2118	4	769.188
2119	25	64.4862
2120	40	84.7848
2121	643	10.0818
2122	928	8.06791
2123	911	7.65424
2124	20	106.174
2125	497	10.1919
2126	1106	9.07532
2127	176	42.7506
2128	344	31.1665
2129	462	25.593
2130	36	77.7161
2131	43	11.6566
2132	56	71.7511
2133	272	20.5526
2134	100976	3.96625
2135	220	34.7065
2136	10	139.847
2137	1175	10.2425
2138	0	inf
2139	23	60.6501
2140	128	68.7653
2141	606	9.13371
2142	23	50.0171
2143	432	15.8643
2144	1137	13.098
2145	4	134.995
2146	35	115.563
2147	67	30.5779
2148	9	391.201
2149	62	101.264
2150	465	55.7643
2151	226	15.4559
2152	93	62.3961
2153	210	14.4933
2154	88	52.3874
2155	396	28.1063
2156	2	91.2192
2157	42	48.6743
2158	100	40.2267
2159	1796	2.78142
2160	122	17.2777
2161	34	50.1129
2162	237	32.035
2163	1884	12.0325
2164	5	110.605
2165	18	47.4595
2166	5	227.959
2167	2	188.596
2168	17	160.923
2169	245	24.1159
2170	35	63.6199
2171	32	202.539
2172	367	17.7666
2173	179	36.837
2174	370	31.9477
2175	36	81.1059
2176	476	5.2254
2177	2138	14.7993
2178	50	84.5424
2179	34	146.158
2180	0	inf
2181	433	18.3727
2182	84	34.7629
2183	51	29.7806
2184	163	25.2763
2185	153	16.2791
2186	133	17.87
2187	4	396.794
2188	27	33.2582
2189	468	11.6824
2190	692	10.9999
2191	10	170.512
2192	588	8.54147
2193	4	86.7259
2194	42	92.7182
2195	25	88.8448
2196	269	23.5655
2197	296	32.6004
2198	9	154.915
2199	18	67.492
2200	61	60.2529
2201	35	53.5133
2202	5	88.2194
2203	721	15.9916
2204	11	333.306
2205	135	93.7727
2206	19	75.2661
2207	2669	4.67592
2208	11	165.157
2209	347	19.8744
2210	109	18.4958
2211	72	67.7536
2212	2	472.374
2213	86	30.201
2214	56	27.8414
2215	1	359.904
2216	162	25.2942
2217	4	517.423
2218	233	14.8309
2219	29	129.507
2220	4	170.658
2221	396	8.8387
2222	175	20.3212
2223	58	17.2969
2224	385	28.4493
2225	13	231.48
2226	282	22.9565
2227	133	29.61
2228	26	21.5761
2229	4	58.7798
2230	14	193.813
2231	488	79.809
2232	652	10.7761
2233	29	105.067
2234	447	10.0365
2235	79	37.79
2236	344	25.1692
2237	6	37.9149
2238	77	95.6228
2239	94	61.2754
2240	7	65.9913
2241	51	40.1278
2242	164	20.5704
2243	764	12.3834
2244	413	10.8476
2245	28	88.0108
2246	12	94.9151
2247	31	143.694
2248	88	76.7246
2249	11	296.474
2250	44	44.2143
2251	22	111.173
2252	2	948.867
2253	13	99.3092
2254	54	35.3483
2255	138	51.6828
2256	43	33.9374
2257	151	56.3273
2258	47	30.0314
2259	19	24.5159
2260	10	150.706
2261	932	4.28538
2262	4	120.432
2263	10	58.3698
2264	118	37.7152
2265	179	16.5762
2266	281	14.4649
2267	191	29.4352
2268	25	23.1669
2269	65	38.415
2270	11	41.2027
2271	11	41.6116
2272	26	75.525
2273	68	53.3981
2274	7	203.348
2275	30	64.7478
2276	112	26.6063
2277	15	31.3334
2278	174	19.7108
2279	38	37.8141
2280	18	111.766
2281	18	89.9317
2282	11	143.138
2283	12	244.13
2284	1	542.081
2285	13	35.8866
2286	30	16.6432
2287	39	126.099
2288	80	44.1988
2289	35	62.2262
2290	22	88.3112
2291	38	174.463
2292	585	14.5571
2293	2154	5.1114
2294	43	54.9311
2295	74	20.32
2296	49	89.0998
2297	99	65.4625
2298	380	34.5594
2299	54	92.0217
2300	58	25.4211
2301	13	357.183
2302	238	18.9598
2303	605	34.1632
2304	45	72.1844
2305	2	141.076
2306	463	14.1811
2307	121	12.2871
2308	470	8.54745
2309	139	75.0273
2310	10	81.8797
2311	59	101.708
2312	139	17.6854
2313	20	69.7408
2314	3449	3.19493
2315	23	72.3205
2316	16034	2.49295
2317	34831	1.63674
2318	34	95.6336
2319	14	104.941
2320	390	23.0328
2321	352	12.5866
2322	65	45.9913
2323	1084	11.9914
2324	3259	9.68738
2325	139	21.8771
2326	548	15.3435
2327	545	9.98329
2328	9	293.481
2329	1080	9.7673
2330	40	58.2134
2331	10	113.81
2332	954	12.5182
2333	73484	6.33484
2334	107	32.8214
2335	39	59.4014
2336	59	60.8982
2337	101	28.9755
2338	15	75.1448
2339	31	123.385
2340	2	478.689
2341	5	130.649
2342	38	70.381
2343	52	117.578
2344	1	753.204
2345	41	24.179
2346	26	100.674
2347	15	82.4663
2348	41	104.868
2349	15	117.326
2350	25	50.5828
2351	272	44.5874
2352	51	18.157
2353	11	191.824
2354	32	246.395
2355	12	97.3065
2356	48	123.924
2357	10746	2.09497
2358	105898	2.00141
2359	205	60.9931
2360	88	65.9251
2361	10	60.5935
2362	35	26.8014
2363	27	99.9115
2364	218	13.348
2365	95	21.1658
2366	67	37.7839
2367	31	32.6645
2368	2	230.305
2369	60	126.164
2370	39	384.478
2371	21	18.3176
2372	104	14.5086
2373	14	114.659
2374	222	8.71633
2375	34	180.061
2376	13	39.3835
2377	30	79.3414
2378	27	54.8068
2379	85	57.0658
2380	135	49.1406
2381	443	7.92754
2382	14	152.16
2383	26113	2.67986
2384	6	83.0375
2385	1062	10.4253
2386	384	8.98865
2387	75	60.3096
2388	18	128.742
2389	33	87.319
2390	28	169.663
2391	696	15.0312
2392	568	10.5492
2393	1343	23.7447
2394	36	29.717
2395	95	21.8637
2396	2451	5.10885
2397	74	34.9004
2398	42	38.6983
2399	113	40.3758
2400	385	22.921
2401	4	147.347
2402	13	163.346
2403	108	27.8219
2404	24	66.8887
2405	1201	4.99051
2406	262	9.57633
2407	248	36.6822
2408	297	30.7754
2409	1518	17.6135
2410	1338	5.61181
2411	127	15.5793
2412	101	20.4864
2413	452	8.85043
2414	114	16.7325
2415	18	53.821
2416	811	15.0943
2417	299	15.0163
2418	40	69.4049
2419	48	41.5573
2420	14	78.2407
2421	159	61.6764
2422	69	70.07
2423	22	47.6273
2424	237	24.6627
2425	587	22.5386
2426	57	62.3014
2427	12	157.346
2428	129	70.7767
2429	24	94.9266
2430	1118	13.0325
2431	86	46.2793
2432	35	47.4159
2433	20	82.0603
2434	36	28.1817
2435	13	80.7032
2436	14	171.536
2437	906	7.67997
2438	3	519.392
2439	5	201.024
2440	141	28.1299
2441	7128	9.5292
2442	604	15.8765
2443	39	104.848
2444	81	47.7446
2445	20	93.9554
2446	1976	4.05974
2447	8	64.1702
2448	516	22.4662
2449	14613	2.90719
2450	0	nan
2451	76137	2.64651
2452	43	101.448
2453	9	837.209
2454	522	7.62153
2455	153	6.40727
2456	11	91.0507
2457	54	75.6596
2458	231	34.2133
2459	47	62.6046
2460	234	23.5595
2461	728	14.4903
2462	27	222.855
2463	7	177.12
2464	105	18.6867
2465	788	18.9365
2466	5301	2.45151
2467	945	4.76975
2468	110	31.9769
2469	44	22.3729
2470	644	16.9431
2471	357	8.34234
2472	9	163.412
2473	31	82.5505
2474	2	252.143
2475	132	64.0178
2476	6	284.221
2477	146	27.4855
2478	1	462.024
2479	28	82.6647
2480	1	499.539
2481	144	20.6563
2482	43	58.552
2483	39	27.426
2484	185109	1.98257
2485	315	15.8206
2486	131	47.0586
2487	100	24.7698
2488	27446	3.13113
2489	217	20.2861
2490	36	125.029
2491	26	17.7594
2492	26721	1.88894
2493	176	31.8985
2494	90	16.666
2495	286	61.2695
2496	259	11.4091
2497	267	32.9335
2498	17	122.068
2499	3823	4.58716
2500	12718	2.20211
2501	30	33.1536
2502	1032	44.7536
2503	19	233.512
2504	74	51.4384
2505	15	130.782
2506	405	18.7416
2507	230	6.44849
2508	10	277.137
2509	27	103.901
2510	317	7.94934
2511	7	121.164
2512	834	27.6201
2513	7	73.3412
2514	57	71.8778
2515	31	61.5387
2516	607	5.80317
2517	170	8.90357
2518	6	321.459
2519	10	143.225
2520	12	139.709
2521	47	56.4524
2522	76	37.956
2523	167	52.6753
2524	65604	1.68421
2525	48	50.4205
2526	1982	4.79501
2527	2412	4.14292
2528	20	116.489
2529	35	60.3546
2530	11	44.7592
2531	122	42.2865
2532	32	84.1635
2533	62	40.5387
2534	34	43.9035
2535	35	58.1274
2536	78	88.8859
2537	137	29.2482
2538	35	56.2693
2539	3	539.413
2540	258	43.3307
2541	514	27.7758
2542	1873	13.3205
2543	55	45.8653
2544	13	157.424
2545	9	170.372
2546	20	68.2967
2547	304	22.6556
2548	11	148.966
2549	95	24.4957
2550	834	13.1629
2551	1	0
2552	316	11.0384
2553	1392	8.24871
2554	427	3.51759
2555	87	11.3136
2556	5	119.687
2557	29667	9.69175
2558	13	188.539
2559	19	314.999
2560	1316	31.0801
2561	638	8.55153
2562	19	83.9804
2563	17	104.333
2564	31	71.912
2565	20	81.3169
2566	25	105.026
2567	88	28.2026
2568	1235	17.8853
2569	441	23.5061
2570	15	68.1116
2571	11	80.6417
2572	49	48.1898
2573	1527	5.21981
2574	205	20.0576
2575	181	32.2544
2576	1556	22.7719
2577	50	28.5293
2578	69	22.4737
2579	71	49.1632
2580	25	123.671
2581	47	78.5634
2582	69	50.0173
2583	1804	17.8276
2584	10	441.019
2585	95	15.7663
2586	14949	2.77855
2587	14	153.402
2588	29	114.016
2589	21	119.984
2590	44	47.0101
2591	32	223.341
2592	68	41.3636
2593	2	365.013
2594	6	96.1572
2595	34	160.394
2596	294	20.5547
2597	10	105.923
2598	21	130.997
2599	627	22.6583
2600	272	16.7147
2601	103	28.6727
2602	8	140.134
2603	18	31.7655
2604	10	163.989
2605	61	113.606
2606	40208	7.21664
2607	122	87.0305
2608	22	65.3976
2609	7	322.312
2610	299	42.2166
2611	210	21.3295
2612	47	52.8718
2613	84	24.3307
2614	666	6.01604
2615	10	138.777
2616	10	63.9415
2617	298	23.1589
2618	70	76.94
2619	316	9.53716
2620	7	149.477
2621	14	29.5551
2622	1008	12.3859
2623	150	38.5736
2624	118	30.0697
2625	179	27.8048
2626	3	258.761
2627	43	47.511
2628	215	9.3457
2629	30	151.876
2630	27	96.506
2631	0	nan
2632	677	18.5583
2633	2047	11.6982
2634	36	148.93
2635	16	31.0889
2636	498	21.0789
2637	19	108.386
2638	61	23.5624
2639	105	24.5446
2640	33	73.4032
2641	113	40.8642
2642	16	198.324
2643	48	81.4193
2644	111	22.4017
2645	86	88.6763
2646	2121	23.6278
2647	426	17.7769
2648	711	6.99809
2649	41	105.415
2650	25	118.083
2651	844	3.55194
2652	83	17.7712
2653	67	55.834
2654	2106	8.97953
2655	49	47.7771
2656	92	21.2519
2657	153	19.865
2658	98	20.3032
2659	64	14.5345
2660	442	4.50762
2661	231	12.8904
2662	6	433.305
2663	150	16.8371
2664	41	24.848
2665	8	263.769
2666	16	328.982
2667	43	68.7358
2668	539	10.2166
2669	0	nan
2670	106	34.8437
2671	40	49.3989
2672	20	217.549
2673	23	127.055
2674	13	32.3207
2675	65	64.2309
2676	26	95.5325
2677	74	19.9912
2678	739	14.2551
2679	290	20.6888
2680	14	150.803
2681	60	38.0949
2682	138	17.5153
2683	69	42.5058
2684	18	56.3872
2685	110	51.5082
2686	111	13.3134
2687	113	22.7549
2688	8	56.9466
2689	4	405.622
2690	377	11.8033
2691	389	12.7948
2692	39	192.11
2693	141	28.5283
2694	18	174.914
2695	8	563.849
2696	4	592.6
2697	50	9.94434
2698	16	272.704
2699	54	28.1548
2700	627	26.3218
2701	2797	5.194
2702	64	38.1655
2703	34	69.3965
2704	22	49.6627
2705	123	45.3165
2706	6	89.4466
2707	55	36.9731
2708	1598	9.00009
2709	47	20.6261
2710	25	44.5486
2711	58	43.5516
2712	219	15.932
2713	194	64.8988
2714	50	43.8344
2715	39	79.6969
2716	7	104.309
2717	1296	13.813
2718	6	152.92
2719	8	111.337
2720	20	44.0678
2721	20	48.7523
2722	37	25.9074
2723	75	66.8725
2724	329	19.5648
2725	49	75.081
2726	51	38.5148
2727	40	34.8007
2728	232	13.1593
2729	30	129.608
2730	878	6.80361
2731	31	133.122
2732	19	92.4964
2733	50	62.1748
2734	16	141.392
2735	10	50.9513
2736	79	50.7663
2737	22	20.4444
2738	21	23.8883
2739	117	22.0739
2740	907	7.74458
2741	484	13.3205
2742	78	76.0064
2743	176	14.1821
2744	92	43.8125
2745	205	14.4915
2746	320	17.2241
2747	7	122.389
2748	8	223.286
2749	13	74.2483
2750	5	94.9762
2751	37	83.1085
2752	12	83.9677
2753	3	285.279
2754	34	94.5801
2755	33	54.5236
2756	42	101.353
2757	835	6.01768
2758	283	21.1045
2759	340	41.8105
2760	69	73.5966
2761	2	261.428
2762	42	46.477
2763	34	28.32
2764	380	26.9437
2765	759	24.5724
2766	182	13.5573
2767	28	89.346
2768	82	30.3268
2769	437	34.3825
2770	1502	17.2789
2771	673	5.94424
2772	81	48.7275
2773	840	7.10863
2774	0	inf
2775	150	29.9786
2776	93	60.6346
2777	38	149.596
2778	24	125.123
2779	41	65.1819
2780	471	13.6173
2781	338	13.3285
2782	64	39.3723
2783	1298	9.2496
2784	5	665.298
2785	32	49.2092
2786	88	83.784
2787	166	9.08246
2788	51	39.9723
2789	1	569.732
2790	1093	10.4374
2791	105	32.7645
2792	67	79.7739
2793	147	27.2671
2794	11	80.2095
2795	85	47.5224
2796	52	38.6132
2797	516	27.1552
2798	596	20.0871
2799	77	31.5991
2800	40	33.4308
2801	54	132.947
2802	22	192.211
2803	912	20.8256
2804	306	60.8504
2805	352	18.4866
2806	4	168.91
2807	15	129.264
2808	289	20.9636
2809	2957	3.04886
2810	8	124.33
2811	12414	4.26816
2812	14	37.1435
2813	216	36.9931
2814	253	49.9147
2815	94	44.9557
2816	148	35.9603
2817	28	67.8317
2818	333	12.0357
2819	41	219.744
2820	4	868.393
2821	292	8.54347
2822	29	32.47
2823	23	38.9932
2824	667	7.53929
2825	45	63.071
2826	92	32.2658
2827	70	20.8842
2828	13	260.34
2829	8	146.188
2830	19	89.7023
2831	49	39.1071
2832	1166	8.90241
2833	5	94.3528
2834	24	92.2593
2835	44	53.5955
2836	766	10.4762
2837	39	114.722
2838	1093	10.5527
2839	88	23.5213
2840	325	26.9029
2841	46	200.764
2842	391	26.6565
2843	7	63.3037
2844	10	229.619
2845	46	31.7481
2846	748	8.01892
2847	1865	8.31853
2848	120	59.8735
2849	283	23.1831
2850	595	14.2953
2851	27	18.9993
2852	14	93.6094
2853	764	18.4172
2854	36	152.721
2855	1210	14.8262
2856	50	312.075
2857	94	45.1008
2858	955	23.0205
2859	33	118.925
2860	94	65.6969
2861	70	84.7184
2862	1108	6.80978
2863	10	203.496
2864	2435	2.05132
2865	703	4.95193
2866	9	47.8872
2867	18	30.7941
2868	14	133.356
2869	56	46.5362
2870	46	120.129
2871	50	40.0219
2872	20	173.993
2873	125	65.2812
2874	552	17.315
2875	528	8.46183
2876	61	63.329
2877	27	81.2232
2878	17	62.7815
2879	106	19.1643
2880	1	654.651
2881	54	66.2774
2882	79	49.295
2883	65	102.826
2884	1572	5.42081
2885	20	83.5774
2886	13	33.0308
2887	2614	3.2451
2888	205	41.4137
2889	38	54.0865
2890	216	11.3603
2891	97	52.0058
2892	10	169.276
2893	3423	4.38511
2894	15	241.124
2895	479	8.34907
2896	25	61.7601
2897	5119	2.44215
2898	1115	8.50076
2899	37	13.5297
2900	31	116.923
2901	89	11.2872
2902	487	29.3719
2903	19	104.963
2904	29	35.8275
2905	73	48.3763
2906	15	28.2733
2907	595	7.6217
2908	30	40.7399
2909	5	309.446
2910	281	27.2099
2911	172	31.66
2912	37	93.556
2913	50	59.5012
2914	273	28.6185
2915	18	94.1685
2916	2	447.663
2917	56	79.3968
2918	155	26.3083
2919	17	154.308
2920	53	28.3694
2921	16	84.6754
2922	405	13.6585
2923	7	138.84
2924	115	40.1785
2925	1460	12.3686
2926	1619	6.47889
2927	53	40.3471
2928	61	82.629
2929	48	148.899
2930	494	12.1788
2931	81	51.8443
2932	20	52.4187
2933	10	133.356
2934	7	91.8609
2935	4	146.45
2936	168	32.7449
2937	2569	3.50866
2938	140	17.529
2939	219	11.4767
2940	11449	2.84004
2941	32	110.846
2942	95	26.1316
2943	433	4.62745
2944	9	31.9646
2945	421	30.2422
2946	1	981.599
2947	16153	2.4466
2948	74	54.0888
2949	2234	12.8006
2950	557	16.2345
2951	46	32.8239
2952	713	16.1786
2953	373	24.0066
2954	115	68.1813
2955	272	26.861
2956	60	48.168
2957	105	14.0435
2958	22	48.1528
2959	35	104.474
2960	66	164.675
2961	104	32.3443
2962	36	25.6533
2963	21	74.6608
2964	5	169.343
2965	100	25.7705
2966	552	19.0989
2967	224	49.793
2968	61798	6.0591
2969	81	18.7861
2970	103	101.909
2971	40	51.3703
2972	546	9.25714
2973	83	71.7171
2974	15	181.086
2975	627	15.0652
2976	62	31.1662
2977	33	167.088
2978	20	24.5632
2979	51	128.654
2980	33	86.4215
2981	94	84.6112
2982	121	63.4097
2983	1715	6.40303
2984	47	70.5756
2985	86	41.3028
2986	62	40.2232
2987	215	22.9835
2988	70	42.2513
2989	25	105.599
2990	78	32.1046
2991	1262	31.6748
2992	19	116.686
2993	168	21.1437
2994	16	73.7224
2995	30	89.6204
2996	34	129.476
2997	16	75.2988
2998	169	28.4807
2999	420	20.6269
3000	229	52.0742
3001	23	63.1445
3002	34	65.8173
3003	51	57.7418
3004	135	11.2492
3005	10	149.925
3006	331	7.64334
3007	6	122.983
3008	65	38.4384
3009	7221	5.33461
3010	119	12.5639
3011	273	20.5052
3012	620	17.8686
3013	6	435.615
3014	12	174.596
3015	147	20.39
3016	167	21.2731
3017	56	81.768
3018	4	107.561
3019	6608	6.6595
3020	30	150.405
3021	3	700.44
3022	34	185.448
3023	1877	6.95515
3024	20	127.2
3025	8	52.1959
3026	278	16.3786
3027	92	16.5639
3028	22	81.0687
3029	147	31.852
3030	5	100.412
3031	17	84.7612
3032	17	96.1145
3033	68	29.4884
3034	10	248.805
3035	12	80.4567
3036	41	34.8489
3037	231	29.1878
3038	1930	11.8644
3039	64	55.2509
3040	154	39.0254
3041	56	42.1767
3042	164	21.7344
3043	176	33.5368
3044	357	20.7699
3045	105	47.7766
3046	31	104.841
3047	209	21.283
3048	15	139.33
3049	10	482.073
3050	4	227.694
3051	19	49.5522
3052	18	94.7561
3053	17	81.9061
3054	320	31.8151
3055	298	18.7374
3056	250	20.4216
3057	74	26.6899
3058	616	6.45887
3059	2	254.072
3060	38	54.8816
3061	72	42.3211
3062	38	42.5676
3063	31	32.9292
3064	7	71.0711
3065	160	12.4625
3066	125	23.0648
3067	9	221.356
3068	17	90.5062
3069	109	54.8837
3070	5	416.714
3071	96	63.9005
3072	121	27.9302
3073	188	37.0057
3074	75	19.7502
3075	66	32.074
3076	47	32.9203
3077	95	16.0319
3078	183	8.16554
3079	14	60.1883
3080	48	66.4617
3081	104	27.2423
3082	89	53.9615
3083	247	18.1797
3084	386	13.0667
3085	80	12.8195
3086	84	44.3015
3087	332	10.5847
3088	7	74.0224
3089	170	25.4037
3090	88	22.6954
3091	22	79.6573
3092	60	25.5623
3093	126	28.7736
3094	7	156.735
3095	1348	6.67182
3096	28	188.324
3097	13	64.9622
3098	143	13.5244
3099	454	22.2547
3100	679	11.0634
3101	70	20.4342
3102	2	300.862
3103	74	56.5343
3104	426	6.98627
3105	28	17.5795
3106	10	175.089
3107	699	5.72826
3108	30	16.9951
3109	27	110.045
3110	88	41.8731
3111	439	14.688
3112	102	29.7499
3113	80	44.0006
3114	274	12.6268
3115	36	99.2446
3116	0	nan
3117	4	441.164
3118	74	97.7242
3119	34	75.305
3120	159	148.158
3121	21	82.6268
3122	27	33.6149
3123	970	4.11602
3124	69	51.528
3125	146	10.3189
3126	152	13.4694
3127	25	49.554
3128	30	92.8288
3129	1243	4.02781
3130	30	96.2257
3131	61	102.679
3132	23	54.8278
3133	85	51.8291
3134	31	59.7072
3135	38	36.4294
3136	12	125.736
3137	25	41.0622
3138	338	10.2854
3139	127	19.693
3140	132	22.6894
3141	496	11.1355
3142	26	39.4539
3143	240	37.9942
3144	8	270.794
3145	3	332.57
3146	572	28.0842
3147	69633	1.4646
3148	37564	1.18478
3149	628	23.0468
3150	51	82.4186
3151	18	144.849
3152	17	142.182
3153	32	98.6284
3154	146	46.1067
3155	197	21.0807
3156	6	164.468
3157	145	53.1526
3158	85	49.561
3159	123	12.3014
3160	288	10.3108
3161	10	58.3737
3162	253	36.7348
3163	36	133.137
3164	1	0
3165	253	31.027
3166	99	33.4752
3167	25	48.086
3168	146	10.2168
3169	28	90.1823
3170	80	48.3612
3171	242	6.17268
3172	39	101.388
3173	31	66.8409
3174	878	18.353
3175	1802	2.50057
3176	19	131.735
3177	66	30.2137
3178	5	108.402
3179	52	131.84
3180	59821	4.1875
3181	319	27.1329
3182	6	161.859
3183	64	41.2908
3184	247	25.8645
3185	173	26.2448
3186	14	211.312
3187	113	31.3767
3188	683	23.2272
3189	14	117.168
3190	59	130.118
3191	384	26.1557
3192	21	143.145
3193	1	1268.04
3194	1	469.44
3195	315	19.0097
3196	79397	2.22989
3197	872	4.59458
3198	10	252.795
3199	2	1329.65
3200	57	83.3437
3201	31	91.6911
3202	14	225.007
3203	67	63.5219
3204	46	86.4334
3205	344	12.9476
3206	113	94.3928
3207	43	76.187
3208	19	469.487
3209	561	25.2692
3210	22	177.202
3211	872	9.15347
3212	104	19.4784
3213	26	59.2771
3214	25	37.3822
3215	13	171.117
3216	6036	9.21727
3217	30	122.365
3218	12	42.8069
3219	188	26.7852
3220	1604	7.78238
3221	100	30.1983
3222	18	76.7713
3223	230	30.0937
3224	140	10.7398
3225	43	88.9752
3226	273	21.9266
3227	164	24.9686
3228	28	74.7116
3229	13	347.998
3230	34	286.846
3231	107	23.7326
3232	3	580.227
3233	50	48.5045
3234	58	144.408
3235	4	376.94
3236	429	37.6932
3237	1	722.756
3238	1920	10.9377
3239	120	46.6504
3240	103	19.4391
3241	8	138.493
3242	134	22.8484
3243	245	26.022
3244	16	112.696
3245	6	91.1456
3246	6	269.296
3247	7153	3.7019
3248	41	50.0981
3249	48	73.0646
3250	13	58.426
3251	1712	3.80409
3252	79	34.0662
3253	8	135.153
3254	7	346.145
3255	8	190.154
3256	21	65.9945
3257	48	98.7412
3258	10	142.93
3259	30	46.9147
3260	296	33.4371
3261	26	60.9781
3262	336	13.2349
3263	79	76.5868
3264	119	53.757
3265	8524	2.34759
3266	448	24.6364
3267	110	52.1853
3268	92	55.6215
3269	1295	8.47798
3270	8	96.2456
3271	130	59.9103
3272	145	32.0243
3273	13	53.4066
3274	237	27.2723
3275	34334	6.54918
3276	29	179.302
3277	214	7.03463
3278	47	33.0222
3279	41	71.7819
3280	41	81.3409
3281	7	46.1721
3282	6	83.9
3283	13	224.006
3284	127	55.0915
3285	13	110.807
3286	126	30.7803
3287	73	81.6861
3288	4	114.909
3289	11	43.5591
3290	160	9.18528
3291	82	36.4642
3292	21	78.8639
3293	540	25.7951
3294	331	10.6581
3295	42	44.7443
3296	379	18.8586
3297	948	25.4615
3298	43	23.063
3299	436	31.8278
3300	1184	11.3634
3301	69	52.1759
3302	80	38.2227
3303	216	25.663
3304	102	24.5616
3305	52	69.2938
3306	32	63.249
3307	74	23.9892
3308	92	69.1839
3309	18	88.357
3310	444	20.1632
3311	21	206.431
3312	130	47.4008
3313	83	23.3339
3314	47	38.5961
3315	208	25.9413
3316	42	25.1921
3317	25	81.9823
3318	260	45.6872
3319	2	236.625
3320	52	27.0589
3321	451	8.95478
3322	7	297.313
3323	15	276.267
3324	25	39.9478
3325	31	51.7801
3326	140	65.6259
3327	8	122.806
3328	780	17.8971
3329	20	158.146
3330	118	52.8566
3331	23	131.967
3332	499	11.0816
3333	52	72.939
3334	241	49.894
3335	78	63.6872
3336	662	6.073
3337	101	29.0866
3338	1627	8.93513
3339	13	79.1427
3340	24	102.494
3341	10	141.511
3342	503	9.01539
3343	468	26.0999
3344	99	30.1842
3345	42	144.018
3346	102348	2.4034
3347	653	27.9122
3348	58	52.9752
3349	4	252.278
3350	48	154.459
3351	73	86.4377
3352	255	23.0159
3353	100	28.2864
3354	4	755.88
3355	91	11.1495
3356	309	6.40289
3357	22	46.7467
3358	968	10.2473
3359	4	117.172
3360	17	75.4761
3361	252	29.3046
3362	33	43.6782
3363	152	55.7064
3364	348	10.0672
3365	1106	3.16695
3366	49	107.843
3367	708	10.6843
3368	814	3.67703
3369	200	42.8305
3370	57	55.0231
3371	22	166.237
3372	312	34.9985
3373	10507	3.09239
3374	33	42.0492
3375	179	49.6403
3376	83	61.5206
3377	39	50.9962
3378	45	64.0747
3379	10	131.246
3380	138	18.6581
3381	41	308.912
3382	1700	10.2936
3383	933	7.52011
3384	13	64.5282
3385	58	54.5421
3386	30	74.6007
3387	388	8.94042
3388	18	81.2641
3389	1777	9.02441
3390	16	299.588
3391	242	12.3213
3392	2	1171.17
3393	159	70.8463
3394	215	36.0536
3395	31	142.847
3396	58	78.388
3397	7	690.494
3398	51	38.7003
3399	247	19.8257
3400	677	6.64116
3401	655	20.1261
3402	130	64.0558
3403	29	81.5208
3404	386	14.19
3405	20	77.3732
3406	561	34.6145
3407	117	37.3327
3408	631	27.75
3409	92	74.0784
3410	140	21.669
3411	1337	4.88765
3412	30	100.033
3413	14	127.042
3414	277	54.6582
3415	192	40.6787
3416	44	90.6073
3417	12	79.5618
3418	7355	6.66462
3419	53	55.5275
3420	57	64.7959
3421	244	18.5479
3422	228	24.1929
3423	28	36.5678
3424	1956	8.44984
3425	110	26.8143
3426	30	34.7253
3427	1	659.945
3428	81	70.8934
3429	288	15.7911
3430	10356	5.16757
3431	2	643.152
3432	17	148.501
3433	29	35.5128
3434	55	96.5459
3435	24	109.232
3436	21	448.29
3437	38	72.4988
3438	63	25.018
3439	1318	10.9903
3440	188	30.7793
3441	15	488.774
3442	186	51.2655
3443	65	61.6668
3444	143	36.2985
3445	87	56.7616
3446	43	113.36
3447	15	67.4776
3448	15	152.54
3449	30	111.186
3450	37	47.8903
3451	1997	4.74646
3452	0	nan
3453	31	48.5614
3454	4	231.084
3455	3630	4.54945
3456	26	127.276
3457	532	10.2812
3458	6	56.7004
3459	14	130.666
3460	105	39.498
3461	403	13.7695
3462	18	224.707
3463	23	47.9977
3464	1	747.742
3465	10	150.342
3466	13	180.007
3467	52	128.301
3468	131	26.0676
3469	89	43.4855
3470	513	20.3642
3471	65	33.528
3472	47	47.9155
3473	56	166.852
3474	491	26.3528
3475	630	26.2486
3476	2	69.059
3477	466	8.53333
3478	17	58.531
3479	98543	6.35772
3480	94	82.2785
3481	17	62.7173
3482	109	9.11393
3483	1660	13.849
3484	30	70.6317
3485	6	308.445
3486	1	739.704
3487	577	3.46823
3488	647	3.86703
3489	4	138.376
3490	78	73.1655
3491	54	84.1716
3492	16	307.395
3493	886	7.95699
3494	6	238.276
3495	26	67.1984
3496	19	202.452
3497	3	231.418
3498	1212	17.9061
3499	72	80.5806
3500	837	13.1197
3501	54	27.7267
3502	13	76.7079
3503	394	70.4538
3504	21	46.5174
3505	8	545.589
3506	18	76.4975
3507	22	159.015
3508	46	49.5853
3509	1350	17.4935
3510	14	241.408
3511	31	33.6021
3512	109	17.7816
3513	23397	3.5695
3514	200	34.7067
3515	4	128.552
3516	20	266.771
3517	218	25.3389
3518	7	261.191
3519	398	18.4501
3520	367	28.2453
3521	1500	4.34975
3522	128	26.2507
3523	175	71.9862
3524	220	36.0784
3525	105	59.7762
3526	203	14.8602
3527	53	19.7498
3528	9	53.9687
3529	561	9.82891
3530	8	134.658
3531	4870	3.90958
3532	420	12.0497
3533	69	121.575
3534	44	97.3559
3535	13	140.097
3536	15	182.667
3537	129	26.8678
3538	968	13.9654
3539	7	289.603
3540	48	21.4391
3541	189	47.1879
3542	64	87.1876
3543	23	38.4733
3544	371	24.3853
3545	95	107.217
3546	145	35.035
3547	477	29.2532
3548	7	376.239
3549	11	239.128
3550	598	5.84945
3551	20	158.079
3552	127	51.0023
3553	29	111.704
3554	6	93.157
3555	25	54.1399
3556	2770	5.05398
3557	4	114.987
3558	539	9.38104
3559	139	41.8018
3560	33	45.587
3561	61	41.8074
3562	1043	22.0407
3563	237	27.1151
3564	35	43.3659
3565	18	91.9265
3566	48	64.4105
3567	106	41.1038
3568	16	120.284
3569	40	59.3457
3570	1099	4.56979
3571	51	19.576
3572	26328	2.48739
3573	19	113.83
3574	19	214.444
3575	18	77.6043
3576	946	19.7315
3577	18	93.177
3578	46	72.3779
3579	104	28.8937
3580	45	69.7715
3581	367	24.739
3582	577	23.9486
3583	441	22.7332
3584	1	1303.12
3585	15	163.297
3586	31	339.85
3587	25	133.038
3588	58	26.7963
3589	11	46.6281
3590	1028	6.31187
3591	30	103.278
3592	142	20.0238
3593	101	97.1817
3594	138	18.675
3595	637	16.6447
3596	21	134.085
3597	723	6.24564
3598	5	207.038
3599	0	nan
3600	105	23.3831
3601	213	16.5334
3602	1	673.456
3603	215	18.2914
3604	3	449.497
3605	12	93.6518
3606	272	27.0238
3607	514	19.0824
3608	57	33.8292
3609	32	47.1062
3610	24	104.15
3611	22	261.782
3612	502	5.89406
3613	130	19.7817
3614	143	32.2952
3615	1046	9.01421
3616	73	41.9097
3617	7	82.7229
3618	45	102.733
3619	36	84.0805
3620	138	76.5111
3621	73	26.5677
3622	110	31.8029
3623	140	21.2825
3624	35	145.38
3625	35	161.454
3626	19	51.0542
3627	106	90.8852
3628	1862	14.6336
3629	91	45.8228
3630	70	71.885
3631	12	121.212
3632	88	40.9133
3633	31	79.0008
3634	19	54.9486
3635	50	76.9704
3636	38	116.419
3637	5186	7.23167
3638	276	21.6279
3639	245	52.5352
3640	75	28.1458
3641	208	11.959
3642	166	25.9869
3643	137	32.7938
3644	1635	14.3426
3645	259	37.712
3646	1900	10.0278
3647	847	16.5035
3648	10	180.975
3649	132	80.6033
3650	51	195.935
3651	321	22.644
3652	36	29.252
3653	444	11.1609
3654	508	12.9084
3655	11	101.253
3656	23	183.643
3657	15	151.207
3658	68	21.1291
3659	44	43.7258
3660	365	12.15
3661	82	88.1047
3662	204	81.8362
3663	413	25.9921
3664	404	12.252
3665	10	285.635
3666	4	296.441
3667	37	150.516
3668	1235	3.22932
3669	154	16.1945
3670	306	19.4045
3671	23	44.6024
3672	37	56.3972
3673	45	57.9621
3674	148	41.4427
3675	788	8.84507
3676	380	18.3196
3677	55	36.292
3678	30	89.6544
3679	878	6.25943
3680	10	165.315
3681	76	39.7546
3682	82	47.588
3683	72	75.3166
3684	3	135.009
3685	45	53.8579
3686	2	326.853
3687	43	21.9425
3688	461	24.0249
3689	119	40.3871
3690	4466	17.0815
3691	645	27.2479
3692	27936	4.90996
3693	161	27.9123
3694	1289	22.2464
3695	115	57.8393
3696	28	69.5281
3697	42	123.735
3698	4	246.743
3699	330	21.4686
3700	5955	3.10739
3701	25	86.1533
3702	99	83.1572
3703	55	107.463
3704	75	37.1561
3705	496	34.8806
3706	1925	11.4111
3707	98	10.2193
3708	182	13.6284
3709	8	263.294
3710	2010	6.96894
3711	35	77.4798
3712	129	19.703
3713	1285	9.62046
3714	1167	8.97642
3715	50	28.2422
3716	57	73.7014
3717	20	99.1562
3718	221	18.2394
3719	5	301.694
3720	17	123.567
3721	265	23.9785
3722	342	23.4371
3723	11	70.968
3724	27	98.2339
3725	341	23.445
3726	7	332.394
3727	41	138.206
3728	944	11.1414
3729	250	47.0327
3730	612	25.8986
3731	10	95.0777
3732	22	46.7148
3733	215	35.6262
3734	372	32.5086
3735	674	33.6348
3736	40	76.7423
3737	48	108.54
3738	626	27.7931
3739	276	52.4891
3740	203	24.1603
3741	1	0
3742	9	207.589
3743	373	36.7645
3744	141	25.0968
3745	58	61.9802
3746	524	6.61713
3747	266	43.5071
3748	209	34.2754
3749	1925	3.11637
3750	36	99.0141
3751	32	49.0683
3752	60	54.3296
3753	24	101.697
3754	149	34.28
3755	68	51.0973
3756	19	88.7391
3757	553	17.1168
3758	8	64.3913
3759	971	19.7163
3760	262	56.0647
3761	3228	3.7133
3762	14	85.0389
3763	20	175.311
3764	148	16.7968
3765	114	33.6003
3766	44	87.9494
3767	61	75.1244
3768	2637	9.44178
3769	7	387.337
3770	2305	13.8629
3771	973	6.69039
3772	37	36.7962
3773	362	11.0125
3774	150	71.9014
3775	60	26.7906
3776	78	55.2873
3777	3	59.8586
3778	93	122.873
3779	38	92.292
3780	20	174.669
3781	124	53.3605
3782	317	12.7386
3783	467	7.48083
3784	439	5.70468
3785	2	300.459
3786	13	131.952
3787	55	91.429
3788	356	17.0071
3789	11	87.3446
3790	48	74.6347
3791	643	6.97417
3792	2	884.514
3793	38	86.765
3794	75	63.9712
