Gene	Avg_ribo_stall
0	0.143415
1	0.00855898
2	8.92153
3	0.291507
4	0.151808
5	0.0307222
6	0.118099
7	0.215658
8	16.7658
9	0.135826
10	0.0967032
11	0.103212
12	0.4014
13	0.303724
14	0.200936
15	0.0136396
16	0.268283
17	0.116155
18	0.704505
19	0.0568039
20	1.16959
21	0.0862361
22	0
23	0
24	0
25	0.0966767
26	0.132268
27	0.180649
28	0.0952159
29	0
30	0.0686634
31	2.96995
32	1.20167
33	42.5711
34	0.387505
35	0.00133312
36	0.141073
37	0.306062
38	0.208651
39	2.0779
40	0.446311
41	0.152019
42	0.074889
43	0.153147
44	0.540627
45	0.193458
46	0.326676
47	0.0215638
48	0.00458603
49	0.132071
50	0.388438
51	0.651617
52	0.249377
53	0.210312
54	0.470384
55	0.0289398
56	0.250033
57	0.204197
58	0.0780271
59	1.046
60	0.0126101
61	0.0521614
62	0.137028
63	0.194848
64	0
65	0.152431
66	0.33676
67	3.8224
68	0.720114
69	0.0128117
70	0.13205
71	1.0371
72	0.02679
73	0.0397799
74	0.160174
75	0.103535
76	0.0506155
77	0.0178993
78	0.0418954
79	0.131415
80	0.634373
81	0.268772
82	0.00667373
83	0.0260704
84	0.139082
85	0.288879
86	0.550581
87	1.39179
88	0.0793742
89	0.189317
90	0.242411
91	0.0540605
92	0.0663256
93	5.57477
94	0.0253373
95	0.372941
96	0.276677
97	0.050258
98	0.270081
99	1.3223
100	0.162281
101	0.0687585
102	2.41115
103	0.290098
104	1.02846
105	0.243578
106	0.49563
107	0.116954
108	1.55446
109	0.818803
110	0.457899
111	0.0118789
112	0.192604
113	0.0612874
114	0.269073
115	0.0621379
116	0.824327
117	0.268179
118	0.0875927
119	0.0828059
120	0.314405
121	0.044817
122	0.406509
123	0
124	0.0593993
125	0.155653
126	0.192158
127	0.182189
128	0.0730881
129	2.9764
130	0.228315
131	0.178616
132	0.0351494
133	0.120937
134	0.229232
135	0.133221
136	0.00943979
137	0.0244913
138	0.151779
139	1.27579
140	0.0605222
141	3.91932
142	0.297964
143	0
144	0.170308
145	0.0809679
146	3.69158
147	0.098883
148	0.257315
149	0.0229638
150	0.0335295
151	0.196459
152	0.00700848
153	0.0574819
154	0.0494352
155	0.194197
156	0.0798108
157	0.0664101
158	0.0121118
159	0.140203
160	0.0460155
161	10.2521
162	0.0107493
163	0.413792
164	0.29161
165	4.11277
166	0.45922
167	0.0796488
168	0.0811769
169	0.595795
170	0.0562936
171	4.11306
172	0.136346
173	0.17449
174	0.552966
175	0.00796671
176	0.523389
177	2.04946
178	0.338847
179	0.184155
180	0.554276
181	0.673177
182	0.0617844
183	0.0449471
184	0
185	0.0325471
186	0.670033
187	0.00547319
188	1.07418
189	0.849209
190	0.338931
191	0.483168
192	0.00945127
193	0.157162
194	0.101904
195	0.234979
196	0.297344
197	0.503409
198	0.0137065
199	0.476488
200	0.401787
201	0.0256546
202	0.34216
203	2.78718
204	0.737908
205	0.521601
206	0.0173572
207	0.344835
208	0.344038
209	0.0751894
210	0.12828
211	0.16946
212	12.7043
213	2.47242
214	1.22578
215	0.102152
216	4.57107
217	0.1908
218	1.02353
219	0.708962
220	0.187734
221	0.29912
222	0.0144125
223	1.60067
224	0.108099
225	0.223175
226	0.101062
227	0.313342
228	0.0514284
229	0.0410212
230	0.683021
231	0.257504
232	0.186057
233	0.139759
234	0.150274
235	1.37804
236	0.00103604
237	0.676947
238	2.95643
239	0.0313569
240	0.564485
241	0.186642
242	0.127721
243	2.16342
244	0.0717056
245	0.0263521
246	3.39125
247	0.0989388
248	0.0944138
249	0.138043
250	2.194
251	6.06217
252	0
253	0.0514726
254	0.143696
255	0.000803717
256	0.221458
257	0.0423385
258	1.01684
259	0.0391374
260	0.379493
261	0.197291
262	0.403791
263	0.0913083
264	0.00557748
265	0.193762
266	3.44924
267	0.122962
268	0.155213
269	0.0149851
270	1.03231
271	0.303152
272	0.0368677
273	0.0303374
274	1.55412
275	0.667816
276	0.0376518
277	0.0879405
278	0.172789
279	0.824438
280	0.26762
281	0.203813
282	1.91265
283	0.474168
284	0
285	0.883513
286	0.0969149
287	0.293411
288	0.0556659
289	0.0125802
290	0.0296576
291	0.584537
292	0.288235
293	0.410913
294	1.78501
295	0.0253566
296	0.032485
297	0.432772
298	0.021453
299	0.00316051
300	0.0337764
301	0.0127595
302	0.0944808
303	0.15815
304	0.0735491
305	7.07957
306	0.0953753
307	0.180162
308	0.0673412
309	0.0715498
310	8.92799
311	0.0285637
312	0.0517867
313	0.322613
314	0.123871
315	0.0386034
316	0.294626
317	0.0198125
318	0.275876
319	0.323924
320	0.451151
321	0.177447
322	0.0934127
323	0.0315487
324	0.487158
325	0.0694644
326	0.204515
327	0.143073
328	0.337863
329	0.00088315
330	0.030182
331	2.0028
332	0.446655
333	0
334	0.04197
335	0.280081
336	0.00967085
337	0.269837
338	0.349902
339	0.159034
340	0.237924
341	0.397373
342	0.133317
343	1.25997
344	0.0202431
345	0.310435
346	0
347	0.143164
348	0.0601739
349	0.101219
350	0.0458232
351	0.0625587
352	0.718214
353	0.721914
354	0.0198212
355	0.640661
356	0.983616
357	3.37536
358	0.243351
359	0.496456
360	0.0145638
361	0.143626
362	0
363	0.022586
364	0.0860545
365	0.0809678
366	0.0903571
367	0
368	0.436735
369	0.445416
370	0.101449
371	1.84578
372	0.041982
373	0.147282
374	0.204277
375	0.090703
376	0.287457
377	0.0973835
378	0.0328731
379	0.30725
380	0.00189429
381	0.348212
382	0
383	0.0657096
384	0.160499
385	0.109326
386	0.0709599
387	0.166544
388	1.56693
389	0.056553
390	4.44943
391	0.0979044
392	0.360739
393	0.074765
394	0.0933058
395	0.00821912
396	0
397	0.0101848
398	0.0823578
399	0.396015
400	0.00153119
401	0
402	0.0322198
403	0.899331
404	0.132701
405	0.927054
406	0.0878411
407	0.310931
408	0
409	0.239811
410	0.0912492
411	0.503558
412	0
413	0.0262847
414	0.560485
415	0.229134
416	2.02331
417	0.271504
418	2.4127
419	0.369968
420	0.0564672
421	0.066502
422	0.416427
423	2.3103
424	0.154925
425	5.15401
426	0.0245034
427	0.00815602
428	5.96434
429	0.450114
430	1.14839
431	0.124904
432	0.0465079
433	2.16767
434	0.0295194
435	0.0176107
436	0.715232
437	0.207861
438	0
439	0.795735
440	0.40364
441	1.34496
442	0.59501
443	0.2329
444	0.0519265
445	2.71199
446	0.088717
447	0.3941
448	1.56595
449	0.670971
450	0.0128171
451	0.0712718
452	0.416247
453	0.956241
454	30.5199
455	0.0569388
456	0.729026
457	0.243425
458	0.0487301
459	0.0557144
460	0.108758
461	0.0804002
462	0.0177064
463	0.00379795
464	0.0260882
465	2.13426
466	0
467	0.100394
468	0.0351476
469	0.089121
470	1.39017
471	0.51646
472	0.0115964
473	0
474	1.38643
475	0.253661
476	0.307973
477	0.135131
478	0.285545
479	0.162286
480	0.102325
481	0.235757
482	0.329005
483	0.246598
484	0.986411
485	0.460858
486	3.98487
487	0.249825
488	0.541177
489	0.0752406
490	0.0311688
491	0.33296
492	0.135024
493	0.271647
494	0.0235116
495	0.901611
496	0.024016
497	0.467926
498	0.0371036
499	0.196076
500	0.00333374
501	0.143962
502	0.0280707
503	0.182725
504	0.223738
505	0.684783
506	0
507	0.0867761
508	0.161813
509	0.0884848
510	0.269781
511	0.290826
512	1.15788
513	5.2501
514	0
515	0.240412
516	0.0410963
517	0.0390465
518	0.428711
519	0.116343
520	0.0759616
521	0.22179
522	0
523	0.315267
524	0.472806
525	0.213189
526	0.547582
527	0.257767
528	0.0818948
529	2.52038
530	0.143299
531	0.318872
532	2.29126
533	0.102278
534	3.64076
535	0.639788
536	0.370414
537	0.115271
538	0.139253
539	0.47342
540	0.173265
541	2.77256
542	0.116762
543	0.00997775
544	0.140982
545	1.21824
546	0.107419
547	0.198716
548	0.0317893
549	0.00440994
550	0.0695597
551	0.912193
552	0.0554407
553	0.163859
554	0.381606
555	0.00218716
556	0.30106
557	0.672001
558	0.386732
559	0.00663845
560	0.873231
561	0.15048
562	0.497997
563	0.00120213
564	9.97717
565	0.305681
566	0.225115
567	0.76276
568	0.0165403
569	0.266635
570	0.219034
571	0.0628597
572	0.474643
573	2.08679
574	0.509681
575	0
576	0.279023
577	0.83502
578	0.0163303
579	0.341035
580	5.24895
581	0.0421278
582	0.0971905
583	0.757752
584	0.0559754
585	3.31323
586	4.15129
587	0.705162
588	0.226942
589	0.033438
590	0.0578997
591	0.0261106
592	0.0732689
593	0.0549382
594	0.39471
595	0.0880517
596	1.49042
597	1.0123
598	0.035709
599	0.116341
600	1.63872
601	0.143743
602	0.302575
603	0.961933
604	0.0245794
605	0.0082156
606	0.102431
607	0.0996719
608	0.193572
609	0
610	0.338503
611	0.203525
612	0.502509
613	0.169792
614	0.117923
615	0.7608
616	0.0488853
617	0.132485
618	0.00650907
619	0.0350629
620	0.40963
621	0.0327684
622	1.14219
623	0.907886
624	5.71608
625	0.0428601
626	0.402904
627	0.0437323
628	3.05426
629	0.463404
630	0.194759
631	0.0562233
632	0.644424
633	0.0190913
634	0.23549
635	1.19538
636	0.242096
637	0.0283052
638	1.04715
639	0.111524
640	1.4533
641	0.133157
642	2.21766
643	0.737219
644	0.00112306
645	0.171647
646	1.27262
647	0
648	0.0330597
649	0.0649698
650	0.136652
651	0.0887484
652	2.83707
653	0.216735
654	0.787683
655	0.161396
656	0.264489
657	0.757974
658	0.0137748
659	2.03759
660	0.0318617
661	1.58452
662	0.210918
663	0.121976
664	0.124419
665	0.0902193
666	0.100858
667	0.437008
668	0.0134953
669	0.126511
670	0.160276
671	0.0910323
672	14.2334
673	0.0524696
674	0.239166
675	2.75949
676	0.243411
677	0
678	1.39648
679	0
680	0.328971
681	0.0103822
682	0.083907
683	0.454449
684	0.31454
685	0.153383
686	0.0241646
687	0.349348
688	0
689	0.115644
690	1.06796
691	0.0129117
692	0.0109996
693	0.641128
694	0.755385
695	0.256165
696	0.0555848
697	0.159957
698	0.442163
699	0.0305483
700	0
701	0.132316
702	0.826702
703	1.53547
704	0.876185
705	0.126429
706	0
707	0.013569
708	0.201718
709	0.016271
710	0.287847
711	1.07405
712	0.152169
713	0
714	0.113914
715	0.370846
716	0.333366
717	3.68066
718	0.0964978
719	0
720	0.0158784
721	0.124944
722	0.0880588
723	0.00976671
724	0.463472
725	0.00169573
726	0.0635813
727	0.0361782
728	0.262635
729	0.826637
730	0.0286573
731	0.118145
732	0.0393121
733	6.26997
734	0.0274308
735	0.138118
736	0.0988208
737	0.00715176
738	0.0512007
739	2.68431
740	6.80026
741	0.0106562
742	1.15335
743	0.0540416
744	6.75629
745	0.180916
746	0.102403
747	0.119297
748	0.0509567
749	0.302555
750	0.438224
751	0.219242
752	18.9971
753	0.307837
754	0.0598771
755	0.594675
756	0.565991
757	0.105115
758	0.233048
759	0.128589
760	0.140081
761	0.448901
762	0.123677
763	0.506894
764	0.204998
765	2.93711
766	0.011026
767	0.0579954
768	0.00205445
769	0.282867
770	0.00768649
771	0.533351
772	0.0241767
773	0.0124171
774	0.968749
775	0.0222165
776	0.0123612
777	0
778	0.0634183
779	0.18903
780	0.27813
781	0.204326
782	0
783	0.372313
784	0.0191483
785	1.02632
786	0.405685
787	0.359178
788	0.341585
789	0.100275
790	0.842995
791	0.912029
792	0.0616034
793	0.115242
794	0.274051
795	1.44081
796	0.344446
797	0.551496
798	0.204472
799	0.0397611
800	0
801	0.136318
802	0.0281221
803	0.122227
804	0.162335
805	0.0881225
806	0.611419
807	0.109331
808	0.118823
809	0.502515
810	0.0494415
811	0.619819
812	0.0951674
813	0.238771
814	0.206127
815	0.0810623
816	0.0273942
817	0.00320013
818	0.859738
819	0.0349259
820	2.63964
821	0.0405415
822	0.0341947
823	0.0417155
824	0.578719
825	0.0481836
826	0.0296666
827	0.358436
828	0
829	0.183345
830	0.072079
831	0.214489
832	0.0699772
833	0.504562
834	0.558854
835	0.0709684
836	0.578162
837	0.388593
838	0.274659
839	0.602817
840	8.63916
841	0.61226
842	8.59065
843	0.0830077
844	0
845	0.513935
846	0.180369
847	0.220884
848	0.100561
849	0.199989
850	0.145815
851	0.532103
852	1.20949
853	0.1081
854	0.0998871
855	2.33697
856	0.122744
857	0.719017
858	0.430017
859	0.0892471
860	1.4226
861	0.381858
862	0.0451455
863	0.0242408
864	0.0427542
865	0.101613
866	0.285347
867	0.0200403
868	0.0340048
869	0.0191055
870	0.129595
871	2.64935
872	0.290281
873	1.6347
874	0.0563758
875	0.247041
876	0.224401
877	0.175772
878	0.0433179
879	0.0354711
880	0.0953977
881	0.105003
882	0.0860642
883	0.0988622
884	0.147827
885	0.097489
886	0.0594377
887	0.0480708
888	0.0194197
889	1.36192
890	0.70693
891	1.38222
892	0.309746
893	2.72407
894	0.0370468
895	0.172164
896	0.132111
897	0.214009
898	0.0106288
899	3.14135
900	3.76968
901	0.0669325
902	0.159725
903	0.175877
904	0.157401
905	0.732723
906	0.948299
907	0.423418
908	0.0920516
909	0.0340101
910	0.0755273
911	1.37734
912	0.305793
913	0.0370993
914	0.0757137
915	0.142729
916	0.123726
917	0.0579276
918	0.0103787
919	0.0640515
920	0.00479264
921	0.18903
922	0.115242
923	0.00963207
924	8.55552e-05
925	0.106316
926	0.163128
927	0.761988
928	0
929	0.163538
930	0.0311969
931	0.0754226
932	0.338799
933	0.042494
934	0.306605
935	0.0604935
936	0.127426
937	0.0409041
938	0.274247
939	0.00404531
940	0.00240821
941	1.37127
942	0.0359011
943	0.157423
944	0.88006
945	0.138187
946	0.007552
947	0.071588
948	0.0642481
949	0.0479457
950	0.0840196
951	0.00762503
952	0.00207331
953	0.556279
954	0.0307389
955	0.141333
956	0.821888
957	0.183716
958	0.197179
959	0.252634
960	0.313439
961	0.610932
962	0.409303
963	0.249664
964	0.191053
965	0.276216
966	0.22525
967	1.40834
968	0.045794
969	0.0246291
970	0.294232
971	0.283085
972	0.534841
973	0.195364
974	0.149911
975	0.0256951
976	0.00122053
977	0.0500095
978	0.214035
979	0.0278046
980	0.0068216
981	0.0470341
982	0.149617
983	0.0494993
984	1.35576
985	0.588173
986	0.352477
987	0.0151474
988	0.231344
989	0.12879
990	0.0758125
991	1.08558
992	0.0436338
993	0.302746
994	0.393902
995	0.0100378
996	0.227443
997	0.060122
998	0.140401
999	0
1000	0.0640263
1001	0.0444914
1002	0.68517
1003	2.84346
1004	0.848184
1005	0.0662151
1006	0.563554
1007	0.0489533
1008	0
1009	0.0932917
1010	0.0429603
1011	4.5267
1012	0.63883
1013	0.296235
1014	0.0216452
1015	0.258946
1016	0.0298302
1017	0.337608
1018	0.0668347
1019	0.0586963
1020	0.570089
1021	0.0497131
1022	0.246623
1023	0.0485096
1024	0.739237
1025	0.0360928
1026	0.0310054
1027	0.0248092
1028	0.876707
1029	0.147338
1030	0.150742
1031	0.0910709
1032	0.113685
1033	0.227428
1034	0.342615
1035	0.110192
1036	0.0446841
1037	0.200475
1038	0.141601
1039	6.36653
1040	2.36338
1041	0.0563183
1042	0.875255
1043	0.186582
1044	0.0795618
1045	1.14416
1046	0.128724
1047	0.162408
1048	0.0622027
1049	0.30516
1050	0
1051	0.818817
1052	1.30039
1053	0.066549
1054	0.148869
1055	1.17971
1056	0.080201
1057	0.0820316
1058	0.0802568
1059	0.073576
1060	0.0744987
1061	0.115141
1062	0.0924055
1063	0.140176
1064	0.607429
1065	0.0592251
1066	0.147831
1067	0.193614
1068	0.0672145
1069	0.0245095
1070	0.0950795
1071	0.0323991
1072	0.169296
1073	0.0565997
1074	0.46885
1075	0.261874
1076	1.06341
1077	0.280802
1078	7.11187
1079	0.468309
1080	0.0630432
1081	0.0588009
1082	0.10333
1083	0.00793654
1084	0.0617317
1085	0.166532
1086	0.0757781
1087	0.00734714
1088	0.311586
1089	0.467185
1090	0.452451
1091	0.183058
1092	0.0836267
1093	1.07341
1094	0.262744
1095	0.503503
1096	0.170182
1097	0
1098	0.121836
1099	0.0652849
1100	1.43395
1101	0.560535
1102	0.208756
1103	0.268118
1104	0.101051
1105	0
1106	0.505981
1107	0.0491142
1108	0.111258
1109	3.68203
1110	0.163152
1111	0.123871
1112	0.00958198
1113	0.378651
1114	0.521578
1115	0.0521638
1116	0
1117	0.084225
1118	0.856406
1119	0.122269
1120	0.297251
1121	0.202758
1122	0.146115
1123	0.142081
1124	0.0583678
1125	0.0564357
1126	0.111234
1127	0.328636
1128	0.312472
1129	0.363646
1130	0.0851031
1131	1.04359
1132	0.229571
1133	0.099348
1134	0.00704713
1135	1.85249
1136	0.0347013
1137	2.26846
1138	0
1139	0.189686
1140	0.0801192
1141	0.203249
1142	0.5605
1143	1.93988
1144	0.353206
1145	0.249118
1146	1.21823
1147	0.0190873
1148	0.163691
1149	1.08173
1150	0.200391
1151	0.353041
1152	0.177489
1153	0.102691
1154	0.0327269
1155	9.44845
1156	0.301663
1157	0.105574
1158	0.0552947
1159	0.245178
1160	0.05836
1161	0.0530401
1162	0.0734454
1163	0.039522
1164	0.0496819
1165	0.0156194
1166	0.111247
1167	0.0278014
1168	0.0189778
1169	0.4538
1170	0.886217
1171	0.353026
1172	0.108452
1173	0.0795665
1174	0.00893144
1175	0.00292099
1176	0.0629532
1177	0.0286041
1178	0.224738
1179	0.309426
1180	0.000609124
1181	0.325887
1182	0.160553
1183	0.223652
1184	0.133908
1185	0.0562151
1186	0.565525
1187	0.211689
1188	0.420345
1189	0
1190	1.30933
1191	2.11332
1192	0.00593215
1193	0.891756
1194	0.149307
1195	14.2398
1196	0.164542
1197	1.67563
1198	0.0950337
1199	0.514174
1200	0.000269336
1201	0.494765
1202	0.00754745
1203	0.275539
1204	3.8372
1205	1.00906
1206	0.0201347
1207	0.0163944
1208	1.02802
1209	0.116666
1210	0.0276388
1211	0.635308
1212	0.0714093
1213	0.367178
1214	0.0111067
1215	0.797928
1216	0.0494466
1217	0
1218	0.589934
1219	0.0230936
1220	0.876035
1221	0.193843
1222	1.82569
1223	0.504512
1224	4.16426
1225	2.09222
1226	0.362253
1227	0.0632866
1228	1.9291
1229	0.840725
1230	0.0293098
1231	0.051182
1232	1.37831
1233	0.00205521
1234	0.923166
1235	0.0424863
1236	0.0685453
1237	0.0471501
1238	0.109518
1239	0.266867
1240	0.0539248
1241	0.864692
1242	0.328898
1243	0.243247
1244	0.747832
1245	0.104089
1246	1.69302
1247	0
1248	2.79591
1249	1.20162
1250	0.42199
1251	0.00396706
1252	0.19862
1253	0.835646
1254	0.72368
1255	0.0678985
1256	0
1257	0.436954
1258	0.443908
1259	2.05642
1260	0.111588
1261	0.0203292
1262	0.0777945
1263	0.00384966
1264	0.174828
1265	8.74336
1266	0.158179
1267	0.0114234
1268	0.0302161
1269	0.08302
1270	0.535346
1271	0.134798
1272	0.335064
1273	0.376295
1274	0.0576077
1275	0.529286
1276	0.080284
1277	0.0219673
1278	1.11726
1279	0.918539
1280	0.305308
1281	0.0483286
1282	0.115626
1283	0.0693244
1284	0
1285	0.478001
1286	0.739641
1287	0.3027
1288	0.0821779
1289	0.712116
1290	0.0441974
1291	1.40998
1292	0.134358
1293	5.24298
1294	0.850947
1295	0.385022
1296	0.0830417
1297	0.0291568
1298	0.000644706
1299	0.0424168
1300	0.445739
1301	0.0404548
1302	0.755478
1303	0.197105
1304	1.13973
1305	0.584333
1306	0.0761692
1307	0.0506605
1308	0.275433
1309	1.7118
1310	3.12045
1311	0.128733
1312	0.0187149
1313	0.0424301
1314	0.62498
1315	0.217713
1316	0.000386536
1317	0.534176
1318	1.09099
1319	0.103299
1320	0.32479
1321	0.121833
1322	0.238186
1323	0.150386
1324	2.61412
1325	0.0344623
1326	0.208192
1327	0.0235041
1328	0.114999
1329	0
1330	0.0972828
1331	0.027013
1332	0.0441239
1333	3.49403
1334	1.26448
1335	0.185274
1336	1.11051
1337	0.886027
1338	0.773983
1339	0.205334
1340	0.0749439
1341	0.066042
1342	0.117377
1343	4.01249
1344	0.0111071
1345	1.95991
1346	0.290435
1347	1.39063
1348	0
1349	0.0175891
1350	0.157693
1351	0.0150969
1352	0.437875
1353	0
1354	1.15901
1355	0.340925
1356	0.0145722
1357	0.226751
1358	0.0323018
1359	0.0111429
1360	1.11498
1361	0.0405407
1362	0
1363	0.0303709
1364	0.204386
1365	0.571989
1366	0.190109
1367	0.114042
1368	0.145236
1369	0.149531
1370	0.134282
1371	0.0843954
1372	0.648395
1373	9.02296
1374	0.356105
1375	0.013628
1376	0.429519
1377	0.123707
1378	0.0543442
1379	0.292768
1380	0.0540805
1381	0.00302139
1382	0.0396028
1383	0.0234261
1384	0.208147
1385	6.5197
1386	2.7254
1387	0.0769655
1388	0.208371
1389	0.177247
1390	0
1391	0.0340993
1392	0.124099
1393	1.22543
1394	1.65714
1395	0.575863
1396	0.332607
1397	1.27071
1398	0.462789
1399	0.106759
1400	0.216045
1401	0.033756
1402	0.102844
1403	1.92798
1404	0.0966192
1405	2.56049
1406	0.0915974
1407	0.018894
1408	0.0565926
1409	0.89783
1410	0.0495513
1411	0.203554
1412	0.0542861
1413	0
1414	1.42043
1415	0.429235
1416	0.0330082
1417	0.0264121
1418	2.32551
1419	2.23564
1420	15.5246
1421	0.477162
1422	0.117327
1423	0.263867
1424	2.57638
1425	0.0136923
1426	0.0313935
1427	0.365155
1428	0.17666
1429	0.0133288
1430	0.668906
1431	0.118129
1432	0.144812
1433	1.0575
1434	0.293735
1435	0.319651
1436	0.0405983
1437	0.0814122
1438	0.707182
1439	1.308
1440	0.257012
1441	0.0106164
1442	0.0976466
1443	0.0686934
1444	0.0132071
1445	0.192353
1446	0.116472
1447	0
1448	0.680009
1449	0.125097
1450	0.16605
1451	0.162489
1452	0.0211047
1453	0.270263
1454	0.136961
1455	4.86081
1456	0.237101
1457	0.500683
1458	0.224846
1459	0.799538
1460	0.028444
1461	0.11027
1462	0.152033
1463	0.156794
1464	0.0455555
1465	0.0991331
1466	1.7058
1467	0.0332664
1468	0.0452511
1469	0.562335
1470	0.13786
1471	0.49919
1472	1.20755
1473	0.6778
1474	0.284596
1475	3.62425
1476	0.147766
1477	1.31619
1478	0.0631305
1479	0.0072358
1480	0.142921
1481	0.163902
1482	0.0389769
1483	15.5808
1484	6.70634
1485	0.00692023
1486	0.980779
1487	0.770829
1488	0.114355
1489	0.102868
1490	0.159512
1491	0.271758
1492	0.210029
1493	0.198625
1494	0.417079
1495	0.0355678
1496	0.256911
1497	0.0531482
1498	0.265512
1499	4.08605
1500	0.431954
1501	1.03219
1502	0.279054
1503	2.87628
1504	0.150358
1505	0.233003
1506	0.0450536
1507	2.91896
1508	0.285751
1509	0.450516
1510	1.45512
1511	0.191409
1512	0.546106
1513	0.371174
1514	0.0632194
1515	0.180337
1516	1.3423
1517	0.994884
1518	0.0999305
1519	0.539829
1520	1.46568
1521	0.616626
1522	0.0492138
1523	0.311808
1524	0.00552799
1525	0.0841525
1526	0.0271975
1527	0
1528	0.0395253
1529	0.307526
1530	0.185708
1531	0.0752349
1532	0.469147
1533	0.46004
1534	0.162487
1535	7.22867e-06
1536	0.0438381
1537	0.341232
1538	1.06731
1539	0.0129661
1540	0.306771
1541	0.0594226
1542	0.184634
1543	0.193858
1544	0.147945
1545	0.0112425
1546	0.12733
1547	0.293526
1548	0.00659857
1549	0.104628
1550	0.338045
1551	0.0116946
1552	0.0181502
1553	0.117595
1554	0.593752
1555	0.198852
1556	1.12785
1557	0.272305
1558	0.0818738
1559	7.54621
1560	0.0204808
1561	2.26433
1562	3.20971
1563	0.177642
1564	0.0970084
1565	0.376746
1566	0.160767
1567	0.324991
1568	0.0108734
1569	0
1570	0.208838
1571	0.45938
1572	0
1573	0.0590662
1574	1.21297
1575	9.2915
1576	0.00680106
1577	0.244378
1578	0.0250324
1579	0.100547
1580	0.0316802
1581	0.305789
1582	0.169521
1583	0
1584	0.23369
1585	0.00684138
1586	0.0389576
1587	2.95529
1588	0.0294285
1589	0.0644627
1590	0.207084
1591	0.0205963
1592	0.105282
1593	0.0230854
1594	0.0898365
1595	1.30798
1596	0.0369461
1597	0.0851344
1598	0.447587
1599	0
1600	0.0977225
1601	0.0764674
1602	0.603802
1603	0.07593
1604	0.0190198
1605	0.548512
1606	0.0145479
1607	0.09497
1608	0.1469
1609	0.127748
1610	0.349519
1611	0.13622
1612	0.133629
1613	0.654565
1614	1.16993
1615	0.141269
1616	0.000482444
1617	0
1618	0.0781006
1619	0.00720938
1620	0.0165234
1621	0.785214
1622	0.1935
1623	0.0937927
1624	0.509935
1625	0.621332
1626	0.15048
1627	0.740285
1628	0
1629	0.0213187
1630	4.52354
1631	0.257063
1632	0.18044
1633	0.16447
1634	1.88336
1635	0.302457
1636	2.71012
1637	0.223338
1638	3.75032
1639	1.23078
1640	0.0174109
1641	0.0616184
1642	0.376085
1643	0.176981
1644	0.152139
1645	0.332835
1646	0.0139242
1647	0.110161
1648	0.0587802
1649	0.516013
1650	0.648844
1651	0.0395468
1652	0.120687
1653	0.0721988
1654	1.27602
1655	0.190777
1656	0.297328
1657	0.381416
1658	0.629394
1659	0
1660	0.124009
1661	0.522744
1662	0.0318081
1663	2.58783
1664	0.00117978
1665	0.363507
1666	0.177267
1667	0.0269032
1668	0.0282401
1669	1.5023
1670	0.0170036
1671	4.14267
1672	5.35827
1673	0.212892
1674	0.00559734
1675	0.00836386
1676	0.10484
1677	0
1678	0.120641
1679	6.45342
1680	0.107339
1681	0.0606279
1682	0.00394922
1683	0.0263504
1684	1.39579
1685	0.112461
1686	0.067452
1687	0.103007
1688	0.359816
1689	0
1690	0.134892
1691	0.451313
1692	1.02962
1693	0.0236474
1694	0.121713
1695	0.114989
1696	0.462812
1697	0.0184143
1698	0.0453818
1699	0.133526
1700	0.450192
1701	0.139396
1702	0.0552849
1703	0
1704	0.12911
1705	0.674577
1706	8.31832
1707	0.109946
1708	0.0715679
1709	0.0795028
1710	0
1711	0.0411595
1712	0.0272398
1713	9.21715
1714	0.315301
1715	0.0510366
1716	6.94099
1717	0.303223
1718	0.0884592
1719	0.0937424
1720	0.015921
1721	0.0212108
1722	0.185175
1723	0.079723
1724	0.213149
1725	0.464586
1726	0.0781717
1727	0.015429
1728	0.512908
1729	0.629595
1730	0.147964
1731	0.0194156
1732	0.16024
1733	1.58322
1734	3.13424
1735	0.0101858
1736	0.214942
1737	0.0871727
1738	0.116238
1739	0
1740	0.0292574
1741	0.256701
1742	0.0337052
1743	0.0482309
1744	0.149466
1745	0.0560276
1746	0.660148
1747	0.170439
1748	0.304665
1749	0.161935
1750	0.228061
1751	0.412473
1752	0.0749666
1753	3.90266
1754	0.0146647
1755	0.0241248
1756	0.336959
1757	0.0112626
1758	0.259467
1759	0.178312
1760	3.56489
1761	0.130257
1762	0.00962082
1763	0.0303266
1764	0
1765	0.0157376
1766	0.09707
1767	0.141105
1768	0.152611
1769	0.933599
1770	0.0816478
1771	0.475777
1772	0.418716
1773	0.0829097
1774	0.0445399
1775	0.129615
1776	0.0992145
1777	0.244245
1778	0.922666
1779	0.088774
1780	0.535135
1781	0.172804
1782	0.0929831
1783	0.0408833
1784	0.515708
1785	4.65766
1786	0.120054
1787	0.0209135
1788	0.0281899
1789	0.738779
1790	0.125639
1791	0.955033
1792	0.43263
1793	0.0394786
1794	0
1795	1.24558
1796	0.464062
1797	0.0333865
1798	0.330348
1799	0.111388
1800	0.0366546
1801	0.458813
1802	0.0302926
1803	0.135519
1804	0.137518
1805	0.00858081
1806	0.259503
1807	0.0556325
1808	4.54596
1809	0.129825
1810	0.467072
1811	0.311706
1812	2.12276
1813	0.813913
1814	0.0301593
1815	3.11574
1816	0.0849867
1817	0.221602
1818	0.0489062
1819	2.19095
1820	0.0192385
1821	0.0505099
1822	3.60073
1823	0.0155504
1824	0.0511613
1825	0.552982
1826	0.53589
1827	0.117832
1828	3.83842
1829	0.315238
1830	0.363997
1831	0.223073
1832	6.54115
1833	0.579067
1834	0.107754
1835	0.131228
1836	2.64339
1837	0.487509
1838	0.702963
1839	0.014702
1840	0.935503
1841	1.60593
1842	0.401185
1843	0.064055
1844	0.387406
1845	0.590907
1846	0.0528028
1847	0.124478
1848	0.0868172
1849	0.612825
1850	0
1851	0.434908
1852	0.181785
1853	3.47942
1854	0.0573698
1855	0.0419342
1856	0.6055
1857	0.246764
1858	2.25124
1859	0.163854
1860	0.853268
1861	0.0220034
1862	9.97682
1863	0.253579
1864	0.00850931
1865	0.0284116
1866	1.17321
1867	0.200497
1868	0
1869	0.0126062
1870	0.00401434
1871	0.13768
1872	0.588105
1873	0.0816202
1874	0.339286
1875	0.161043
1876	0.378829
1877	6.10729
1878	0.574833
1879	0.128394
1880	0.0149354
1881	0.0318604
1882	11.8467
1883	0.107899
1884	0.0135719
1885	0.610582
1886	0.471124
1887	0.0808051
1888	0.0393658
1889	0.0892035
1890	0.15123
1891	0.298322
1892	0.0705817
1893	0.666435
1894	0.0502022
1895	0.0441364
1896	0.0250984
1897	0.10584
1898	0.780309
1899	0.294109
1900	0.230339
1901	0.148217
1902	1.68741
1903	0.274829
1904	0.577266
1905	0.161253
1906	0.109251
1907	0.394458
1908	0.309537
1909	0.162081
1910	0.446624
1911	0.0951459
1912	0.526863
1913	0.150515
1914	4.83736
1915	0.129714
1916	0.181253
1917	2.13897
1918	0.106337
1919	0.56799
1920	3.98561
1921	0.10085
1922	0.00968291
1923	0.412527
1924	0.356482
1925	0.241051
1926	0.0112985
1927	0.159741
1928	0.00920663
1929	0.208441
1930	0
1931	0.939743
1932	0.959223
1933	0
1934	12.1315
1935	0.166842
1936	0.140174
1937	0.0889468
1938	0.070604
1939	0.520074
1940	0.0241463
1941	0.106738
1942	0
1943	0.221983
1944	0.0243579
1945	0.0796416
1946	1.00853
1947	0.200927
1948	0
1949	8.64247
1950	0
1951	0.000806997
1952	0.060236
1953	0.184219
1954	0.135091
1955	0.0407663
1956	0.126022
1957	0.242306
1958	0.672102
1959	0.0431137
1960	0.0475192
1961	0.0027183
1962	0.252967
1963	0.562345
1964	0.0916231
1965	1.55599
1966	1.6487
1967	0.199067
1968	5.06373
1969	0.0298523
1970	0.126647
1971	1.07172
1972	0.0913171
1973	0.330977
1974	0.0339594
1975	1.32788
1976	4.72116
1977	2.62533
1978	6.27385
1979	0.300151
1980	0.258952
1981	1.97724
1982	0.666006
1983	2.1048
1984	0.194736
1985	0.414821
1986	0.0918442
1987	0.260184
1988	0.178073
1989	0.183745
1990	0.00173841
1991	0.192084
1992	0.50656
1993	0.214351
1994	0.407264
1995	1.78289
1996	0.439634
1997	0.0398319
1998	0.758093
1999	0.0160455
2000	0.229084
2001	0.73142
2002	0
2003	0.140032
2004	0.167103
2005	0.339525
2006	0.867549
2007	0.300738
2008	0.250844
2009	0.241174
2010	0.174507
2011	0.012456
2012	0.133471
2013	0.536745
2014	7.89934
2015	0.916912
2016	0.016109
2017	1.31708
2018	0.308816
2019	0.415304
2020	0.0283974
2021	0.0818574
2022	1.55734
2023	0.137461
2024	0.423077
2025	0.0175895
2026	0.146006
2027	0.107145
2028	0.00779456
2029	0.017936
2030	0.0129126
2031	0.798637
2032	0.041814
2033	0.139079
2034	0.179721
2035	0.0906705
2036	0.0250069
2037	0.736904
2038	0.488163
2039	2.036
2040	0.107257
2041	0.00289823
2042	1.37755
2043	0.372025
2044	0.22056
2045	0.160327
2046	0.153653
2047	0.0749676
2048	0.0831017
2049	0.594694
2050	0.102015
2051	0
2052	1.03657
2053	1.03641
2054	0.0886357
2055	0.108836
2056	0.111655
2057	0.123244
2058	0.291607
2059	0.141074
2060	0.0813283
2061	0.0480619
2062	0.255885
2063	0.206872
2064	0.165705
2065	0.0929044
2066	0.252542
2067	0.287152
2068	0.599189
2069	0.320488
2070	1.14178
2071	0.0343325
2072	0.11104
2073	0.728554
2074	0.130944
2075	0.485718
2076	0.0163703
2077	0.520851
2078	0.688188
2079	0.219794
2080	0.184047
2081	0.128749
2082	0.202327
2083	3.89967
2084	0.334342
2085	0.0904705
2086	1.62384
2087	0.13967
2088	0.323791
2089	0.0823499
2090	0
2091	0.0162355
2092	0.632829
2093	0.0552893
2094	0.099378
2095	0.0382674
2096	0.100909
2097	0.42411
2098	0.00430531
2099	0.233513
2100	0.500965
2101	0.162467
2102	0.0670346
2103	0.0634799
2104	0.169861
2105	0.0155176
2106	0
2107	0.106226
2108	0.85892
2109	0.0741024
2110	0.100989
2111	0.108207
2112	0.0139279
2113	0.0400096
2114	8.19146
2115	0.204143
2116	0.0448209
2117	11.3786
2118	0.113745
2119	0
2120	0.0984676
2121	0.220213
2122	0.020437
2123	1.69041
2124	0.0367512
2125	0.162657
2126	10.0519
2127	0
2128	0.00680291
2129	0.387719
2130	0.477649
2131	0.217062
2132	0.0469301
2133	0.00242774
2134	1.52638
2135	0.176723
2136	0.016019
2137	0
2138	0.105215
2139	0.0345926
2140	0.149618
2141	3.86552
2142	0.029507
2143	0.0740273
2144	0.00960729
2145	0.259221
2146	0.0216392
2147	0.171625
2148	0.149397
2149	0.0343712
2150	0.0624671
2151	0.327012
2152	0.015337
2153	0.186917
2154	0.226008
2155	0.162522
2156	0.0185546
2157	0.048303
2158	0.0500733
2159	0.598901
2160	0.225094
2161	0.0192311
2162	0.0235049
2163	0.169927
2164	0.394727
2165	0.341101
2166	0.0390571
2167	0
2168	0.0865566
2169	0.0373046
2170	0.338443
2171	0.0257851
2172	1.1264
2173	0.334604
2174	0.210308
2175	0.0798002
2176	0.278111
2177	0.219241
2178	0.243445
2179	1.26773
2180	0.0602381
2181	0.475098
2182	0.117087
2183	0.0338877
2184	0.045319
2185	0.0796436
2186	0.0587341
2187	0.0941735
2188	0.0607449
2189	5.03313
2190	2.07489
2191	0.0469466
2192	0.178119
2193	0.0866421
2194	0.762996
2195	0.426895
2196	0.436662
2197	0.209955
2198	0.00032124
2199	0.120718
2200	0.104109
2201	0.212294
2202	0.0189142
2203	0.803844
2204	2.12852
2205	0.767468
2206	0.0506179
2207	2.97717
2208	0.208097
2209	0.06328
2210	0.132715
2211	0.121938
2212	0.051324
2213	0.0761705
2214	0.163485
2215	0
2216	0.230897
2217	0.645609
2218	0.106929
2219	0.112001
2220	0.0370564
2221	0.094775
2222	0.0427612
2223	0.282568
2224	0.0811113
2225	0.0271441
2226	0.451344
2227	0.0134386
2228	0.07656
2229	1.37373
2230	0.0823589
2231	0.183816
2232	0.163611
2233	0.00078394
2234	0.118596
2235	0.648177
2236	0.728588
2237	0.338271
2238	0.398841
2239	0.0703342
2240	0.164119
2241	0.0194958
2242	2.3517
2243	0.288773
2244	1.16693
2245	0.688887
2246	0.215423
2247	0.154141
2248	0.0615405
2249	0.140965
2250	0.0168094
2251	7.46343
2252	0.00515169
2253	0.0558984
2254	0.47816
2255	0.190094
2256	0.525164
2257	0.0150138
2258	0.407698
2259	1.13539
2260	0.759848
2261	0.0374606
2262	0.332137
2263	0.0119134
2264	0
2265	0.0174483
2266	0.0944447
2267	0.0290944
2268	0.00773471
2269	0.0793873
2270	0.417863
2271	0.096455
2272	0.0114395
2273	0.304589
2274	0.0225073
2275	0.0411287
2276	0.0829097
2277	0.125162
2278	0.343222
2279	0.0214235
2280	0.238123
2281	0.241224
2282	0.147253
2283	0.53223
2284	0.0390925
2285	0.272865
2286	0.0445285
2287	0.0655998
2288	0.327539
2289	2.19088
2290	0.0279533
2291	0.0345379
2292	0.0989302
2293	0.0338734
2294	0.039504
2295	0.550923
2296	0
2297	0.116455
2298	0.0683791
2299	0.0516659
2300	0.0417141
2301	0.119276
2302	0.0913076
2303	0.114462
2304	0.257983
2305	2.00252
2306	0.275028
2307	0.979075
2308	0.551482
2309	0.0725056
2310	0.131195
2311	0.129514
2312	0.0349404
2313	1.06904
2314	0.753468
2315	0.0601437
2316	3.24752
2317	0.0192712
2318	2.44603
2319	0
2320	0.0517875
2321	1.16272
2322	0.0169522
2323	0.542606
2324	0.0773292
2325	3.70989
2326	0.0902779
2327	0.119731
2328	0.083455
2329	0.503092
2330	2.31844
2331	0.0271389
2332	0.276382
2333	0.349698
2334	0.259528
2335	0.0576374
2336	0.00368226
2337	0.0495364
2338	0.0321906
2339	0.0328688
2340	0.791024
2341	0.0981585
2342	0.293039
2343	0.223266
2344	0.791278
2345	0.0256379
2346	0.0894218
2347	0.0276359
2348	0.0811
2349	0.455312
2350	0.171289
2351	0.0526379
2352	0.844109
2353	0.26554
2354	0.126891
2355	0.172202
2356	0.182672
2357	0.284754
2358	0.0231903
2359	0.0155955
2360	0.110452
2361	0.0748641
2362	0.22279
2363	0.370385
2364	1.33547
2365	0.179537
2366	9.33651
2367	0.24128
2368	0.169186
2369	0
2370	0.0278726
2371	0.0147436
2372	0.612749
2373	0.0596156
2374	0.0264874
2375	0.0784661
2376	0.0232855
2377	0.0077295
2378	0.0499978
2379	0
2380	0.226792
2381	0.39856
2382	0.193345
2383	0.0386047
2384	0.0425677
2385	0.208222
2386	0.00522868
2387	0.00658014
2388	0.0521545
2389	0.0739772
2390	0.250672
2391	0.0321802
2392	1.11412
2393	0.0876582
2394	1.0398
2395	0.0275966
2396	0.727807
2397	0.0301723
2398	0.654144
2399	0.604515
2400	2.52329
2401	0.334288
2402	0.27781
2403	0.0965627
2404	0.000952535
2405	0.0031989
2406	0.146577
2407	0.0154326
2408	5.16357
2409	0.124306
2410	0.0205212
2411	0.540526
2412	0.0474928
2413	0.216787
2414	3.146
2415	0.0376091
2416	0.0490144
2417	0.915005
2418	0.0548469
2419	1.9082
2420	0.0413414
2421	0.536651
2422	0.24563
2423	0.00535597
2424	0.799504
2425	0.177568
2426	1.02522
2427	0.414991
2428	0.130506
2429	0.32866
2430	0.272445
2431	7.4531
2432	0.0396118
2433	0.055269
2434	0.0155453
2435	0.175836
2436	0.0885922
2437	0.502375
2438	2.44061
2439	0.106179
2440	0.0566322
2441	0.379069
2442	1.06157
2443	0.266852
2444	1.06989
2445	0.400757
2446	2.61168
2447	0.469734
2448	0.30538
2449	0.0231268
2450	0
2451	0.175449
2452	0.153692
2453	0.000705538
2454	0.763243
2455	0.0433864
2456	5.78232
2457	5.47629
2458	0.0876603
2459	0.0120056
2460	0.145594
2461	0.58643
2462	0.242009
2463	0.372551
2464	0.751236
2465	0.216842
2466	0.0401189
2467	0.0349152
2468	0.0914467
2469	0.00756011
2470	0.116402
2471	0.0977691
2472	0
2473	0
2474	0.441858
2475	1.50281
2476	0.220052
2477	0.121313
2478	0.765635
2479	0.0348711
2480	0.170782
2481	0.242389
2482	0.102023
2483	2.66672
2484	0.0206701
2485	0.196894
2486	0.167137
2487	0.0931027
2488	0
2489	0.64349
2490	1.75379
2491	0.333742
2492	1.65778
2493	0.22911
2494	0.103629
2495	0.0616028
2496	0.319579
2497	0.25529
2498	1.04568
2499	0.208679
2500	0.155523
2501	0.281078
2502	0.0356345
2503	0.111344
2504	0.146593
2505	0.019069
2506	0.00560145
2507	0.0349738
2508	0.0988272
2509	0.163572
2510	0.126225
2511	0.30727
2512	3.6421
2513	0.0994987
2514	0.772271
2515	0.109234
2516	0.040452
2517	0.386148
2518	0.0907396
2519	0.0364961
2520	0.0390252
2521	0.0663877
2522	0.0934687
2523	0.0408341
2524	0.0679096
2525	0.138569
2526	0.491914
2527	0.00468581
2528	0.156738
2529	0.216398
2530	1.55582
2531	0.763042
2532	0.0956789
2533	0.134335
2534	0.156976
2535	1.53834
2536	2.26044
2537	0.578136
2538	0.116384
2539	0.16225
2540	0.338635
2541	1.00053
2542	0.81165
2543	0.186305
2544	0.107477
2545	0.0294246
2546	0.10614
2547	0.0863492
2548	0.313002
2549	0.558582
2550	0.86449
2551	0.040259
2552	0.00429
2553	0.136452
2554	0.431143
2555	0.178997
2556	0.0273915
2557	7.6669
2558	0.0857815
2559	0.0433602
2560	0.0158909
2561	0.0343656
2562	0.050774
2563	0.109047
2564	0.0444729
2565	0.599049
2566	10.192
2567	4.02985
2568	0
2569	0.815382
2570	0.027549
2571	0.0444478
2572	0.0139636
2573	0
2574	0.0473656
2575	0.0739286
2576	0.528249
2577	0.594478
2578	0.0251529
2579	0.0134787
2580	2.0841
2581	0.00859546
2582	14.6598
2583	0.348147
2584	0.766884
2585	0.0402877
2586	0.0185149
2587	0.108854
2588	0.0382661
2589	0.39488
2590	0.383171
2591	0.317467
2592	0.0164507
2593	0.250829
2594	0.0306686
2595	0.410901
2596	0.0834049
2597	5.31308
2598	0.226394
2599	0.00296675
2600	0.420527
2601	0.577727
2602	0.302046
2603	0.0123989
2604	2.55088
2605	0.0305016
2606	0.228141
2607	0.226745
2608	0.107423
2609	0.0500739
2610	0.20598
2611	0.0419897
2612	0.618558
2613	0.384954
2614	1.59089
2615	0.604303
2616	0.0114443
2617	0.0881386
2618	0.326729
2619	0.193888
2620	0.0080866
2621	0.669034
2622	0.0220233
2623	0.14634
2624	0.299345
2625	0.183473
2626	0.0521776
2627	0.415184
2628	0.119292
2629	0.807256
2630	0.745723
2631	0.0659043
2632	0.0645479
2633	0.17125
2634	0.989422
2635	0.703179
2636	0.0595813
2637	0.246705
2638	0.147343
2639	5.41431
2640	0.0249788
2641	0.35707
2642	0.283889
2643	0.550457
2644	0.175932
2645	0.128149
2646	0.515265
2647	0.50582
2648	0.0618359
2649	0
2650	0.124388
2651	0.113415
2652	0.019373
2653	0.0437239
2654	9.63103
2655	0
2656	6.06203
2657	0.195878
2658	0.0880607
2659	0.0783158
2660	39.765
2661	0.209481
2662	0.120003
2663	0.429549
2664	0.128658
2665	0.139997
2666	1.24671
2667	0.210255
2668	0.0603509
2669	0.459114
2670	0.0668791
2671	0.447894
2672	0.174966
2673	0.0566352
2674	0.673672
2675	0.0303101
2676	0.247936
2677	1.27831
2678	10.432
2679	0.0725531
2680	0.208073
2681	0.762342
2682	0.0572373
2683	0.161599
2684	0.202394
2685	0.102007
2686	0.123004
2687	0.0212423
2688	0.121055
2689	0.112521
2690	2.71614
2691	5.02038
2692	0.00929464
2693	0.332828
2694	0.185781
2695	0.0473908
2696	0.492177
2697	0.706173
2698	0.175387
2699	0.0475792
2700	0.0444306
2701	0.0663138
2702	0.0082519
2703	0.390147
2704	0.542427
2705	0.136771
2706	0.0567865
2707	4.34675
2708	0.317948
2709	1.01162
2710	0.0828139
2711	0.545834
2712	0.0351209
2713	0.175772
2714	0.335346
2715	0.853182
2716	0.460619
2717	0.4704
2718	0.24312
2719	0
2720	0.0527663
2721	0.316277
2722	0.268279
2723	0.205716
2724	0.152118
2725	0.0358993
2726	0.522435
2727	1.17425
2728	0.557033
2729	0.0285705
2730	2.89931
2731	0.391872
2732	0.0863641
2733	0.0882868
2734	0.61813
2735	0.493253
2736	31.2891
2737	0.0488973
2738	0.0372552
2739	5.74338
2740	1.08552
2741	0.128095
2742	0.567643
2743	0.18029
2744	0.16305
2745	0.470859
2746	0.0999678
2747	0.0417659
2748	0.0270334
2749	0.0224711
2750	1.57699
2751	0.216314
2752	0.155435
2753	0.141513
2754	0
2755	0.0590598
2756	0.16752
2757	5.22781
2758	0.769506
2759	7.0734
2760	0.141522
2761	0.468242
2762	0.279755
2763	0.161304
2764	0.540958
2765	1.2823
2766	0.150748
2767	1.68045
2768	0.190931
2769	0.114005
2770	0.104467
2771	1.01046
2772	0
2773	0.0845464
2774	0.0238106
2775	0
2776	0.180446
2777	0.182791
2778	0.127028
2779	0.703441
2780	0.0186994
2781	0.509992
2782	4.45398
2783	0.527764
2784	1.17844
2785	0.113146
2786	0.217968
2787	0.912894
2788	3.24867
2789	0.252674
2790	0.0321137
2791	0.0014048
2792	3.30299
2793	0.235624
2794	0.2681
2795	0.0115059
2796	0.145051
2797	0.14605
2798	0.366602
2799	0.0157412
2800	0.0470351
2801	0.781831
2802	1.22539
2803	3.28955
2804	0.249159
2805	0.104351
2806	0.278859
2807	0.10012
2808	0.173134
2809	0.126453
2810	0.0686574
2811	0.080175
2812	0.558967
2813	0.363197
2814	0.49821
2815	0.0868296
2816	0.111909
2817	0.191239
2818	0.263693
2819	0.192797
2820	0.707604
2821	0.0099396
2822	0.0389659
2823	0.158309
2824	0.10615
2825	0.000859815
2826	5.20514
2827	1.76384
2828	0.0199534
2829	0.0172807
2830	0.124477
2831	1.01116
2832	0.0696586
2833	0
2834	0
2835	0.0895678
2836	0.0407987
2837	0.143223
2838	0.435246
2839	3.66031
2840	0
2841	0.0594476
2842	0.0134935
2843	0.197785
2844	0.0301196
2845	0.00433893
2846	0.614023
2847	0.428087
2848	0.0967749
2849	0.134213
2850	0.020239
2851	0.261317
2852	0.822767
2853	0.500593
2854	0.268181
2855	0.0513063
2856	0.00640859
2857	0.348457
2858	0.0440357
2859	0.0824197
2860	0.479668
2861	0.990378
2862	0.425145
2863	0.0207169
2864	0.389689
2865	0.114445
2866	0.0212457
2867	0.0280313
2868	0.0501228
2869	0.0634198
2870	0.267469
2871	0.0137756
2872	2.2764
2873	0.903425
2874	0.346762
2875	0.177908
2876	0.0939923
2877	0.00553146
2878	0.0032152
2879	0.22029
2880	0.00403757
2881	0.450391
2882	0.0261684
2883	0.0111442
2884	0.214038
2885	0.115938
2886	0.00491709
2887	0.841423
2888	0.357825
2889	0.449537
2890	0.606289
2891	0.27847
2892	0.767667
2893	0.1259
2894	0.395867
2895	5.39587
2896	0
2897	0.0122337
2898	1.03732
2899	0.303096
2900	0.634078
2901	2.1933
2902	0.124536
2903	0.321495
2904	0.441298
2905	0.192682
2906	0.160414
2907	0.00178675
2908	0.27088
2909	0.0798254
2910	0.121404
2911	0.288202
2912	0.834566
2913	0.150612
2914	0.0808989
2915	0.339308
2916	0
2917	6.82953
2918	0.00542447
2919	0.016742
2920	0.0103686
2921	0.083593
2922	0.0856561
2923	0.108032
2924	0.01109
2925	0.121527
2926	0.540391
2927	0.187705
2928	0.0272289
2929	0.140519
2930	0.0176208
2931	0.281632
2932	0.468122
2933	0.197173
2934	0.00123792
2935	0.0257188
2936	0.032769
2937	0.790776
2938	0.15532
2939	0.0622604
2940	0.0530768
2941	0.0452145
2942	0.0197278
2943	0.0618149
2944	0.0148106
2945	0.799455
2946	0.182252
2947	2.40699
2948	1.32771
2949	0.273869
2950	0.322275
2951	0.298128
2952	0.032674
2953	0.0223534
2954	0.355219
2955	0.268766
2956	0.16237
2957	0.390318
2958	1.9593
2959	69.3585
2960	0.188525
2961	0
2962	0.237599
2963	0.347892
2964	0.496801
2965	0.2513
2966	0.201828
2967	2.70586
2968	0.0219669
2969	4.87908
2970	0.0664101
2971	3.60362
2972	5.07447
2973	0.0248705
2974	0.124922
2975	0.325824
2976	0.195855
2977	0
2978	0.304317
2979	0.507958
2980	0.0472081
2981	0.0507814
2982	0.00021446
2983	0
2984	0.396019
2985	11.4452
2986	0.0355782
2987	0.0587452
2988	0.154612
2989	0.0765757
2990	0.159908
2991	0.491086
2992	0.106332
2993	0.0441344
2994	0.0391923
2995	0
2996	0.186058
2997	0.307558
2998	0.0734358
2999	0.02573
3000	0
3001	0.205826
3002	0.276226
3003	0.140421
3004	0.237886
3005	0.0125959
3006	0
3007	0.214428
3008	0.0348683
3009	0.93252
3010	0.131263
3011	0
3012	0.0361914
3013	0.00579914
3014	1.71364
3015	0.0608839
3016	0.0564614
3017	36.6608
3018	16.3683
3019	0.376958
3020	0.0954485
3021	0.0562606
3022	0.0145765
3023	0.11759
3024	0.198728
3025	0.103041
3026	0.526699
3027	0.0827804
3028	0.0672034
3029	0.0406658
3030	0.0460465
3031	0.655788
3032	0.0343624
3033	0.196047
3034	0.025415
3035	0.285649
3036	0
3037	0.192025
3038	0
3039	0.0995388
3040	0.275591
3041	0
3042	0.0312248
3043	0.0567876
3044	0.404604
3045	0.0105389
3046	0.053021
3047	0.0130439
3048	0.164462
3049	0.262217
3050	0.102672
3051	15.9476
3052	0.0657215
3053	0
3054	4.06987
3055	0.0847388
3056	0.280772
3057	0.0148413
3058	0.083014
3059	0.0853667
3060	0.30521
3061	0.29516
3062	0.127963
3063	2.36197
3064	0.0958134
3065	0.0513952
3066	0.125412
3067	1.62613
3068	4.58786
3069	0.285143
3070	0.295194
3071	0.110506
3072	3.31032
3073	1.70745
3074	0.382495
3075	0.0434208
3076	0.0312675
3077	0.0402523
3078	0.143352
3079	4.18517
3080	0.135645
3081	0.388807
3082	0.27108
3083	0.986297
3084	2.54228
3085	0.32768
3086	0.410211
3087	0.154923
3088	0.217982
3089	0.105027
3090	0.0672093
3091	0.782551
3092	0.229212
3093	1.12465
3094	0.129584
3095	0.073887
3096	0.0106886
3097	0.148686
3098	0.00156396
3099	0.901277
3100	0.183598
3101	3.84144
3102	0.0575426
3103	0.147378
3104	0.492426
3105	0.357835
3106	0.758382
3107	0.0466282
3108	0.00286885
3109	0.190648
3110	0.0549237
3111	0.0512255
3112	0.599372
3113	0.585104
3114	0
3115	0.00991417
3116	0
3117	0.0310586
3118	0.00710011
3119	0.0514757
3120	0.0567702
3121	0
3122	0.156694
3123	2.44502
3124	0.115805
3125	0.0239789
3126	0.139713
3127	0.184639
3128	16.8977
3129	0.411146
3130	0.00600243
3131	0.0349148
3132	0.01849
3133	0.35271
3134	0.343616
3135	7.77741
3136	0.0407999
3137	0.636658
3138	2.8692
3139	1.85424
3140	0.0227629
3141	0.00449995
3142	0.0152107
3143	0.485123
3144	0.177001
3145	0
3146	0.0595613
3147	0.0215406
3148	0.236858
3149	0.163768
3150	0.631791
3151	0.089522
3152	0
3153	0.143073
3154	0.0018722
3155	0.0422502
3156	0.127335
3157	2.84956
3158	0.229278
3159	0.0218789
3160	0.00798173
3161	0.157498
3162	0.366269
3163	0.511766
3164	6.41013
3165	0.195026
3166	0.0469341
3167	0.151095
3168	0.103941
3169	0.292701
3170	2.15087
3171	2.21114
3172	0.0294631
3173	0.152072
3174	0.274179
3175	0.213971
3176	0.182326
3177	0.0242421
3178	1.28678
3179	0.0428513
3180	0.330129
3181	0
3182	0.0443788
3183	0
3184	0.261766
3185	0.130453
3186	0.134851
3187	3.3522
3188	0.0671423
3189	0.883332
3190	0.493819
3191	0.593248
3192	0.2348
3193	8.00704
3194	1.03439
3195	0.296022
3196	0.608663
3197	7.98195
3198	2.42187
3199	0.133762
3200	0.00961394
3201	1.18085
3202	0.337092
3203	0.745488
3204	0.220322
3205	0.148241
3206	0
3207	5.71294
3208	12.5918
3209	0.144907
3210	0.461969
3211	0.967821
3212	0.000664336
3213	0.0505784
3214	0.194193
3215	0.0597939
3216	0.154276
3217	0.204669
3218	2.3314
3219	0.0585558
3220	0.246864
3221	0.352627
3222	0.029318
3223	1.30663
3224	0.0370187
3225	0.0445101
3226	0
3227	1.40384
3228	1.10709
3229	0.0161209
3230	0.0486994
3231	0
3232	0.953743
3233	0.0446041
3234	0.0502337
3235	0.314649
3236	7.14543
3237	0.145666
3238	0.224827
3239	5.88104
3240	0.0426504
3241	0.132841
3242	0.141956
3243	0.164869
3244	0.175261
3245	0.234805
3246	0.710069
3247	0.628869
3248	0.0605846
3249	0.0283129
3250	0.11333
3251	2.47834
3252	0.224724
3253	0.0705033
3254	0.2927
3255	0.498496
3256	0.00207997
3257	0.0419663
3258	1.44916
3259	0.0186138
3260	0.735762
3261	0.286528
3262	0.473371
3263	0.416742
3264	0.0907918
3265	0.175451
3266	0.00522618
3267	0.043057
3268	0.0792903
3269	0.0270041
3270	1.20824
3271	0.065686
3272	0.0449735
3273	0.291698
3274	1.16643
3275	0.0942234
3276	0.17997
3277	0.429253
3278	1.67737
3279	0.206308
3280	0.0664791
3281	3.59517
3282	0.141548
3283	0
3284	0.0634202
3285	1.20532
3286	0.910187
3287	0.0731259
3288	0.0173659
3289	0.704033
3290	0.046485
3291	0.0108258
3292	0.0169174
3293	0.0226536
3294	0
3295	0.191973
3296	1.64191
3297	0
3298	0.775466
3299	0.0500445
3300	0
3301	0.0826335
3302	2.114
3303	0.14866
3304	1.06441
3305	0.133751
3306	0.711434
3307	0.139381
3308	0.132783
3309	0.00691229
3310	0.0856137
3311	1.40902
3312	0
3313	0.056043
3314	0
3315	0.0671448
3316	1.45755
3317	0
3318	0.154104
3319	0.232291
3320	35.2243
3321	0.181852
3322	0.179992
3323	0.0815494
3324	0.10535
3325	0.240122
3326	0.235845
3327	0.150351
3328	0.0167598
3329	0.0555611
3330	0.180562
3331	0.0040294
3332	0.0841056
3333	0.0406688
3334	0.45757
3335	0.115699
3336	0.0719266
3337	0
3338	0.823085
3339	0.186611
3340	0.200396
3341	0.732603
3342	0.322711
3343	4.38369
3344	0.309073
3345	0.188652
3346	0.0143774
3347	0.169434
3348	0.454561
3349	4.09302
3350	0.308733
3351	0.0664052
3352	0.275507
3353	0
3354	1.25462
3355	1.65885
3356	0.153981
3357	0.789652
3358	2.50522
3359	3.30163
3360	0.115162
3361	0.071364
3362	0.00931056
3363	0.526568
3364	0.370485
3365	0.145632
3366	0.164497
3367	0.0377483
3368	0.0721745
3369	1.42404
3370	1.13048
3371	0.0485748
3372	0.205572
3373	1.00527
3374	0.519551
3375	0.644681
3376	0.183657
3377	0.0735662
3378	0.0200298
3379	0.201124
3380	0.010469
3381	0.356393
3382	0.17559
3383	0.12361
3384	0.479935
3385	0.00224004
3386	1.47788
3387	1.32219
3388	0.0272876
3389	0.0877671
3390	0.0142018
3391	0.258503
3392	0.0791687
3393	0.345157
3394	0.453093
3395	0.051332
3396	0.607191
3397	0.0453682
3398	0.530507
3399	0.0172802
3400	0.355337
3401	0.082314
3402	7.59013
3403	0.493585
3404	0.424216
3405	1.30781
3406	0.294056
3407	0.146124
3408	0.380533
3409	0.549651
3410	0.159735
3411	0.156696
3412	2.11548
3413	0.028672
3414	0.203088
3415	0.331337
3416	0.417204
3417	0.657389
3418	0.315909
3419	0.170509
3420	1.98769
3421	2.08457
3422	0
3423	0.293066
3424	0.942803
3425	0.102166
3426	0.0157607
3427	0.049138
3428	0.0463016
3429	0.216929
3430	0.0153189
3431	0.0404398
3432	0.0209174
3433	0.0685272
3434	0.921081
3435	0.158693
3436	0.171425
3437	0.0372898
3438	1.97453
3439	0.0386962
3440	0.135036
3441	0
3442	0.0304221
3443	0.0188944
3444	0.360537
3445	1.05895
3446	0.363851
3447	0.0194523
3448	0.0415755
3449	0.368537
3450	0.186068
3451	1.10025
3452	0.0390352
3453	0.635753
3454	0.03222
3455	0
3456	0.104976
3457	0.0101306
3458	3.40019
3459	0.0398955
3460	0.117854
3461	0.100572
3462	0.0419758
3463	0.00920838
3464	0.0118098
3465	0
3466	0.53814
3467	0.0162956
3468	0
3469	0.112092
3470	0.299793
3471	1.555
3472	0.0494308
3473	0.192917
3474	0.206734
3475	0.25969
3476	0.0411166
3477	0.0200377
3478	2.10431
3479	0.365906
3480	1.5039
3481	0.242374
3482	0.0731917
3483	0.0514786
3484	0.364865
3485	0.0531119
3486	0.372859
3487	0.850907
3488	0.249617
3489	0.0563559
3490	0
3491	0
3492	1.81292
3493	0.0617542
3494	0.0132887
3495	0.295548
3496	0.495319
3497	0.0291792
3498	1.7342
3499	0.405204
3500	0.486529
3501	0.0575794
3502	0.0685554
3503	0.118496
3504	0.0678322
3505	0.0523006
3506	9.68122
3507	0.0711636
3508	0.123253
3509	2.15074
3510	4.93883
3511	0.2803
3512	0.117356
3513	0.260484
3514	0.00648588
3515	0
3516	1.03605
3517	0.0167587
3518	0.136057
3519	0.133815
3520	0.294197
3521	0.0106526
3522	0.111915
3523	0.0158296
3524	0.043821
3525	0.0500391
3526	0.138467
3527	0.0714601
3528	0.658218
3529	2.67856
3530	0.0187267
3531	0.0716348
3532	0.140149
3533	0.00743151
3534	0.19885
3535	1.0172
3536	0.0134364
3537	0.0766957
3538	0.143877
3539	0.0412006
3540	0.0655905
3541	0.00329458
3542	0.0556197
3543	0.201537
3544	0.0283746
3545	0.0139009
3546	0.166715
3547	0.0106833
3548	0.0310036
3549	0.0251403
3550	0.0843193
3551	0.0465504
3552	0.031979
3553	0.000139972
3554	0.11769
3555	0.308222
3556	0.0200505
3557	0.0382539
3558	0.0281457
3559	0.549075
3560	0.34214
3561	0.00278731
3562	0.116265
3563	0.783102
3564	0.272047
3565	0
3566	0.0388211
3567	0.18845
3568	0.806614
3569	0.0270564
3570	0.0754069
3571	0.19451
3572	0.250351
3573	0.0256222
3574	0.0447684
3575	0.938866
3576	0.100746
3577	0.400563
3578	1.67554
3579	0.0569234
3580	8.21179
3581	0
3582	0.275955
3583	0.147957
3584	0.0989225
3585	0.0519694
3586	0.25275
3587	0.202624
3588	0.19904
3589	0.659759
3590	0.170145
3591	6.87067
3592	0.0161003
3593	0.37877
3594	0.259876
3595	0.20468
3596	0.180986
3597	0.0547275
3598	0.139631
3599	0.209708
3600	3.22587
3601	0.53279
3602	0.162482
3603	3.86222
3604	0.0513132
3605	0.0427934
3606	0.0206593
3607	0.746792
3608	0.467289
3609	0.112929
3610	0.0479412
3611	0.122181
3612	0.268379
3613	0.902342
3614	0.696635
3615	0.425774
3616	2.35795
3617	0.202295
3618	0.4613
3619	3.26425
3620	0
3621	0.267564
3622	0.170162
3623	0.584404
3624	0
3625	0.129522
3626	0.216907
3627	4.3428
3628	0.443579
3629	0.099922
3630	0.312953
3631	0.106108
3632	0.0978897
3633	0.281809
3634	0.0919378
3635	0.0617378
3636	1.36851
3637	0.00769471
3638	0.178936
3639	0.0624144
3640	0.0451981
3641	2.13946
3642	0.0398847
3643	0.47622
3644	0.0649843
3645	0.0205132
3646	0
3647	0.0216785
3648	0.0131061
3649	0.0500769
3650	0.129073
3651	0.029343
3652	0.231397
3653	0.0832967
3654	1.49689
3655	0.643161
3656	0.214131
3657	0.0779706
3658	0.0349039
3659	2.83089
3660	0.751969
3661	1.27352
3662	0.352438
3663	0
3664	1.44265
3665	0.026488
3666	0.0552454
3667	0.225205
3668	1.96118
3669	3.28873
3670	0.66595
3671	1.62663
3672	0.138456
3673	0.589458
3674	0.153775
3675	0.0335072
3676	0.728208
3677	1.78292
3678	0.0449971
3679	2.412
3680	0.0522871
3681	0.648445
3682	0.9071
3683	0.0171042
3684	0.194626
3685	0.041258
3686	0.12407
3687	2.51744
3688	0.165975
3689	0.00967141
3690	1.92106
3691	0.110375
3692	0.503086
3693	10.9503
3694	0.0643192
3695	0.224674
3696	0.233939
3697	0.0156599
3698	0.0434993
3699	0.321368
3700	0.0358003
3701	0.162483
3702	0.49718
3703	0.011694
3704	0.0997923
3705	0.105327
3706	1.12364
3707	1.83761
3708	0.000274673
3709	0.124156
3710	0.0176656
3711	0.0565553
3712	0
3713	0.150389
3714	0.701083
3715	0.0110603
3716	0.047215
3717	0.0650597
3718	0.0535924
3719	0.316249
3720	0.0549518
3721	1.11468
3722	0.0176596
3723	0.184122
3724	5.87306
3725	0.00996017
3726	0.185505
3727	1.19336
3728	0.666376
3729	0
3730	12.5251
3731	0.0609268
3732	0.868435
3733	0.141479
3734	17.9068
3735	0.126782
3736	2.55096
3737	0.088112
3738	0.0770881
3739	0.954522
3740	0.662496
3741	0.0688743
3742	0.143612
3743	0.0428547
3744	6.33558
3745	0.0245031
3746	0.449887
3747	0.372127
3748	0.0498617
3749	1.11895
3750	0.299975
3751	0.146528
3752	0.476348
3753	0.638945
3754	0.0545179
3755	0.319585
3756	0.0298821
3757	0
3758	0.01242
3759	0.0230194
3760	0.0730081
3761	0.0581965
3762	0.100306
3763	0.434339
3764	0.0972151
3765	0.705955
3766	0.237188
3767	0.0109358
3768	0.561104
3769	0.9102
3770	0.65506
3771	1.75106
3772	1.61735
3773	0.264538
3774	0.236598
3775	0.246769
3776	0.042322
3777	0.961264
3778	0.218487
3779	0.811616
3780	0.528609
3781	0.0487592
3782	0.0326417
3783	0.0177828
3784	0.151372
3785	0.275473
3786	3.37993
3787	1.01992
3788	0.0826678
3789	1.03308
3790	3.58614
3791	0.121174
3792	0.121976
3793	1.94136
3794	0.0432264
3795	0.270486
3796	0.171605
3797	0
3798	0
3799	2.56534
3800	0.440864
3801	0.0344256
3802	0.336329
3803	0.286807
3804	0.0503811
3805	0.234933
3806	0.376263
3807	0.227243
3808	0.133285
3809	0.113284
3810	0.0738931
3811	0.530104
3812	0.246341
3813	0.0374728
3814	0.270712
3815	0.193357
3816	0.0874191
3817	0.737483
3818	0.211175
3819	0.572195
3820	0.107581
3821	0
3822	0.374787
3823	0.795119
3824	0.146435
3825	0.249389
3826	19.6684
3827	0.0866461
3828	0.361406
3829	0.145011
3830	0.166573
3831	0.0852207
3832	0.302908
3833	0
3834	1.45133
3835	0.138664
3836	0.355405
3837	0.0437762
3838	0.489758
3839	0.121589
3840	0.186617
3841	0.0382138
3842	0.125819
3843	0.0564967
3844	0.982997
3845	2.85227
3846	0.00158708
3847	0.375092
3848	0.0473355
3849	0.0448313
3850	1.13516
3851	0.570992
3852	0.139654
3853	0.0143397
3854	0.0765384
3855	1.86863
3856	0.028316
3857	0.237668
3858	0.0469257
3859	0.303634
3860	0.0374664
3861	0.053971
3862	0.858886
3863	0
3864	1.31411
3865	0.106338
3866	0.18776
3867	0.0104555
3868	0.00748983
3869	0.375859
3870	0.148207
3871	0.450633
3872	0.067774
3873	1.61528
3874	0.0710619
3875	0.64652
3876	1.28607
3877	0.0158139
3878	0.136293
3879	1.02868
3880	0.829355
3881	0.0041636
3882	0
3883	0.194071
3884	0.329028
3885	0.0458193
3886	0.0582577
3887	4.12238
3888	0.190095
3889	0.0716722
3890	0.143041
3891	0.159494
3892	0.113464
3893	0.0432117
3894	0.103278
3895	0.75246
3896	0.159166
3897	0.849067
3898	0.0201482
3899	0.240289
3900	0.139487
3901	0.0565151
3902	0.197711
3903	0.402677
3904	0.0682732
3905	0.119168
3906	0.172637
3907	0.0171272
3908	0.33151
3909	0.691549
3910	0.14429
3911	0.0276389
3912	0.27134
3913	0.00985682
3914	1.64756
3915	0.304422
3916	0.205677
3917	0.269219
3918	0.0119547
3919	0.272231
3920	0.0331209
3921	0.0114966
3922	0.00592502
3923	0.137843
3924	0.0444684
3925	0.0181438
3926	0.658628
3927	0.04271
3928	0.15902
3929	0.337479
3930	0.176078
3931	1.79022
3932	0.0591393
3933	0.152384
3934	0
3935	1.13017
3936	0.150716
3937	0.0525002
3938	0.179803
3939	0.0795976
3940	0.0269592
3941	0.200254
3942	0.126443
3943	0.436239
3944	0.243647
3945	0.0915245
3946	0.0104435
3947	1.46405
3948	0.0174074
3949	0
3950	0.241379
3951	0.691168
3952	0.109431
3953	0.0142037
3954	0.0480789
3955	0.267129
3956	0.159135
3957	0.260426
3958	0.157633
3959	0.335284
3960	0.274598
3961	0.497106
3962	0.160278
3963	0.172255
3964	4.62039
3965	0.0694559
3966	0.953731
3967	0.566758
3968	0.0693823
3969	0.25841
3970	0.14629
3971	0.269319
3972	0.0679841
3973	0.378336
3974	0.0309513
3975	0.13586
3976	0.114851
3977	0.15527
3978	0.0222505
3979	0.0164673
3980	0.154216
3981	0.124344
3982	0.237854
3983	0.11831
3984	0.564348
3985	0.261358
3986	0.139962
3987	0.231708
3988	0.0200231
3989	0.00208027
3990	0.0410669
3991	0.911743
3992	0.475544
3993	0
3994	1.02418
3995	0.0749583
3996	0.0216556
3997	0.150188
3998	0.688886
3999	0.197284
4000	0.136543
4001	0.506461
4002	0.201319
4003	0.15131
4004	0
4005	0
4006	0.140726
4007	0.775923
4008	0.0720348
4009	0
4010	0.578157
4011	0.0847808
4012	0.0182131
4013	0
4014	0.113188
4015	0.00941452
4016	0.4277
4017	1.54055
4018	0.711473
4019	0.437083
4020	0.113092
4021	0.112692
4022	0.0528044
4023	0.00212189
4024	0.632023
4025	0.0538821
4026	0.101748
4027	0.2577
4028	0.494042
4029	0.271434
4030	0.0302123
4031	0.456576
4032	0.422723
4033	0
4034	0.0133538
4035	0.414375
4036	0.679008
4037	0.125426
4038	1.23973
4039	0.0422073
4040	0.200444
4041	0.183776
4042	0.00199993
4043	0.0411933
4044	0.815269
4045	1.55208
4046	7.49587
4047	0.640647
4048	0.0107668
4049	0
4050	0.0946749
4051	0.244158
4052	0.0010601
4053	0.465514
4054	0.71074
4055	0.0637971
4056	0.0487927
4057	0.13172
4058	0.113805
4059	0.0729865
4060	0.517142
4061	0.437398
4062	1.0054
4063	0.179435
4064	0.80136
4065	0.0182861
4066	0.0205129
4067	1.73522
4068	0.187356
4069	0.0181961
4070	0.0802853
4071	0.0139613
4072	0.404101
4073	0.187838
4074	0.104198
4075	0.0150618
4076	0.147591
4077	0.0898685
4078	0.626379
4079	0.298172
4080	0.0442994
4081	0.169477
4082	0.0579551
4083	0.09982
4084	0
4085	50.0047
4086	0.0851638
4087	0.0710331
4088	0.677514
4089	0.124386
4090	0.32158
4091	0.849365
4092	0.469786
4093	0.217699
4094	0.016045
4095	0.0414619
4096	1.11605
4097	0.315022
4098	0.00872714
4099	0.228746
4100	0.0280082
4101	0.0148366
4102	0
4103	0.168543
4104	0.151764
4105	16.7944
4106	0.0101952
4107	0.431566
4108	0.0483693
4109	0
4110	0.0616422
4111	0.0359408
4112	0.0132061
4113	0.0367049
4114	0.177716
4115	0.131652
4116	1.14776
4117	0.390911
4118	0
4119	0.505645
4120	9.60669
4121	0.00619607
4122	0.580881
4123	0.191841
4124	0.17185
4125	0.0580151
4126	0.218828
4127	0.146285
4128	0.0920407
4129	1.93591
4130	0.00787857
4131	0.0146865
4132	0.136479
4133	2.19432
4134	0.383398
4135	0.370421
4136	0.127067
4137	0.150369
4138	0.0220262
4139	0.165933
4140	0.645449
4141	0.0103117
4142	0.530819
4143	0.0489693
4144	0.0137222
4145	0.00125988
4146	0.150862
4147	0.162505
4148	0.0122772
4149	0.353675
4150	0.0220004
4151	0.791424
4152	2.64653
4153	0.141403
4154	0.0132218
4155	0.021485
4156	0.427649
4157	0.171142
4158	0.0508115
4159	0.0858999
4160	1.88371
4161	0.039561
4162	0.610996
4163	0.0591622
4164	0.309399
4165	0.130313
4166	0.0423941
4167	10.4102
4168	0.185041
4169	0
4170	0.00569955
4171	0.0465364
4172	0.0404574
4173	0.480019
4174	0.150272
4175	0.206467
4176	0.251567
4177	0.0380374
4178	0.186421
4179	0.142566
4180	0.010726
4181	0.594436
4182	1.60949
4183	0.00225152
4184	0.18141
4185	0.0448632
4186	0.511387
4187	0.950074
4188	0.110306
4189	0.322101
4190	0.294115
4191	0.0345947
4192	0.035912
4193	0.438222
4194	0.000520446
4195	21.8639
4196	0.00842727
4197	0.0458437
4198	0.103674
4199	0.0719963
4200	0.312889
4201	0.0535036
4202	0.087473
4203	0
4204	0.464644
4205	0.0723558
4206	0.156083
4207	0.117241
4208	0.00673216
4209	0.00267309
4210	0.130184
4211	0.0543548
4212	0.420833
4213	0.800979
4214	0.423132
4215	0.51069
4216	0.140565
4217	1.18346
4218	0.0518987
4219	0.112578
4220	0.0421171
4221	0.470983
4222	6.75738
4223	0.0242253
4224	0.154783
4225	0.8189
4226	0.135687
4227	0.254585
4228	0.0445235
4229	0.158646
4230	0.238648
4231	0.205861
4232	0.0302561
4233	0.0376139
4234	0.379794
4235	0.117539
4236	0.0440554
4237	0.0989617
4238	0.351616
4239	2.09816
4240	0.0294715
4241	0.190238
4242	0.0522536
4243	2.2342
4244	0.421061
4245	0.630138
4246	0.102045
4247	0.23509
4248	0.0603433
4249	1.42699
4250	0.0131693
4251	0.0234612
4252	0.295419
4253	0.363538
4254	2.15564
4255	0
4256	0.0144853
4257	0.133345
4258	0.476191
4259	3.15119
4260	0.150981
4261	0.0794727
4262	0.719106
4263	0.0329891
4264	0.0325421
4265	0.0251594
4266	0.0472786
4267	0.504907
4268	0.027753
4269	5.5637
4270	0.016727
4271	0.0787438
4272	0.782616
4273	0.205724
4274	0.275532
4275	0.270575
4276	0.0325513
4277	0.0017372
4278	0.326527
4279	0.462383
4280	0.300838
4281	0.00714472
4282	1.68644
4283	1.38024
4284	0.0585009
4285	0
4286	0.0519405
4287	0.111822
4288	0.301352
4289	0.711025
4290	0.0274145
4291	0.0872422
4292	0.149531
4293	0.260774
4294	1.27856
4295	0.236285
4296	0.173776
4297	0.00912283
4298	0.0227363
4299	0.25056
4300	0.197438
4301	0.182491
4302	1.24011
4303	6.07532
4304	0.0386714
4305	0.645086
4306	4.49584
4307	0
4308	1.10724
4309	0.473725
4310	0.0320753
4311	0.788639
4312	0.6678
4313	0.0777682
4314	0.276391
4315	0.00581899
4316	0.0364301
4317	0.491614
4318	1.27717
4319	0.120227
4320	0.383057
4321	0.0939223
4322	0.136996
4323	0.270061
4324	0.813932
4325	0.454163
4326	0
4327	0.00203237
4328	0.0908861
4329	2.09209
4330	0.0404814
4331	1.00445
4332	0.0397919
4333	0.720669
4334	0.138509
4335	0.000272289
4336	0.0619598
4337	1.80805
4338	0.349611
4339	0.259895
4340	0.142811
4341	0.0847283
4342	0.0122675
4343	0.676597
4344	0.0269504
4345	0.102282
4346	0.456834
4347	1.05725
4348	0.22556
4349	1.22355
4350	0.104061
4351	0.157046
4352	0.020151
4353	1.19988
4354	0.41809
4355	0.708821
4356	0.110136
4357	0.192245
4358	0.800144
4359	0.108213
4360	0
4361	1.42339
4362	0.0816208
4363	0.995625
4364	0.325219
4365	0.0977087
4366	0.00134296
4367	0.604037
4368	0.0619754
4369	0.0731766
4370	0.437169
4371	0.150928
4372	0.82848
4373	0.0987571
4374	1.12718
4375	0.326967
4376	0.685385
4377	0.0117152
4378	0.00913241
4379	0.0723677
4380	0.195523
4381	0.0311027
4382	4.88381
4383	1.46275
4384	0.00795552
4385	0.0116844
4386	0.00121731
4387	8.75408
4388	0.015778
4389	0.0334992
4390	0.00150464
4391	0.0371985
4392	0.0245751
4393	0.105787
4394	0
4395	0.0378646
4396	0
4397	0.159946
4398	3.12995
4399	0.358522
4400	0.181688
4401	0.212005
4402	0.929362
4403	0.0312912
4404	0.12649
4405	0.498926
4406	0.158368
4407	1.70522
4408	0.0399382
4409	0.777128
4410	0.401826
4411	0
4412	0.144322
4413	0.0406484
4414	14.2662
4415	0.028949
4416	3.15403
4417	0.0422162
4418	0.0877682
4419	0.353726
4420	1.60929
4421	0.0618181
4422	1.00336
4423	0.0624999
4424	0.28913
4425	0.00195655
4426	0
4427	0.0868687
4428	0.110458
4429	0.0735468
4430	0.26647
4431	0.330965
4432	0.0904654
4433	0.0761346
4434	0.127452
4435	0.0149827
4436	1.73065
4437	0.501375
4438	0.0351096
4439	0.222005
4440	0.0904541
4441	6.02081
4442	0.130321
4443	0.0664245
4444	0.669543
4445	2.08601
4446	0.0149937
4447	0.0940934
4448	0
4449	2.59622
4450	2.98538
4451	0.00923518
4452	0.0411845
4453	0.011353
4454	0.244802
4455	0.0378043
4456	0
4457	1.9809
4458	0
4459	0.342831
4460	0.074683
4461	0.00510596
4462	0.740711
4463	0.0842939
4464	0.609849
4465	0.0675948
4466	0.108379
4467	0.0697754
4468	0.0747009
4469	0.0360822
4470	3.01516
4471	0.0450241
4472	0
4473	0.174754
4474	0.00303224
4475	0.123748
4476	1.92117
4477	0.0482271
4478	0.129867
4479	0.219848
4480	0.0509981
4481	0
4482	10.5447
4483	0.019821
4484	0.00279482
4485	0.103133
4486	0.0182488
4487	0.108909
4488	0.979438
4489	0.234746
4490	0.0574709
4491	0.0289323
4492	4.20575
4493	0.207887
4494	0.0829301
4495	0.0458697
4496	0
4497	0.384978
4498	0.187518
4499	0.106042
4500	0.173847
4501	0.438652
4502	0.0618412
4503	14.2017
4504	0.632476
4505	0.0379653
4506	0.0656382
4507	0.0467614
4508	0.20384
4509	0.0441477
4510	0.00758451
4511	0.231984
4512	0
4513	0
4514	0.0600848
4515	0
4516	0.0766454
4517	0.0474872
4518	0.621539
4519	0.0888699
4520	0.387322
4521	1.09367
4522	0.329092
4523	0.170008
4524	0.00411688
4525	0.00337903
4526	1.24167
4527	0.0202575
4528	0.617821
4529	0.341605
4530	0.00954609
4531	0.0182031
4532	0.0777545
4533	0.0587835
4534	0.363015
4535	0.0665996
4536	0.17011
4537	0.242462
4538	0.0330669
4539	0.0322622
4540	0.28003
4541	14.2649
4542	0.0713696
4543	0.331167
4544	0
4545	0.284161
4546	1.42702
4547	0.184216
4548	0.0982293
4549	0.106504
4550	0.359102
4551	1.02871
4552	0.0472097
4553	0.0741638
4554	0.0607664
4555	0.0363393
4556	0.240709
4557	0.107791
4558	0.256626
4559	0.379445
4560	0.838113
4561	0.270045
4562	1.05343
4563	13.3556
4564	0.0562237
4565	0
4566	0.0210045
4567	0.0977738
4568	0.0576074
4569	0.0361027
4570	0.381422
4571	0.0560646
4572	0.109282
4573	4.54443
4574	0.113449
4575	0.73398
4576	0.436115
4577	0
4578	0
4579	0.0135105
4580	0.0766655
4581	0.0626374
4582	0.138901
4583	1.8175
4584	0.129218
4585	0.0118757
4586	0.114376
4587	0.210805
4588	0.351465
4589	4.97479
4590	0.259239
4591	0.0349984
4592	0.899492
4593	0.0106531
4594	0.0435104
4595	0
4596	0
4597	0.4975
4598	0.640798
4599	0.0506998
4600	0.256349
4601	0.00805598
4602	0.0146074
4603	0.122854
4604	0.329449
4605	0.352148
4606	0.0226496
4607	0.0658348
4608	0.0002616
4609	0.61803
4610	0.20936
4611	0.236215
4612	0.128655
4613	0.144871
4614	0.0459652
4615	0.0438867
4616	0.0134344
4617	0.383577
4618	0.0606371
4619	0.228062
4620	0.164176
4621	0.114805
4622	0.24798
4623	0.453774
4624	0.0794863
4625	0.017961
4626	0.0976675
4627	0.474581
4628	0.414584
4629	0.461992
4630	0.307173
4631	0.0217654
4632	0.366465
4633	0.0109558
4634	0.991647
4635	3.3116
4636	0.146833
4637	0.00602358
4638	0.0174748
4639	0.0752747
4640	2.3103
4641	1.60816
4642	0.223269
4643	0.254688
4644	0.272953
4645	8.35063
4646	0.397746
4647	0.0742243
4648	0.531941
4649	0.586497
4650	0
4651	1.18538
4652	0.987599
4653	0.024479
4654	0.177393
4655	1.35459
4656	0.0188912
4657	0.127331
4658	0.186127
4659	0.0667678
4660	0.021439
4661	0.286603
4662	0.152201
4663	0.399076
4664	0.189749
4665	0.104458
4666	0.0330901
4667	0.227746
4668	0.101141
4669	0.0714496
4670	0.749479
4671	0.684549
4672	0.938033
4673	0.0991992
4674	1.38815
4675	0.192981
4676	0.231444
4677	0
4678	0
4679	0.0713791
4680	0.38494
4681	0.402143
4682	0.00702969
4683	0
4684	0.46476
4685	0.023351
4686	0.0578257
4687	0.174373
4688	0.0228194
4689	1.11233
4690	0.0163046
4691	0.00349735
4692	0.0038372
4693	0.863037
4694	0.0549586
4695	0.0307335
4696	0.161695
4697	0.165765
4698	0
4699	0.169291
4700	0.147047
4701	0.125281
4702	0.134499
4703	0.00819534
4704	1.04845
4705	0.386998
4706	0.0144274
4707	0.161132
4708	1.59956
4709	0.20896
4710	3.49507
4711	3.01577
4712	5.27962
4713	0.145942
4714	0.291005
4715	2.95358
4716	7.18263
4717	0.347397
4718	0.00498244
4719	0.0171223
4720	0.0608414
4721	0.0478277
4722	0.0599306
4723	0.999236
4724	0.12391
4725	0.00796915
4726	0.0154661
4727	0.118295
4728	0.518817
4729	0.0284798
4730	1.82818
4731	0.660267
4732	0.822599
4733	0.0605859
4734	0.0239778
4735	0.0333504
4736	3.40327
4737	0.0983168
4738	0.0261491
4739	0.590866
4740	0.321473
4741	6.02076
4742	0.125161
4743	0.14608
4744	0.0520622
4745	0.0397435
4746	0
4747	0.0042863
4748	0
4749	0.495258
4750	0.830728
4751	0.215115
4752	0.158186
4753	0.0513338
4754	0.138833
4755	0.230294
4756	0.225874
4757	0.158619
4758	0.426112
4759	0.17439
4760	1.34119
4761	0.147418
4762	0.0320824
4763	0.0261695
4764	0.0711008
4765	0.697922
4766	0.0514799
4767	0.966162
4768	0.0640284
4769	1.02471
4770	0.346516
4771	0.108105
4772	0.0149933
4773	0
4774	0
4775	0.736383
4776	0.119601
4777	0.0440899
4778	0.082366
4779	1.3936
4780	0.139205
4781	0.264847
4782	0.192566
4783	1.02004
4784	0.124163
4785	0.763392
4786	0.287569
4787	0.0375041
4788	0.137183
4789	0.433014
4790	0.0309298
4791	0.24655
4792	0.0189193
4793	0.0466033
4794	1.0338
4795	0.129848
4796	2.33584
4797	0.0949372
4798	0.326628
4799	2.26554
4800	0.0726596
4801	0.00679616
4802	0.144874
4803	0
4804	0.145802
4805	0.495086
4806	0.337912
4807	0.351042
4808	0.11718
4809	4.56054
4810	0.336649
4811	2.46958
4812	0.174045
4813	0.0198563
4814	0.0971096
4815	0.148034
4816	0.581217
4817	0.189395
4818	0.429803
4819	0.276364
4820	0.0934682
4821	0.0661515
4822	0.0679585
4823	0.141973
4824	0.0743051
4825	0.0967648
4826	2.10885
4827	0.223594
4828	3.31354
4829	0.0114361
4830	0.0475395
4831	0.0262708
4832	0.531312
4833	0.142596
4834	0.719001
4835	0.0728537
4836	0.92952
4837	0.069943
4838	0.0706068
