Gene	Num_of_events	Avg_total_elong_time(sec)
0	5	220.899
1	729	27.4095
2	189	32.8018
3	13	43.2972
4	33	82.9851
5	30	101.445
6	1736	64.8157
7	60	77.8482
8	82	53.6086
9	30	70.8117
10	201	92.8931
11	17	223.25
12	27	168.85
13	9	65.7496
14	74	140.736
15	33	90.6046
16	227	98.3044
17	3	239.953
18	473	42.4422
19	6	180.084
20	65	46.2249
21	23	218.856
22	5	123.269
23	57	60.6294
24	254	33.7633
25	45	49.0997
26	605	106.815
27	587	47.7922
28	28838	33.7766
29	145	44.8505
30	16	88.3051
31	26	152.807
32	192	72.979
33	23	142.692
34	2639	26.6256
35	40	103.868
36	8	104.684
37	27	163.289
38	31	120.816
39	3	137.743
40	12	80.2685
41	655	28.703
42	139	52.9022
43	1245	24.7305
44	75	84.8792
45	34	80.7671
46	218	85.0414
47	58	45.3956
48	46	117.325
49	1572	39.7837
50	117	73.5129
51	8	161.532
52	157	43.8648
53	5	164.729
54	2725	12.4734
55	15	413.184
56	4	164.994
57	320	41.1613
58	177	171.393
59	21	131.924
60	30	113.726
61	33	114.009
62	2	156.232
63	118	77.3498
64	106	65.7539
65	52	228.043
66	14	84.1422
67	39	93.88
68	188	29.2344
69	40	160.049
70	12	120.638
71	289	82.945
72	180	25.5717
73	4316	11.0951
74	2420	34.8425
75	22	55.6643
76	579	58.0831
77	80	63.6985
78	20	231.825
79	39	112.61
80	581	31.8515
81	5	163.406
82	933	67.7533
83	583	36.4233
84	54	92.6512
85	403	53.7094
86	54	73.1039
87	71	193.536
88	104	101.291
89	8	124.779
90	60	89.8004
91	35	71.1603
92	257	64.8992
93	197	33.9377
94	409	62.3616
95	18	110.183
96	58	113.829
97	17	177.365
98	239	37.3088
99	37	110.539
100	397	45.0475
101	43	64.2717
102	1097	14.802
103	29	54.9464
104	8	96.4314
105	505	113.196
106	282	19.3223
107	8	226.879
108	2	87.4083
109	19	85.3003
110	21	160.334
111	1	473.076
112	41	77.0963
113	477	29.4526
114	373	56.3614
115	74880	9.01512
116	355	39.9853
117	8	111.529
118	58	62.8649
119	677	57.1016
120	19	184.317
121	144	44.572
122	74	72.8741
123	46	171.898
124	9	161.853
125	35	125.602
126	74	46.1065
127	56	74.9568
128	69	64.4239
129	167	44.9372
130	34	65.824
131	1	78.3131
132	6944	36.9521
133	348	31.2718
134	103	91.5851
135	106	144.838
136	5	87.5263
137	234	28.9123
138	28	173.288
139	138	47.2324
140	3422	32.9592
141	145	56.1879
142	104	70.5965
143	12	86.3979
144	571	42.4587
145	827	35.9362
146	106	69.0303
147	92	53.3987
148	53	143.127
149	700	32.0207
150	41	91.4863
151	112	68.2918
152	4	109.666
153	32	91.6168
154	120	53.0294
155	124	111.818
156	712	29.955
157	133	34.7808
158	17	139.307
159	57	58.3996
160	27	117.959
161	2644	14.6301
162	78	180.334
163	20	103.863
164	179	50.6008
165	30	61.8388
166	252	38.0111
167	3366	22.2136
168	190	87.6463
169	180	100.189
170	36	44.5959
171	235	23.8962
172	53	145.551
173	856	25.494
174	560	102.202
175	156	103.433
176	39	89.5536
177	111	133.877
178	94	38.3647
179	55	140.218
180	128	56.3225
181	879	34.903
182	335	22.7497
183	53	102.123
184	45	65.575
185	3	229.692
186	2	116.372
187	529	44.0177
188	56	133.128
189	17	95.0342
190	105	53.691
191	9	62.0423
192	6869	17.1309
193	3396	25.2214
194	96	67.7639
195	1422	29.0525
196	6	124.909
197	98	179.006
198	282	23.297
199	879	62.0249
200	346	24.6293
201	38	98.5997
202	57	59.5836
203	332	77.0933
204	1505	56.7621
205	127	52.114
206	208	66.4069
207	9	111.779
208	69	95.8058
209	16	137.15
210	435	28.0661
211	3	380.851
212	44	79.7597
213	5	496.781
214	113	107.738
215	1376	46.9641
216	60	40.8518
217	236	46.3938
218	686	46.1823
219	177	48.0809
220	80	46.0404
221	39	43.7846
222	284	55.5541
223	55	108.777
224	66	41.624
225	84	92.2096
226	540	47.7992
227	220	42.4597
228	39	60.8591
229	1276	52.1338
230	8294	13.1304
231	9	91.2451
232	889	27.0402
233	125	49.7316
234	58	70.7946
235	256	20.5554
236	21	70.1325
237	47	92.4436
238	69	98.9217
239	810	30.584
240	32	109.987
241	1160	29.2823
242	63	56.6385
243	42	47.0761
244	120	69.0332
245	14	128.297
246	9	73.4404
247	19	53.5025
248	71	45.6072
249	186	26.7917
250	58	57.2174
251	161	36.3593
252	69	68.6112
253	115	80.8835
254	26	82.7042
255	93	34.3594
256	30	124.345
257	331	58.8544
258	42	77.011
259	12	245.134
260	209	26.7268
261	38	55.7014
262	41	118.545
263	30	87.0202
264	11	116.297
265	27	36.2204
266	1132	40.3686
267	33	79.5883
268	34	76.6974
269	15	50.5204
270	14	137.956
271	93	66.7858
272	428	20.7703
273	542	53.1349
274	141	61.9939
275	6	140.957
276	27	89.1514
277	50	67.5114
278	1860	20.4039
279	139	159.255
280	288	71.4198
281	159	77.4946
282	1759	34.2478
283	158	48.8277
284	1423	19.9663
285	350	23.6317
286	418	28.662
287	8	124.118
288	465	34.7738
289	85	46.5308
290	362	22.9103
291	50	101.435
292	278	40.1136
293	802	61.9982
294	85	37.3706
295	203	52.7041
296	256	64.1147
297	379	23.5145
298	12	78.0247
299	97	70.2336
300	16	80.7494
301	4	309.37
302	8	137.684
303	148	34.3871
304	165	61.8269
305	9	102.282
306	46	121.304
307	568	21.9274
308	366	57.3427
309	1492	59.7727
310	82	76.4325
311	6	168.466
312	97	53.245
313	81	46.0825
314	7	89.0949
315	1	198.723
316	78	65.1349
317	1197	23.3605
318	32	49.4125
319	39	75.4557
320	396	45.2882
321	78	45.5868
322	359	59.8804
323	21	256.01
324	9	64.893
325	156	66.8929
326	13	181.565
327	11	85.6806
328	37	93.979
329	326	61.5266
330	51	79.7514
331	202	104.725
332	284	42.254
333	50	58.0358
334	293	29.6386
335	145	72.3904
336	1805	20.7857
337	17	104.166
338	594	82.11
339	22	92.5217
340	39	130.274
341	1279	61.7316
342	91	74.6688
343	1199	38.3811
344	55	102.635
345	64	64.6881
346	82	50.9828
347	190	97.9044
348	654	41.8522
349	31	172.329
350	15	73.1163
351	1284	50.8745
352	406	47.1884
353	335	24.2595
354	1631	35.3646
355	487	63.6563
356	59	96.0274
357	1058	36.4638
358	35	162.565
359	60064	27.3679
360	4	86.3206
361	20	147.858
362	169	36.3032
363	21	59.6027
364	9	27.3886
365	807	13.9577
366	1550	14.4174
367	16	96.6399
368	29	77.9954
369	33005	3.57512
370	37	120.222
371	193	41.7166
372	61	84.006
373	30	136.38
374	1	352.785
375	25	202.395
376	691	47.1413
377	224	56.1555
378	88	51.7254
379	5	134.713
380	74	56.4154
381	280	35.9292
382	104	57.2299
383	12	119.338
384	93	82.7824
385	42	92.3931
386	49	138.121
387	80	42.3993
388	161	20.55
389	160	97.3705
390	6	80.6849
391	42	170.92
392	41	49.4305
393	442	26.4365
394	93	77.7665
395	1	197.905
396	71	60.1699
397	69	44.3141
398	74	119.684
399	0	nan
400	4	214.384
401	1031	21.0637
402	448	20.9996
403	137	111.557
404	74	40.7895
405	435	107.94
406	5	270.585
407	11	168.035
408	41	314.362
409	51	60.8957
410	8	70.6952
411	2	163.635
412	27	73.0513
413	163	38.4693
414	75	91.2959
415	2077	20.6409
416	73	66.6702
417	33	42.4629
418	553	67.0112
419	275	24.5702
420	179	41.4208
421	17	105.462
422	3021	26.275
423	976	38.9047
424	37	77.1126
425	106	32.3585
426	18	198.503
427	88	90.128
428	12	45.1066
429	484	38.4735
430	6	133.543
431	26	87.923
432	33	132.018
433	5	69.5127
434	23	153.55
435	26	71.4959
436	149	124.253
437	35	84.8518
438	352	40.3216
439	59	69.6239
440	124	47.4244
441	1114	19.6399
442	731	25.182
443	182	52.7425
444	1714	34.8353
445	91	45.5166
446	634	33.1535
447	90	87.9034
448	13091	29.1479
449	22	137.179
450	54	268.254
451	33	41.8181
452	71	108.403
453	134	53.178
454	833	50.3719
455	3332	10.3718
456	45	37.7716
457	97	93.6377
458	628	33.8808
459	45	109.454
460	90	51.2715
461	25	155.498
462	420	51.7501
463	3	107.575
464	88769	7.04853
465	2640	42.2528
466	40	50.7831
467	135	76.7577
468	37	74.9891
469	76	71.2514
470	16	73.6442
471	805	21.8656
472	11	115.206
473	152	115.39
474	373	71.8475
475	119	30.2096
476	365	48.2776
477	944	40.842
478	46	82.8844
479	34	153.394
480	144	66.5435
481	48	65.3378
482	60	86.4963
483	8	57.0194
484	164	24.6537
485	186	45.3258
486	30	227.527
487	26	97.8848
488	35	114.261
489	20	133.799
490	440	30.9211
491	49	114.236
492	431	43.6568
493	812	94.3419
494	82	50.4979
495	138	63.2022
496	529	13.3266
497	51	115.621
498	890	27.129
499	1	112.499
500	288	35.0389
501	27	246.334
502	42	117.975
503	17	50.7424
504	271	69.3138
505	147	151.89
506	13	76.4432
507	678	66.2454
508	169	104.931
509	10	164.565
510	180	63.7906
511	173	76.4916
512	2	143.897
513	49	68.509
514	15	83.3215
515	609	78.0016
516	170	74.72
517	29	120.417
518	238	32.8319
519	295	30.634
520	56	106.821
521	336	45.8454
522	22	89.3062
523	47	243.052
524	63	82.8487
525	108	60.2296
526	10	114.253
527	85	69.5306
528	177	49.6284
529	708	17.6279
530	466	130.327
531	168	78.9079
532	23	134.265
533	8691	18.8333
534	250	49.7063
535	102	178.937
536	5	101.285
537	330	42.0233
538	76	30.5243
539	474	41.8226
540	267	42.8819
541	59	98.5523
542	179	47.1402
543	41	90.7552
544	51	55.0653
545	989	27.3303
546	640	30.5443
547	18	145.983
548	24	70.7742
549	143	34.3866
550	2	179.405
551	69	113.841
552	134	74.3582
553	411	59.2375
554	83	102.317
555	37	61.6353
556	0	nan
557	3831	3.89674
558	19	118.079
559	1004	22.0947
560	467	44.2135
561	2	135.02
562	16	160.293
563	58	115.828
564	8840	18.9107
565	67	35.6352
566	23	85.6628
567	29	144.219
568	157	36.8181
569	51	213.533
570	215	35.4703
571	27	104.471
572	895	18.9988
573	18	163.318
574	208	62.7698
575	70	52.4466
576	115	34.7473
577	2898	48.0463
578	41	79.4654
579	39	155.136
580	19	150.676
581	6	86.6388
582	447	19.2869
583	3373	35.2838
584	23	126.89
585	520	46.434
586	82	68.5914
587	1714	58.9269
588	195	35.9041
589	179	38.0993
590	254	33.442
591	1070	20.112
592	105	85.5993
593	127	52.7968
594	61257	16.8865
595	124	50.7263
596	30	106.823
597	214	45.3277
598	177	58.1927
599	63	87.9977
600	92	139.924
601	159	73.6505
602	265	42.1083
603	4	137.977
604	1273	28.5916
605	70	80.6292
606	91	40.6462
607	97	119.646
608	156	45.9256
609	43	34.2378
610	1148	13.6609
611	135	22.5504
612	14	145.842
613	21	148.054
614	1	86.9116
615	9	93.3337
616	6469	9.00854
617	430	44.6811
618	105	53.8337
619	350	66.06
620	15	248.517
621	24	128.935
622	78	181.18
623	1180	42.2287
624	286	23.8349
625	223	76.7016
626	8	154.261
627	0	nan
628	17	80.2526
629	49	108.757
630	31	118.08
631	30	89.6828
632	121	64.3488
633	161	44.2648
634	42	82.5712
635	13	113.199
636	134	81.5123
637	326	34.4336
638	33	178.276
639	42	53.428
640	126	212.025
641	3	195.992
642	183	58.2495
643	63	227.689
644	17	114.568
645	17	116.328
646	176	35.6108
647	16	59.2907
648	22	90.1985
649	88	94.15
650	61	95.6204
651	38	117.073
652	65	82.783
653	613	57.6453
654	122	58.0417
655	162	64.8808
656	31233	12.2215
657	434	33.2939
658	2856	37.2265
659	6	203.844
660	1	135.396
661	194	36.8617
662	163	30.1223
663	52	102.298
664	155	58.181
665	23	144.846
666	240	38.6158
667	460	67.3108
668	56	92.3164
669	144	56.4743
670	493	78.3908
671	34	64.167
672	1792	29.3893
673	62	51.9835
674	25	108.407
675	885	31.9524
676	367	34.3247
677	210	26.6156
678	7	237.469
679	20	75.2164
680	154	81.8428
681	162	38.2043
682	65	45.8546
683	25	144.577
684	356	87.8198
685	108	91.5333
686	420	61.5127
687	37	56.2641
688	55	69.625
689	107	86.383
690	23	76.3495
691	32	65.2329
692	50	78.5128
693	11	92.6565
694	344	25.8984
695	28	59.9246
696	81	52.8654
697	30	117.72
698	19	147.895
699	45	129.31
700	80	123.766
701	150	95.942
702	306	72.6684
703	23	158.134
704	535	55.2871
705	10	206.233
706	19	212.634
707	66	72.8851
708	46	110.323
709	22198	9.53932
710	9500	18.3183
711	16	216.826
712	24	99.9194
713	42	81.2045
714	103	35.3954
715	323	73.8723
716	1955	30.004
717	156	98.2905
718	5	86.778
719	111	33.1398
720	165	133.858
721	28	131.576
722	28	85.0821
723	2	81.3065
724	74	85.7727
725	35	99.3394
726	161	59.2674
727	59	38.4639
728	7	137.484
729	176	25.2877
730	43	72.5192
731	31	74.6078
732	61	107.799
733	213	28.1667
734	122	86.8755
735	61	122.565
736	10	58.2738
737	133	96.1286
738	202	46.1342
739	48	62.1684
740	25	157.958
741	513	39.173
742	20	39.3478
743	10212	7.67176
744	84	55.6101
745	232	47.2229
746	350	22.8321
747	10	255.547
748	224	45.0412
749	9	140.716
750	115	46.3124
751	51	46.3225
752	179	60.9022
753	139	94.3174
754	53	177.755
755	117	82.0103
756	37	109.684
757	148	44.2067
758	296	49.4886
759	892	27.9777
760	224	68.4352
761	273	58.8776
762	9	198.919
763	25	141.433
764	1417	27.8699
765	295	25.2843
766	297	69.8326
767	24	168.96
768	49	87.7566
769	20	53.488
770	29	43.6049
771	50	65.9955
772	7	66.2074
773	79	100.433
774	829	17.977
775	323	51.1876
776	906	15.6438
777	71	62.0239
778	10	89.6803
779	68	109.332
780	6	171.399
781	15	222.09
782	1517	30.0087
783	30	85.944
784	25	72.799
785	125	68.5313
786	6	113.152
787	3	247.401
788	23	188.866
789	260	42.8086
790	497	28.1082
791	718	67.9337
792	301	58.289
793	168	55.8513
794	34	100.99
795	7	112.604
796	11	150.577
797	1876	36.2197
798	114	61.4335
799	47	145.009
800	19	91.6366
801	10	169.646
802	655	40.5453
803	22	112.711
804	13	71.7124
805	4069	12.4344
806	39	71.1829
807	119	82.0748
808	537	37.0346
809	1	134.388
810	352	47.6858
811	519	31.1679
812	24	67.1118
813	54	70.166
814	3070	11.7326
815	1956	17.4419
816	12	167.61
817	68	91.9779
818	87692	6.8924
819	306	47.0785
820	10	105.152
821	408	68.9317
822	23	109.722
823	69	95.5605
824	50	54.4714
825	21	71.5845
826	316	59.9282
827	123	133.393
828	83	94.9147
829	2083	27.1464
830	93	53.4288
831	542	28.7594
832	147	52.1628
833	15	217.155
834	7	203.183
835	534	36.1381
836	93	43.4405
837	97	56.9425
838	39	67.3022
839	20	139.025
840	7	107.678
841	5	162.381
842	27	135.935
843	48	76.4595
844	14	102.772
845	491	48.8215
846	34	44.2551
847	2168	33.7106
848	8	143.713
849	1724	49.6175
850	131	78.6064
851	55	54.3259
852	15	122.936
853	35	60.2205
854	486	31.0171
855	3	229.299
856	25	75.5142
857	157	63.0539
858	183	66.846
859	42	102.741
860	2938	21.1696
861	52	93.0881
862	30	501.203
863	15	115.322
864	14	66.6072
865	119	55.0704
866	12352	3.87879
867	686	29.1527
868	146	83.8486
869	27	218.212
870	102	59.2845
871	21	147.228
872	369	32.8709
873	44	74.9099
874	42	71.3527
875	13	158.911
876	69	90.925
877	14	97.5957
878	47	54.1558
879	108	87.0643
880	91	34.6062
881	426	52.163
882	16	97.4956
883	20	127.845
884	254	37.8165
885	5	97.1458
886	80	47.4564
887	11	129.135
888	158	47.6121
889	67	59.6818
890	217	81.6949
891	119	85.3311
892	48	64.1077
893	4	120.276
894	44	88.1931
895	959	36.6604
896	60	47.3431
897	31	124.384
898	64	170.998
899	194	94.9652
900	3398	18.1194
901	416	27.122
902	171	35.9897
903	2148	19.3368
904	116	63.2441
905	40	72.0314
906	57	66.9241
907	139	68.8371
908	985	18.1458
909	34	74.0726
910	726	21.5254
911	198	62.3014
912	80	68.9711
913	1106	19.1422
914	23	53.9101
915	144	26.4318
916	49	38.8064
917	1020	30.6522
918	544	66.3999
919	66	60.7272
920	26	54.5052
921	218	38.2669
922	33	101.93
923	118	75.0218
924	138	81.4443
925	5	87.5334
926	31513	4.17773
927	123	60.5055
928	2196	10.5003
929	13	218.49
930	325	25.2438
931	7368	12.3624
932	12180	15.1372
933	61	49.0874
934	19	82.2992
935	124	146.606
936	51	143.881
937	26683	13.1742
938	113	81.3539
939	617	57.7349
940	193	38.5238
941	495	62.6818
942	380	68.112
943	34	155.694
944	249	29.5896
945	311	57.0722
946	183	58.8058
947	2328	27.9483
948	64	80.4252
949	8	108.412
950	40	154.23
951	19	58.1422
952	110	93.0683
953	124	80.7419
954	19	153.33
955	4	99.2847
956	156	75.0378
957	19	79.3518
958	19	85.7928
959	481	29.2989
960	916	65.4364
961	11	37.002
962	67	112.926
963	1095	33.2912
964	416	38.4914
965	10	106.004
966	481	70.6291
967	16	83.9312
968	23	210.684
969	10241	14.3626
970	89	38.6893
971	959	28.6932
972	12	176.637
973	54	86.1661
974	1	104.542
975	95	56.5214
976	46	121.758
977	75	48.1678
978	3821	14.3114
979	30	80.9597
980	19	87.9661
981	216	77.1499
982	83	107.397
983	1251	41.162
984	1	139.692
985	507	61.6298
986	482	38.6207
987	130	68.4658
988	164	35.3571
989	1651	16.2668
990	947	34.0852
991	17	143.629
992	143	32.2545
993	537	62.587
994	50	44.9831
995	58	69.538
996	9	128.769
997	1	132.109
998	577	25.7245
999	2321	50.0613
1000	483	15.661
1001	33	78.4847
1002	65	23.7826
1003	25	148.002
1004	501	51.2186
1005	2258	14.0335
1006	163	82.2056
1007	430	22.2085
1008	16	79.5772
1009	443	66.8239
1010	53	42.8078
1011	1354	42.4895
1012	365	67.8541
1013	2110	15.4701
1014	145	20.1125
1015	23	76.467
1016	1	86.6142
1017	30	69.6789
1018	830	26.755
1019	648	34.1531
1020	84	87.2765
1021	19	117.937
1022	199	97.5604
1023	6472	23.2493
1024	319	66.8498
1025	29	156.074
1026	144	49.5077
1027	123	77.0588
1028	574	56.9245
1029	330	72.3547
1030	2321	15.1945
1031	68	109.105
1032	88	78.6843
1033	416	67.4019
1034	1271	57.023
1035	622	23.9879
1036	4	253.652
1037	1029	32.7245
1038	95	61.1634
1039	128	54.1337
1040	654	35.5737
1041	67	60.6069
1042	154	90.0007
1043	67	31.2089
1044	18	221.932
1045	333	120.499
1046	14	165.386
1047	952	25.5088
1048	36	117.796
1049	47	171.085
1050	38	36.6643
1051	47	45.0013
1052	115	52.2705
1053	60	84.2283
1054	1158	42.8691
1055	230	70.5645
1056	54	74.117
1057	133	113.466
1058	1311	30.1202
1059	222	51.8309
1060	17	192.168
1061	34586	10.5678
1062	1	308.593
1063	416	53.9828
1064	90	33.3601
1065	36	50.9116
1066	15	74.7628
1067	14	147.823
1068	219	67.2178
1069	1997	19.4173
1070	4	131.214
1071	983	32.9008
1072	58	75.3688
1073	62	128.121
1074	59	65.7049
1075	14	329.873
1076	24	114.526
1077	364	25.3235
1078	154	54.5397
1079	20	119.171
1080	57	212.249
1081	3025	76.2348
1082	17	219.385
1083	29	131.614
1084	67	87.984
1085	28	135.797
1086	48	39.3897
1087	23	117.162
1088	24	351.845
1089	15	118.692
1090	121	40.3787
1091	27	44.8994
1092	21	175.346
1093	4698	33.4087
1094	1120	54.8911
1095	1	40.6147
1096	617	14.9347
1097	301	34.7204
1098	38	67.207
1099	33	99.4594
1100	271	111.511
1101	1463	29.5614
1102	5	330.315
1103	43	179.871
1104	1045	36.9435
1105	72	112.632
1106	1195	7.31457
1107	95	74.4532
1108	718	23.9226
1109	1029	15.9354
1110	24	91.634
1111	614	69.429
1112	82	123.921
1113	12	165.667
1114	343	72.4986
1115	19	82.5643
1116	153	46.6138
1117	35	56.796
1118	8	196.351
1119	724	62.9466
1120	1772	29.2206
1121	48	101.79
1122	218	44.433
1123	8886	20.9765
1124	35	122.194
1125	225	62.5908
1126	22	99.3372
1127	0	nan
1128	875	30.2069
1129	69	128.034
1130	184	28.2525
1131	745	41.3
1132	31	74.5781
1133	49	55.698
1134	103	38.7183
1135	190	89.7327
1136	377	67.8375
1137	9	120.179
1138	66	70.0344
1139	38	99.3885
1140	45	83.1962
1141	2	139.341
1142	78	53.7101
1143	103	52.7976
1144	39	89.8225
1145	11	122.778
1146	8	188.221
1147	154599	4.7767
1148	237	22.3875
1149	46	59.9783
1150	116	93.3424
1151	10	123.239
1152	22	148.857
1153	216	43.8626
1154	101	33.97
1155	93	39.5694
1156	22	64.802
1157	251	44.8091
1158	32	104.049
1159	386	25.4632
1160	785	40.5584
1161	222	81.3792
1162	898	45.5748
1163	365	49.4239
1164	247	48.2622
1165	176	32.5182
1166	18	100.052
1167	23	62.0723
1168	69	46.8623
1169	3	171.007
1170	3976	65.2077
1171	1161	82.7533
1172	666	35.5664
1173	594	63.0897
1174	22	171.614
1175	51	134.934
1176	52	162.17
1177	30	78.9744
1178	86	32.8021
1179	168	48.0005
1180	624	34.4405
1181	31	123.826
1182	153	99.339
1183	14	122.253
1184	112	70.4213
1185	563	82.9267
1186	85	124.947
1187	250	69.0911
1188	1271	14.6054
1189	798	17.5172
1190	96	85.6443
1191	936	26.0829
1192	125	78.2574
1193	186	46.2046
1194	355	45.7672
1195	610	43.5751
1196	115	53.8348
1197	20	93.0435
1198	93	33.4675
1199	493	53.073
1200	106	134.771
1201	113	45.0825
1202	3183	16.1423
1203	664	45.2474
1204	68	94.4058
1205	1379	21.49
1206	11	73.109
1207	23	97.6777
1208	117	39.6316
1209	11	90.0855
1210	73	69.9142
1211	24	109.628
1212	74	56.8314
1213	826	26.3008
1214	1473	20.5203
1215	34	113.228
1216	29	134.311
1217	19	62.8466
1218	104	78.0946
1219	20	120.633
1220	47	79.8918
1221	45	116.862
1222	103	53.2244
1223	104	206.173
1224	3	150.455
1225	13	174.326
1226	268	61.9977
1227	84	41.0111
1228	255	84.709
1229	155	55.91
1230	15	79.2511
1231	2344	38.7964
1232	3440	22.0387
1233	39	97.3343
1234	50	95.1323
1235	155	79.6836
1236	6	115.3
1237	162	52.8502
1238	80	89.6003
1239	35	80.0803
1240	195	105.327
1241	41077	16.7577
1242	16	112.8
1243	34	85.6447
1244	33	67.1076
1245	397	25.6429
1246	92	73.1663
1247	54	74.0449
1248	14	196.345
1249	8	74.6418
1250	21	53.0992
1251	58	126.566
1252	11	141.725
1253	23	110.059
1254	24	65.9272
1255	1	111.543
1256	27	99.5726
1257	873	44.6906
1258	34	210.525
1259	152	53.6796
1260	52	60.3908
1261	411	42.2921
1262	32	98.9104
1263	94	53.9547
1264	30	134.243
1265	51	74.6552
1266	107	39.836
1267	43	128.433
1268	80	71.9423
1269	127	79.2268
1270	165	78.3904
1271	172	221.409
1272	82	46.8553
1273	18	103.607
1274	154	78.4751
1275	69	87.2834
1276	1118	20.5969
1277	125	79.766
1278	2265	16.348
1279	62	71.9331
1280	39	382.177
1281	49	71.9557
1282	9	239.487
1283	291	48.0797
1284	1139	32.6886
1285	37	147.306
1286	624	66.7941
1287	88	108.89
1288	47	196.478
1289	211	134.775
1290	13	74.6174
1291	92	66.885
1292	276	33.4742
1293	34	60.0169
1294	100	58.2324
1295	201	54.8379
1296	36	71.3163
1297	8	142.191
1298	72	85.5945
1299	578	43.2947
1300	210	36.0442
1301	48	65.7849
1302	138	44.0193
1303	734	40.3494
1304	6	134.051
1305	111	86.382
1306	34	135.733
1307	504	104.996
1308	2	110.95
1309	61	47.7849
1310	68	133.469
1311	18	155.8
1312	19	65.359
1313	318	80.037
1314	1702	65.1956
1315	115	63.7509
1316	60	35.8752
1317	30	59.011
1318	58	93.8019
1319	4605	37.1842
1320	56	53.3911
1321	44	49.4072
1322	106	31.6558
1323	4	89.0146
1324	20	62.4158
1325	37	88.176
1326	44	75.3107
1327	137	58.4557
1328	62	44.164
1329	245	50.672
1330	1775	8.85847
1331	30	103.669
1332	89	64.4831
1333	54	55.4425
1334	54	99.6716
1335	81	238.2
1336	74	53.3268
1337	3256	14.3777
1338	124	39.0173
1339	75665	8.74916
1340	620	25.4481
1341	16	247.465
1342	281	41.5676
1343	85	38.5561
1344	7568	14.5902
1345	414	34.1813
1346	52	59.6123
1347	45	88.0866
1348	59	52.7944
1349	43	60.7888
1350	15	169.568
1351	130	57.4927
1352	263	30.6686
1353	355	86.2242
1354	111	74.5801
1355	19	139.2
1356	44	35.0869
1357	78	53.0437
1358	1680	31.4249
1359	162	163.818
1360	11	66.9605
1361	1068	20.0641
1362	24	90.2826
1363	1	183.962
1364	106	56.2734
1365	654	25.4106
1366	51	39.0081
1367	436	22.8235
1368	17	99.5266
1369	521	39.1345
1370	89	58.5894
1371	563	31.0362
1372	562	24.1781
1373	197	95.8251
1374	186	54.1013
1375	2408	43.2114
1376	2	70.6094
1377	4	135.332
1378	35	171.042
1379	23	80.5364
1380	70	85.6551
1381	481	117.892
1382	171	36.4066
1383	28	178.819
1384	2	282.635
1385	13	126.319
1386	32	140.347
1387	77	63.4416
1388	392	79.5642
1389	103	50.3945
1390	2470	13.1537
1391	1482	34.7293
1392	55	75.0468
1393	45	52.603
1394	25	62.0809
1395	76	54.8168
1396	109	195.406
1397	103	93.5918
1398	114	41.669
1399	174	73.2123
1400	919	65.2653
1401	105	104.818
1402	90	35.0725
1403	275	43.1728
1404	5	196.693
1405	963	36.6592
1406	533	42.3425
1407	20	156.35
1408	32	74.0838
1409	127	61.4738
1410	25	114.027
1411	105	90.6173
1412	144	53.7588
1413	1	131.564
1414	220	43.4236
1415	0	nan
1416	1426	54.7098
1417	166	72.8385
1418	88	125.927
1419	288	40.1538
1420	2258	34.1268
1421	418	123.348
1422	95	54.7819
1423	124	51.21
1424	16	89.0893
1425	1325	37.3463
1426	29	67.8271
1427	16	173.73
1428	16	87.9376
1429	468	39.3061
1430	132	34.0935
1431	828	50.3241
1432	54	86.4535
1433	274	100.159
1434	23	68.2951
1435	3405	33.8582
1436	1132	16.0611
1437	5	318.217
1438	650	47.7242
1439	94	110.453
1440	163	54.5243
1441	6	168.48
1442	399	70.0937
1443	160	84.5265
1444	83	59.7935
1445	14	97.6667
1446	501	43.6904
1447	10	136.523
1448	10	84.1792
1449	10	136.738
1450	47	121.487
1451	66	111.993
1452	136	69.6137
1453	412	118.986
1454	47	44.2437
1455	654	15.9043
1456	525	37.3174
1457	530	44.0818
1458	13500	9.80552
1459	650	67.1953
1460	20	70.6292
1461	1009	15.1534
1462	10	102.759
1463	4	337.957
1464	122	145.227
1465	299	38.0913
1466	67	54.2855
1467	28	76.9635
1468	59	87.3717
1469	236	68.8379
1470	395	44.6537
1471	292	33.9499
1472	13	182.98
1473	1567	47.766
1474	10	152.454
1475	21	52.9298
1476	1287	94.4532
1477	65	95.6533
1478	124	101.986
1479	59	87.2424
1480	74	43.5817
1481	17	69.0608
1482	1548	39.8699
1483	27	74.8051
1484	23	62.5373
1485	4	164.295
1486	173	83.0271
1487	31	125.677
1488	177	41.8502
1489	24	66.0271
1490	464	84.8587
1491	71	100.251
1492	374	33.9234
1493	11	213.038
1494	411	33.9859
1495	8	291.851
1496	11	155.62
1497	597	30.123
1498	52	83.63
1499	20	94.8391
1500	1715	38.6016
1501	301	42.824
1502	20	203.5
1503	3968	28.6303
1504	102	53.6203
1505	448	38.5809
1506	2831	39.7156
1507	114	49.7921
1508	19	93.5662
1509	103	74.5945
1510	243	56.654
1511	52	63.5098
1512	42	143.038
1513	35	52.4585
1514	592	39.8305
1515	162	46.2964
1516	34	61.4504
1517	115907	8.66946
1518	0	nan
1519	17	106.071
1520	37	88.4586
1521	16	174.325
1522	79	66.7811
1523	12	98.4057
1524	9	129.065
1525	25	300.166
1526	295	45.6245
1527	3	104.68
1528	1817	33.8851
1529	0	nan
1530	7	101.648
1531	35	85.281
1532	29	105.052
1533	96	67.7458
1534	24	60.9915
1535	84	70.5067
1536	26	73.9522
1537	171	71.2144
1538	4715	11.7127
1539	588	47.1614
1540	799	36.0368
1541	34	76.7866
1542	198	37.0405
1543	14	95.4762
1544	40	62.1999
1545	157	59.5149
1546	2258	57.5245
1547	644	71.5549
1548	3	299.063
1549	51	74.8051
1550	410	50.9733
1551	1601	29.9803
1552	252	133.032
1553	38	124.025
1554	360	44.4931
1555	64	83.1861
1556	16	110.92
1557	84	57.1241
1558	42	76.6317
1559	104	79.6995
1560	155	37.1587
1561	44	81.4561
1562	27	67.847
1563	143	95.5554
1564	209	44.1487
1565	134	108.571
1566	1080	22.7118
1567	51	100.363
1568	1710	18.877
1569	713	49.8767
1570	157	33.3502
1571	109	45.6329
1572	423	21.079
1573	265	31.1277
1574	48	53.7104
1575	242	56.5932
1576	202	49.5247
1577	2030	50.2487
1578	313	68.0637
1579	18	47.3595
1580	1059	39.5691
1581	123	56.3604
1582	44	79.6014
1583	132	38.1435
1584	24	115.416
1585	23620	6.34063
1586	12	163.185
1587	41	103.744
1588	28	64.9478
1589	132	51.7645
1590	6	182.449
1591	1	208.08
1592	541	32.0335
1593	29	146.625
1594	107	61.5513
1595	52	109.97
1596	82	57.7398
1597	37	87.3655
1598	485	41.4698
1599	3445	22.1497
1600	75	42.0665
1601	8	106.064
1602	38	138.829
1603	6	596.378
1604	21	181.241
1605	10	143.715
1606	268	46.1789
1607	40	51.0748
1608	192	59.5099
1609	192	89.5011
1610	35	99.3913
1611	145	33.2981
1612	113	71.3688
1613	134	66.1504
1614	70	90.5575
1615	81	66.6398
1616	85	91.7072
1617	62	68.4998
1618	15	165.753
1619	3	170.856
1620	598	32.0859
1621	261	42.6498
1622	305	40.6859
1623	2797	26.3319
1624	8	67.0512
1625	199	68.4176
1626	476	41.5564
1627	35	41.4396
1628	134	88.4997
1629	848	28.7698
1630	97	76.1229
1631	149	49.1218
1632	1315	50.9859
1633	4056	8.54743
1634	107	46.7842
1635	562	70.5624
1636	226	38.3459
1637	724	27.6237
1638	38	128.41
1639	5	93.8323
1640	17	86.5319
1641	477	30.0703
1642	42	168.464
1643	16	199.744
1644	43	51.8308
1645	44	182.026
1646	24	103.961
1647	381	36.0015
1648	1	230.884
1649	7	377.026
1650	12	98.0524
1651	104	46.6423
1652	16	83.5602
1653	87	69.3234
1654	302	66.8091
1655	6	94.3786
1656	19	131.761
1657	340	32.1479
1658	2	112.139
1659	2836	41.7544
1660	233	40.7933
1661	2640	40.6483
1662	4	242.026
1663	89	51.5985
1664	65	98.169
1665	452	56.727
1666	460	26.7133
1667	20834	15.8624
1668	9	101.381
1669	48	55.1657
1670	106	80.7435
1671	48	111.354
1672	483	52.8703
1673	237	62.5168
1674	13	124.679
1675	52	118.335
1676	72	101.311
1677	96	80.9916
1678	1687	44.7087
1679	7	157.523
1680	101	52.9927
1681	54	104.136
1682	57	40.931
1683	1638	13.233
1684	26	96.684
1685	1128	43.0922
1686	40	93.1677
1687	65	98.8015
1688	650	26.6799
1689	7	158.495
1690	228	41.3723
1691	348	45.9035
1692	200	71.1886
1693	82	61.7933
1694	22	168.808
1695	941	25.2278
1696	7	190.339
1697	8	158.429
1698	220	69.4119
1699	269	47.2287
1700	184	51.911
1701	148	92.2234
1702	46	138.681
1703	647	19.5969
1704	1050	52.876
1705	697	42.8722
1706	62	52.8851
1707	18	83.834
1708	5	122.327
1709	17	157.979
1710	49	45.3338
1711	92	49.2732
1712	8160	17.4992
1713	22	106.114
1714	155	47.7397
1715	1457	28.9224
1716	330	46.3239
1717	230	43.5816
1718	410	29.259
1719	15	123.844
1720	429	36.5526
1721	10	76.0661
1722	339	57.8739
1723	110	129.561
1724	1676	69.0284
1725	108	60.4375
1726	190	45.7729
1727	79	78.6944
1728	22	76.9357
1729	115	46.5845
1730	593	42.6757
1731	6	129.537
1732	29	79.2619
1733	227	22.8238
1734	118	58.038
1735	24	80.2494
1736	36	114.314
1737	19	120.625
1738	138	133.148
1739	60	42.386
1740	69	218.095
1741	312	49.0995
1742	116	59.7991
1743	389	30.9481
1744	94	59.4151
1745	11	92.9599
1746	28	94.4966
1747	1164	50.8867
1748	332	40.9407
1749	55	134.327
1750	37	191.135
1751	11	162.752
1752	9	387.889
1753	138	84.9661
1754	10	56.2965
1755	94	82.2861
1756	11	64.3179
1757	41	139.189
1758	3206	21.9343
1759	46	37.8973
1760	28	122.203
1761	381	75.5642
1762	22	119.056
1763	31	103.659
1764	127	58.9212
1765	7	196.052
1766	11	256.654
1767	22	94.5068
1768	9	82.1568
1769	75	66.5621
1770	30	99.7145
1771	12	181.797
1772	305	27.9091
1773	5	223.117
1774	154	60.9394
1775	111	43.8223
1776	11	151.064
1777	79	117.123
1778	167	63.7261
1779	135	24.5415
1780	38	239.542
1781	135	62.736
1782	334	22.435
1783	57	97.2062
1784	109	55.541
1785	167	67.5392
1786	154	25.9223
1787	139	36.7663
1788	88	47.6981
1789	15	62.1441
1790	682	24.6189
1791	22	172.47
1792	174	32.1811
1793	59	62.2045
1794	160	55.3549
1795	4	69.3295
1796	11	181.557
1797	68	52.47
1798	1019	23.9467
1799	191	33.2309
1800	411	67.9845
1801	179	21.9528
1802	174	39.369
1803	16	345.448
1804	96	52.0198
1805	293	73.3497
1806	71	92.5863
1807	520	29.2816
1808	579	87.6655
1809	30	83.9364
1810	355	67.1611
1811	85	117.297
1812	58	192.426
1813	26	55.9684
1814	12	93.5277
1815	1255	41.0162
1816	37	142.615
1817	21	107.785
1818	1244	63.8007
1819	59	38.7095
1820	16	262.182
1821	23	222.975
1822	46	71.0811
1823	18	140.029
1824	17	67.1913
1825	146	137.622
1826	9	134.489
1827	101	59.6491
1828	154	73.7434
1829	9	133.017
1830	6	105.512
1831	22	87.3903
1832	27	68.3786
1833	218	60.5907
1834	30	113.417
1835	62	142.462
1836	258	52.5765
1837	104	32.8742
1838	78	46.547
1839	364	39.6181
1840	112	89.8561
1841	5	93.4447
1842	144	37.0574
1843	34	108.438
1844	45	180.13
1845	121	193.031
1846	42	152.002
1847	558	142.441
1848	52	78.8733
1849	23	111.323
1850	11	172.897
1851	38	94.5765
1852	49	115.871
1853	2	124.184
1854	53	80.1267
1855	4	198.966
1856	1	120.255
1857	13	133.863
1858	6	249.773
1859	353	23.726
1860	582	33.3367
1861	18	164.298
1862	16	122.56
1863	28	103.699
1864	1036	23.3079
1865	36	265.203
1866	26	99.5362
1867	378	71.3376
1868	26	118.565
1869	170	43.2804
1870	965	28.2591
1871	1519	24.0508
1872	352	71.7604
1873	853	26.3017
1874	92	57.7625
1875	47	53.8292
1876	12	99.3446
1877	75	102.371
1878	9	195.889
1879	234	256
1880	41	57.8572
1881	48	67.3654
1882	41	60.2312
1883	9	63.9004
1884	577	36.3114
1885	968	23.435
1886	439	37.6357
1887	19	87.1962
1888	833	34.21
1889	17	108.675
1890	1356	24.0075
1891	36	154.493
1892	65	70.4329
1893	9	109.426
1894	43	135.229
1895	8685	23.5697
1896	7	96.0748
1897	42	57.4821
1898	44	139.318
1899	3364	11.8682
1900	1334	39.6919
1901	53	118.095
1902	354	54.2474
1903	206	79.7668
1904	809	22.0348
1905	387	46.0378
1906	53	130.072
1907	501	39.5531
1908	1385	17.0894
1909	104	49.4246
1910	125	63.7046
1911	627	23.4712
1912	101	89.1722
1913	14	126.246
1914	88631	8.59216
1915	391	36.2802
1916	17	89.9062
1917	364	50.8348
1918	22	192.018
1919	24	128.949
1920	114	95.4753
1921	58	92.907
1922	88	40.0202
1923	8	126.774
1924	14	324.32
1925	114	52.2546
1926	7	99.7493
1927	21	47.6057
1928	41	118.485
1929	1	43.8627
1930	889	31.7696
1931	71	98.4706
1932	87	91.4767
1933	29	111.922
1934	38	72.9502
1935	2073	31.5047
1936	914	17.5113
1937	96	56.6985
1938	79	73.485
1939	1390	27.9278
1940	1757	61.7357
1941	331	31.4589
1942	34	68.8383
1943	367	17.4744
1944	527	26.1341
1945	25	240.383
1946	178	55.0379
1947	8	227.451
1948	331	23.8762
1949	7	176.63
1950	1	149.841
1951	29	122.998
1952	31	192.255
1953	37	117.714
1954	56	57.7507
1955	535	24.2868
1956	1207	56.4198
1957	22	115.599
1958	401	13.8817
1959	97	84.83
1960	146	43.0596
1961	162	72.82
1962	16	94.1571
1963	7	82.2849
1964	165	23.8912
1965	244	33.1672
1966	273	29.4044
1967	73	126.306
1968	279	57.349
1969	18	73.8291
1970	1023	19.4544
1971	504	70.8551
1972	98	57.9648
1973	2	423.194
1974	322	21.9972
1975	164	47.1956
1976	896	25.8881
1977	2138	35.8339
1978	407	59.0341
1979	183	33.9196
1980	259	34.9475
1981	231	58.763
1982	155	58.9955
1983	728	37.3348
1984	545	18.1472
1985	114	57.8828
1986	28	75.4451
1987	1166	25.8588
1988	15	147.207
1989	42	179.048
1990	27	237.049
1991	134	52.5462
1992	154	38.7505
1993	119	27.1012
1994	248	36.5434
1995	127	45.2525
1996	100	33.3547
1997	52	91.9179
1998	11942	19.3228
1999	2323	38.1607
2000	28	131.248
2001	81	143.131
2002	9	104.915
2003	154	41.1206
2004	143	45.9345
2005	280	62.29
2006	457	31.0667
2007	3	115.703
2008	612	53.3186
2009	21	73.8537
2010	66349	14.6611
2011	332	60.6561
2012	9	239.095
2013	4	99.6976
2014	83	86.1286
2015	52	165.689
2016	288	24.756
2017	31	38.6785
2018	1648	14.6434
2019	22	83.8408
2020	26	177.342
2021	9	241.556
2022	2365	34.5001
2023	5	259.876
2024	153	97.9729
2025	298	38.8595
2026	32	68.6129
2027	962	50.3834
2028	5	42.8976
2029	646	25.9025
2030	747	22.116
2031	86	64.1465
2032	52	93.0346
2033	411	41.7776
2034	155	58.4482
2035	9	239.532
2036	16	59.3484
2037	34	98.2122
2038	1020	27.3496
2039	27	267.316
2040	12	139.612
2041	1397	23.2807
2042	14	103.806
2043	69	52.6063
2044	31	52.8987
2045	9	171.303
2046	125	67.4802
2047	23	135.909
2048	1312	29.7601
2049	26	103.106
2050	79	68.8445
2051	69	66.8033
2052	306	92.3599
2053	101	110.117
2054	7	175.255
2055	7	134.429
2056	12	205.331
2057	138	75.6571
2058	518	36.8458
2059	199	36.1348
2060	82	58.9867
2061	89	61.1788
2062	30	87.142
2063	209	54.1198
2064	15	115.508
2065	170	38.3479
2066	111	57.0329
2067	1575	13.4114
2068	720	109.162
2069	63213	11.718
2070	25	166.958
2071	685	21.9378
2072	73	68.5812
2073	90596	24.053
2074	19	96.7895
2075	11	156.583
2076	478	31.799
2077	2448	19.526
2078	70	163.228
2079	285	25.2367
2080	7	127.624
2081	85	132.084
2082	40	86.2042
2083	17	121.237
2084	28	111.495
2085	595	52.0309
2086	257	60.0318
2087	375	27.2693
2088	577	37.4551
2089	359	36.3748
2090	59	84.6122
2091	3	175.886
2092	208	48.589
2093	133	46.7833
2094	41895	8.16438
2095	13	63.2727
2096	410	40.1766
2097	6	243.882
2098	192	80.0637
2099	84	75.8053
2100	65	68.9066
2101	36	80.3339
2102	62	53.4314
2103	43	103.503
2104	188	57.1928
2105	154	52.1129
2106	45	86.7871
2107	4264	23.6152
2108	165	38.1307
2109	589	43.4759
2110	1192	26.3907
2111	24	87.6728
2112	82	100.64
2113	77	92.7156
2114	177	72.8343
2115	281	49.0021
2116	64	193.313
2117	213	37.0532
2118	4	76.2819
2119	25	121.783
2120	40	106.722
2121	643	19.0607
2122	928	18.6652
2123	911	18.6113
2124	20	79.4489
2125	497	31.8174
2126	1106	32.0389
2127	176	65.2667
2128	344	29.5495
2129	462	59.9148
2130	36	127.911
2131	43	85.7242
2132	56	59.8547
2133	272	37.9192
2134	100976	17.0235
2135	220	35.5701
2136	10	100.319
2137	1175	24.9472
2138	0	nan
2139	23	138.026
2140	128	54.508
2141	606	22.7316
2142	23	124.513
2143	432	21.1453
2144	1137	51.9726
2145	4	167.894
2146	35	102.924
2147	67	86.3341
2148	9	148.492
2149	62	113.196
2150	465	49.086
2151	226	213.365
2152	93	53.2434
2153	210	68.1092
2154	88	104.725
2155	396	27.5942
2156	2	144.174
2157	42	65.2866
2158	100	88.1826
2159	1796	23.2452
2160	122	50.6171
2161	34	68.872
2162	237	56.9271
2163	1884	29.1156
2164	5	169.479
2165	18	106.689
2166	5	175.169
2167	2	377.19
2168	17	162.556
2169	245	48.4475
2170	35	50.1643
2171	32	206.57
2172	367	135.03
2173	179	73.7587
2174	370	82.9575
2175	36	116.741
2176	476	38.3018
2177	2138	40.1534
2178	50	56.5346
2179	34	69.4078
2180	0	nan
2181	433	98.2139
2182	84	83.8243
2183	51	68.878
2184	163	40.258
2185	153	36.8962
2186	133	93.1717
2187	4	124.461
2188	27	130.062
2189	468	42.763
2190	692	29.3831
2191	10	111.362
2192	588	25.757
2193	4	150.751
2194	42	53.8077
2195	25	109.446
2196	269	42.3618
2197	296	48.5036
2198	9	126.532
2199	18	171.144
2200	61	118.855
2201	35	47.1281
2202	5	253.7
2203	721	33.7477
2204	11	106.573
2205	135	66.2541
2206	19	72.0447
2207	2669	33.6194
2208	11	74.77
2209	347	74.2526
2210	109	27.7545
2211	72	44.3989
2212	2	688.405
2213	86	53.0959
2214	56	89.5475
2215	1	100.94
2216	162	44.6933
2217	4	72.9672
2218	233	44.6972
2219	29	81.8353
2220	4	132.271
2221	396	33.3019
2222	175	55.1707
2223	58	111.6
2224	385	33.3216
2225	13	96.763
2226	282	47.2446
2227	133	86.6412
2228	26	67.0906
2229	4	97.9575
2230	14	121.269
2231	488	43.9512
2232	652	41.4983
2233	29	186.921
2234	447	22.3197
2235	79	91.7652
2236	344	32.0437
2237	6	177.447
2238	77	55.3577
2239	94	48.3319
2240	7	156.173
2241	51	118.107
2242	164	46.1126
2243	764	62.0017
2244	413	78.3886
2245	28	286.358
2246	12	185.296
2247	31	132.254
2248	88	60.0748
2249	11	107.898
2250	44	112.936
2251	22	72.5844
2252	2	166.617
2253	13	102.573
2254	54	74.334
2255	138	100.707
2256	43	80.2072
2257	151	68.2925
2258	47	94.3657
2259	19	136.869
2260	10	243.13
2261	932	74.4664
2262	4	114.373
2263	10	220.649
2264	118	67.774
2265	179	44.674
2266	281	108.55
2267	191	39.2766
2268	25	84.877
2269	65	121.849
2270	11	150.617
2271	11	123.453
2272	26	44.0558
2273	68	116.087
2274	7	107.352
2275	30	82.5181
2276	112	49.8546
2277	15	472.756
2278	174	39.9926
2279	38	103.11
2280	18	231.609
2281	18	32.8387
2282	11	123.853
2283	12	82.3042
2284	1	40.2899
2285	13	97.4885
2286	30	51.9279
2287	39	82.9586
2288	80	103.72
2289	35	75.1951
2290	22	126.988
2291	38	57.8775
2292	585	24.0982
2293	2154	19.6371
2294	43	24.4135
2295	74	37.222
2296	49	77.6046
2297	99	33.6084
2298	380	45.9801
2299	54	56.7096
2300	58	62.1997
2301	13	84.797
2302	238	26.6961
2303	605	39.8628
2304	45	81.4612
2305	2	293.335
2306	463	43.4807
2307	121	56.666
2308	470	59.9381
2309	139	84.9192
2310	10	187.115
2311	59	76.7229
2312	139	63.4882
2313	20	117.518
2314	3449	8.89148
2315	23	162.212
2316	16034	10.7531
2317	34831	39.1131
2318	34	147.421
2319	14	112.66
2320	390	34.7226
2321	352	40.5094
2322	65	105.286
2323	1084	52.6249
2324	3259	39.9713
2325	139	42.4922
2326	548	68.6474
2327	545	25.2121
2328	9	163.377
2329	1080	24.2597
2330	40	103.361
2331	10	168.692
2332	954	28.3936
2333	73484	15.5311
2334	107	56.0875
2335	39	75.7669
2336	59	58.7644
2337	101	89.9507
2338	15	211.855
2339	31	75.8476
2340	2	228.29
2341	5	494.534
2342	38	97.6229
2343	52	69.5412
2344	1	131.791
2345	41	89.0884
2346	26	143.558
2347	15	188.659
2348	41	54.1077
2349	15	108.034
2350	25	70.509
2351	272	55.0648
2352	51	51.3507
2353	11	102.543
2354	32	65.6001
2355	12	762.338
2356	48	65.28
2357	10746	19.8557
2358	105898	9.98083
2359	205	64.4573
2360	88	116.727
2361	10	133.871
2362	35	82.9713
2363	27	111.771
2364	218	34.6156
2365	95	32.2899
2366	67	94.3352
2367	31	92.6744
2368	2	134.985
2369	60	134.505
2370	39	72.2531
2371	21	131.131
2372	104	96.5308
2373	14	122.18
2374	222	48.8733
2375	34	153.477
2376	13	110.956
2377	30	65.2953
2378	27	118.31
2379	85	36.3394
2380	135	41.8471
2381	443	20.4063
2382	14	145.469
2383	26113	21.6033
2384	6	56.4705
2385	1062	70.603
2386	384	18.0359
2387	75	66.5126
2388	18	29.4195
2389	33	38.6062
2390	28	123.675
2391	696	26.492
2392	568	42.8936
2393	1343	50.125
2394	36	138.499
2395	95	33.6474
2396	2451	36.9292
2397	74	55.4204
2398	42	123.488
2399	113	84.3829
2400	385	36.0903
2401	4	113.51
2402	13	198.175
2403	108	83.4552
2404	24	67.4055
2405	1201	29.5531
2406	262	30.579
2407	248	60.7296
2408	297	70.8699
2409	1518	53.4969
2410	1338	17.469
2411	127	38.6075
2412	101	67.4373
2413	452	20.8941
2414	114	109.019
2415	18	126.519
2416	811	35.9949
2417	299	48.3611
2418	40	71.7975
2419	48	76.3699
2420	14	70.3275
2421	159	105.675
2422	69	57.6757
2423	22	128.92
2424	237	53.0997
2425	587	33.0843
2426	57	121.207
2427	12	157.723
2428	129	61.2855
2429	24	136.238
2430	1118	29.8295
2431	86	67.3242
2432	35	70.1921
2433	20	79.396
2434	36	49.4279
2435	13	139.658
2436	14	55.2199
2437	906	51.5847
2438	3	61.9151
2439	5	247.383
2440	141	90.1892
2441	7128	72.6823
2442	604	31.6606
2443	39	26.3265
2444	81	34.887
2445	20	96.8479
2446	1976	64.9941
2447	8	108.967
2448	516	31.5919
2449	14613	7.8937
2450	0	nan
2451	76137	4.9173
2452	43	55.8192
2453	9	112.02
2454	522	37.5975
2455	153	47.2707
2456	11	188.374
2457	54	109.35
2458	231	84.8419
2459	47	43.3257
2460	234	37.7736
2461	728	79.9462
2462	27	72.9201
2463	7	111.275
2464	105	53.4396
2465	788	32.0805
2466	5301	19.5924
2467	945	17.7781
2468	110	39.3191
2469	44	109.14
2470	644	52.2346
2471	357	68.0427
2472	9	293.361
2473	31	138.145
2474	2	251.178
2475	132	42.6149
2476	6	110.697
2477	146	77.5063
2478	1	132.922
2479	28	130.731
2480	1	240.647
2481	144	63.3608
2482	43	46.4114
2483	39	89.8247
2484	185109	4.9799
2485	315	53.8263
2486	131	105.387
2487	100	68.8582
2488	27446	12.9465
2489	217	109.581
2490	36	137.885
2491	26	148.511
2492	26721	21.6197
2493	176	223.237
2494	90	120.595
2495	286	46.6797
2496	259	45.3869
2497	267	48.4773
2498	17	103.951
2499	3823	27.718
2500	12718	29.5015
2501	30	138.244
2502	1032	51.3439
2503	19	74.1682
2504	74	91.7239
2505	15	108.699
2506	405	26.9574
2507	230	19.3387
2508	10	98.2028
2509	27	99.0985
2510	317	26.2201
2511	7	214.269
2512	834	37.1763
2513	7	142.842
2514	57	62.5368
2515	31	40.6668
2516	607	74.8389
2517	170	60.14
2518	6	125.878
2519	10	133.179
2520	12	176.927
2521	47	190.125
2522	76	151.566
2523	167	69.0143
2524	65604	5.24021
2525	48	151.119
2526	1982	29.2964
2527	2412	10.2856
2528	20	121.037
2529	35	127.052
2530	11	176.988
2531	122	111.069
2532	32	96.0414
2533	62	100.959
2534	34	50.1825
2535	35	58.4312
2536	78	127.612
2537	137	176.248
2538	35	44.8318
2539	3	91.2126
2540	258	60.0844
2541	514	50.4873
2542	1873	25.5147
2543	55	67.1032
2544	13	117.745
2545	9	207.599
2546	20	110.38
2547	304	89.9779
2548	11	81.0683
2549	95	77.3827
2550	834	27.7651
2551	1	222.607
2552	316	33.8939
2553	1392	18.4874
2554	427	72.916
2555	87	55.4501
2556	5	115.687
2557	29667	18.0292
2558	13	153.84
2559	19	79.4713
2560	1316	44.2928
2561	638	51.2394
2562	19	162.281
2563	17	145.565
2564	31	110.476
2565	20	68.9873
2566	25	57.099
2567	88	67.42
2568	1235	27.3376
2569	441	47.9188
2570	15	76.5099
2571	11	115.658
2572	49	99.7272
2573	1527	13.7979
2574	205	138.111
2575	181	29.953
2576	1556	29.6128
2577	50	99.124
2578	69	48.9501
2579	71	55.2473
2580	25	104.508
2581	47	53.6997
2582	69	58.1984
2583	1804	26.0516
2584	10	98.3913
2585	95	70.1812
2586	14949	26.6999
2587	14	136.277
2588	29	114.299
2589	21	74.3222
2590	44	115.603
2591	32	81.2626
2592	68	49.6802
2593	2	96.3831
2594	6	75.7209
2595	34	104.083
2596	294	58.5449
2597	10	220.744
2598	21	64.4047
2599	627	48.8097
2600	272	29.0348
2601	103	96.0114
2602	8	253.191
2603	18	61.6488
2604	10	145.28
2605	61	67.2395
2606	40208	16.8363
2607	122	47.2004
2608	22	136.461
2609	7	69.6988
2610	299	76.7117
2611	210	72.4216
2612	47	91.015
2613	84	203.801
2614	666	42.732
2615	10	139.359
2616	10	152.442
2617	298	26.8478
2618	70	58.1784
2619	316	72.0485
2620	7	123.954
2621	14	171.702
2622	1008	37.6851
2623	150	115.906
2624	118	33.6166
2625	179	31.8241
2626	3	143.041
2627	43	182.564
2628	215	23.0035
2629	30	90.1916
2630	27	257.208
2631	0	nan
2632	677	40.3796
2633	2047	31.4028
2634	36	54.3836
2635	16	156.638
2636	498	43.767
2637	19	143.975
2638	61	51.5948
2639	105	51.6735
2640	33	93.1798
2641	113	79.0003
2642	16	90.8403
2643	48	181.681
2644	111	73.5148
2645	86	57.5724
2646	2121	63.4652
2647	426	43.3143
2648	711	50.0753
2649	41	102.859
2650	25	69.4294
2651	844	14.956
2652	83	72.4229
2653	67	99.7361
2654	2106	25.2928
2655	49	82.9014
2656	92	65.4811
2657	153	97.7467
2658	98	84.2966
2659	64	27.2555
2660	442	58.8251
2661	231	162.061
2662	6	90.1818
2663	150	56.606
2664	41	134.316
2665	8	153.302
2666	16	77.7972
2667	43	63.5734
2668	539	29.9288
2669	0	nan
2670	106	67.5243
2671	40	46.0697
2672	20	68.488
2673	23	83.4197
2674	13	117.804
2675	65	32.4473
2676	26	97.4626
2677	74	117.441
2678	739	35.8946
2679	290	41.0204
2680	14	51.0563
2681	60	37.0305
2682	138	55.2862
2683	69	78.5905
2684	18	174.477
2685	110	48.8548
2686	111	103.439
2687	113	38.0018
2688	8	127.023
2689	4	62.644
2690	377	100.831
2691	389	21.6911
2692	39	101.135
2693	141	61.6141
2694	18	80.3819
2695	8	80.9441
2696	4	149.105
2697	50	69.5409
2698	16	75.4468
2699	54	85.4502
2700	627	30.8089
2701	2797	28.9519
2702	64	36.1475
2703	34	101.147
2704	22	184.869
2705	123	35.2071
2706	6	110.714
2707	55	131.177
2708	1598	42.3551
2709	47	167.331
2710	25	51.551
2711	58	121.053
2712	219	65.7218
2713	194	87.1616
2714	50	80.6507
2715	39	58.7284
2716	7	100.571
2717	1296	35.7003
2718	6	97.4166
2719	8	107.348
2720	20	65.9116
2721	20	108.284
2722	37	172.276
2723	75	80.7203
2724	329	23.7021
2725	49	69.5629
2726	51	55.3747
2727	40	81.0349
2728	232	32.5197
2729	30	95.3669
2730	878	21.9369
2731	31	60.5429
2732	19	189.281
2733	50	201.322
2734	16	89.2664
2735	10	86.592
2736	79	34.4848
2737	22	51.4467
2738	21	80.4471
2739	117	73.6025
2740	907	45.6645
2741	484	38.4926
2742	78	34.0196
2743	176	43.3126
2744	92	79.2283
2745	205	26.5384
2746	320	33.8672
2747	7	256.345
2748	8	119.225
2749	13	140.467
2750	5	122.192
2751	37	89.031
2752	12	130.447
2753	3	219.693
2754	34	78.4431
2755	33	135.365
2756	42	53.8172
2757	835	41.7457
2758	283	33.2676
2759	340	37.5118
2760	69	147.212
2761	2	235.085
2762	42	62.6625
2763	34	115.695
2764	380	35.343
2765	759	21.2741
2766	182	37.4509
2767	28	96.2285
2768	82	84.0255
2769	437	38.4096
2770	1502	28.0345
2771	673	47.4197
2772	81	74.9565
2773	840	86.1212
2774	0	nan
2775	150	59.5441
2776	93	65.8417
2777	38	72.5982
2778	24	119.039
2779	41	101.817
2780	471	54.2106
2781	338	67.454
2782	64	113.932
2783	1298	52.0269
2784	5	178.196
2785	32	263.839
2786	88	66.8364
2787	166	42.5956
2788	51	76.1805
2789	1	127.913
2790	1093	36.1528
2791	105	93.9876
2792	67	50.6668
2793	147	215.19
2794	11	165.237
2795	85	38.4722
2796	52	52.2731
2797	516	59.1175
2798	596	32.1897
2799	77	109.829
2800	40	65.08
2801	54	72.0849
2802	22	71.7665
2803	912	33.4416
2804	306	57.9308
2805	352	89.3795
2806	4	258.706
2807	15	86.1246
2808	289	33.6288
2809	2957	10.0772
2810	8	126.71
2811	12414	18.1211
2812	14	155.61
2813	216	35.699
2814	253	35.2441
2815	94	126.278
2816	148	49.8072
2817	28	74.4245
2818	333	35.0862
2819	41	58.3576
2820	4	36.2746
2821	292	53.094
2822	29	56.4543
2823	23	161.929
2824	667	56.7622
2825	45	115.13
2826	92	84.9948
2827	70	49.0587
2828	13	100.56
2829	8	83.3682
2830	19	90.4932
2831	49	71.3096
2832	1166	16.4538
2833	5	157.216
2834	24	150.053
2835	44	58.0654
2836	766	64.5063
2837	39	62.9148
2838	1093	27.9785
2839	88	93.7695
2840	325	71.4509
2841	46	48.954
2842	391	62.5556
2843	7	116.516
2844	10	126.917
2845	46	184.235
2846	748	48.5652
2847	1865	59.2768
2848	120	156.319
2849	283	90.8502
2850	595	37.8294
2851	27	41.6579
2852	14	105.591
2853	764	37.2884
2854	36	58.055
2855	1210	42.4989
2856	50	78.1302
2857	94	56.6746
2858	955	42.8836
2859	33	51.9491
2860	94	64.2049
2861	70	46.6752
2862	1108	50.1063
2863	10	113.501
2864	2435	9.73283
2865	703	172.915
2866	9	109.809
2867	18	107.302
2868	14	155.935
2869	56	52.9631
2870	46	77.6832
2871	50	113.03
2872	20	91.5737
2873	125	43.9364
2874	552	33.1034
2875	528	44.5347
2876	61	91.3436
2877	27	130.519
2878	17	65.4571
2879	106	90.1497
2880	1	115.316
2881	54	75.9454
2882	79	133.654
2883	65	61.2584
2884	1572	28.7884
2885	20	84.1056
2886	13	193.342
2887	2614	30.3975
2888	205	32.2979
2889	38	108.9
2890	216	80.8677
2891	97	73.5381
2892	10	57.1328
2893	3423	48.0816
2894	15	87.8992
2895	479	49.6658
2896	25	134.914
2897	5119	6.73989
2898	1115	65.2421
2899	37	60.6703
2900	31	100.885
2901	89	83.6984
2902	487	41.9689
2903	19	99.7673
2904	29	84.6836
2905	73	81.7817
2906	15	71.5184
2907	595	24.8582
2908	30	137.441
2909	5	84.4999
2910	281	50.6888
2911	172	113.479
2912	37	169.884
2913	50	198.378
2914	273	29.9002
2915	18	200.049
2916	2	84.1283
2917	56	52.1057
2918	155	37.7241
2919	17	118.764
2920	53	223.066
2921	16	103.592
2922	405	74.5019
2923	7	201.526
2924	115	34.0977
2925	1460	30.7964
2926	1619	27.9399
2927	53	90.5218
2928	61	151.261
2929	48	74.648
2930	494	66.9134
2931	81	138.59
2932	20	80.7258
2933	10	106.396
2934	7	142.388
2935	4	160.938
2936	168	38.5143
2937	2569	37.84
2938	140	141.491
2939	219	29.9423
2940	11449	11.1822
2941	32	64.8928
2942	95	73.7125
2943	433	74.6303
2944	9	246.828
2945	421	44.9553
2946	1	58.1106
2947	16153	6.74262
2948	74	45.1754
2949	2234	15.9989
2950	557	32.5863
2951	46	69.1097
2952	713	24.9729
2953	373	79.5366
2954	115	46.0978
2955	272	34.823
2956	60	50.083
2957	105	36.4115
2958	22	119.541
2959	35	170.718
2960	66	56.7713
2961	104	69.8926
2962	36	107.78
2963	21	80.585
2964	5	284.149
2965	100	59.6024
2966	552	49.3575
2967	224	54.4391
2968	61798	16.6911
2969	81	57.8331
2970	103	85.2183
2971	40	126.982
2972	546	26.5028
2973	83	119.354
2974	15	74.8117
2975	627	67.3457
2976	62	50.78
2977	33	173.63
2978	20	111.375
2979	51	92.7155
2980	33	138.053
2981	94	68.1615
2982	121	63.9296
2983	1715	26.0813
2984	47	114.158
2985	86	33.9804
2986	62	32.4901
2987	215	51.7286
2988	70	132.953
2989	25	97.1651
2990	78	77.7854
2991	1262	46.398
2992	19	139.128
2993	168	29.9652
2994	16	86.3264
2995	30	117.637
2996	34	85.6365
2997	16	87.3079
2998	169	54.4399
2999	420	52.8366
3000	229	45.1346
3001	23	141.47
3002	34	154.924
3003	51	119.06
3004	135	55.7026
3005	10	97.8608
3006	331	80.5268
3007	6	271.228
3008	65	167.486
3009	7221	14.9406
3010	119	31.5718
3011	273	90.3552
3012	620	55.5571
3013	6	87.0057
3014	12	193.487
3015	147	95.3599
3016	167	48.2178
3017	56	64.8448
3018	4	75.5777
3019	6608	20.6912
3020	30	121.169
3021	3	207.79
3022	34	116.365
3023	1877	11.3036
3024	20	72.8412
3025	8	340.479
3026	278	48.3628
3027	92	49.2003
3028	22	160.881
3029	147	82.472
3030	5	319.815
3031	17	119.988
3032	17	189.843
3033	68	53.1883
3034	10	98.8679
3035	12	75.8834
3036	41	171.975
3037	231	62.2627
3038	1930	23.3181
3039	64	39.0006
3040	154	48.6344
3041	56	52.6766
3042	164	123.096
3043	176	58.9544
3044	357	56.1465
3045	105	59.6151
3046	31	83.7951
3047	209	64.8038
3048	15	104.709
3049	10	90.618
3050	4	271.614
3051	19	136.996
3052	18	101.467
3053	17	73.2858
3054	320	35.841
3055	298	65.2652
3056	250	80.5358
3057	74	76.2627
3058	616	27.1947
3059	2	116.03
3060	38	49.1026
3061	72	50.7501
3062	38	49.9811
3063	31	75.7423
3064	7	155.969
3065	160	55.0295
3066	125	62.1486
3067	9	128.486
3068	17	55.7728
3069	109	167.88
3070	5	173.441
3071	96	62.0834
3072	121	60.4838
3073	188	47.2481
3074	75	110.267
3075	66	48.9423
3076	47	103.869
3077	95	46.141
3078	183	30.0787
3079	14	139.911
3080	48	68.4149
3081	104	142.175
3082	89	63.4589
3083	247	241.53
3084	386	38.417
3085	80	90.6228
3086	84	46.4224
3087	332	21.7446
3088	7	90.7749
3089	170	27.9692
3090	88	71.8793
3091	22	57.2935
3092	60	55.5713
3093	126	77.6029
3094	7	241.311
3095	1348	12.4159
3096	28	62.543
3097	13	133.974
3098	143	53.3836
3099	454	30.8679
3100	679	17.7414
3101	70	95.8158
3102	2	100.305
3103	74	65.3629
3104	426	56.9602
3105	28	126.491
3106	10	90.5462
3107	699	27.4962
3108	30	150.855
3109	27	65.7774
3110	88	37.6594
3111	439	44.6944
3112	102	71.0329
3113	80	86.9299
3114	274	46.5248
3115	36	86.0253
3116	0	nan
3117	4	93.7362
3118	74	60.7457
3119	34	46.9249
3120	159	53.6081
3121	21	63.0977
3122	27	256.237
3123	970	25.009
3124	69	102.514
3125	146	57.1724
3126	152	35.9807
3127	25	49.905
3128	30	102.563
3129	1243	22.0862
3130	30	96.8575
3131	61	64.1661
3132	23	121.087
3133	85	65.7842
3134	31	89.5139
3135	38	148.747
3136	12	103.32
3137	25	113.825
3138	338	26.4519
3139	127	87.9752
3140	132	37.5891
3141	496	63.3173
3142	26	68.7535
3143	240	43.6052
3144	8	86.3966
3145	3	169.557
3146	572	44.8583
3147	69633	6.64461
3148	37564	11.1139
3149	628	58.5813
3150	51	57.2591
3151	18	61.1915
3152	17	70.9841
3153	32	167.78
3154	146	76.0696
3155	197	61.7219
3156	6	65.508
3157	145	44.824
3158	85	104.792
3159	123	43.0824
3160	288	60.9547
3161	10	110.049
3162	253	76.734
3163	36	79.3528
3164	1	164.02
3165	253	44.609
3166	99	59.5755
3167	25	95.68
3168	146	30.0358
3169	28	75.8757
3170	80	88.5666
3171	242	27.4876
3172	39	78.8551
3173	31	122.752
3174	878	37.5441
3175	1802	9.09955
3176	19	188.29
3177	66	42.5196
3178	5	490.765
3179	52	62.4218
3180	59821	25.4173
3181	319	45.0067
3182	6	165.995
3183	64	132.192
3184	247	47.3431
3185	173	50.3698
3186	14	106.89
3187	113	52.544
3188	683	50.3995
3189	14	175.337
3190	59	54.9673
3191	384	39.9985
3192	21	84.3523
3193	1	53.58
3194	1	94.6077
3195	315	29.2867
3196	79397	10.8287
3197	872	44.057
3198	10	84.3944
3199	2	102.598
3200	57	91.3909
3201	31	68.0452
3202	14	101.548
3203	67	75.0827
3204	46	83.6432
3205	344	63.3544
3206	113	65.7435
3207	43	81.5313
3208	19	68.5809
3209	561	28.964
3210	22	141.242
3211	872	16.994
3212	104	45.9753
3213	26	59.9161
3214	25	76.7599
3215	13	218.271
3216	6036	21.8408
3217	30	52.9375
3218	12	113.755
3219	188	37.8544
3220	1604	22.7045
3221	100	76.0636
3222	18	151.378
3223	230	34.8042
3224	140	38.9373
3225	43	103.645
3226	273	35.3177
3227	164	44.6025
3228	28	98.5582
3229	13	29.7602
3230	34	105.579
3231	107	26.0449
3232	3	111.1
3233	50	124.398
3234	58	90.8908
3235	4	76.0777
3236	429	44.4387
3237	1	164.166
3238	1920	47.0368
3239	120	71.4888
3240	103	24.4002
3241	8	203.07
3242	134	118.109
3243	245	30.8966
3244	16	123.511
3245	6	133.067
3246	6	115.277
3247	7153	14.4983
3248	41	97.8528
3249	48	74.7433
3250	13	49.9181
3251	1712	100.855
3252	79	48.5291
3253	8	98.6558
3254	7	109.623
3255	8	126.518
3256	21	132.734
3257	48	56.1146
3258	10	62.199
3259	30	141.939
3260	296	39.5266
3261	26	44.0618
3262	336	66.1539
3263	79	77.0778
3264	119	28.6548
3265	8524	6.37175
3266	448	66.0311
3267	110	71.3534
3268	92	148.087
3269	1295	27.4449
3270	8	108.545
3271	130	70.0821
3272	145	64.0369
3273	13	143.982
3274	237	48.0096
3275	34334	26.5012
3276	29	41.3995
3277	214	39.0096
3278	47	108.547
3279	41	91.1027
3280	41	102.825
3281	7	109.512
3282	6	70.3823
3283	13	96.3699
3284	127	49.7218
3285	13	125.156
3286	126	39.5775
3287	73	55.6342
3288	4	120.326
3289	11	125.741
3290	160	54.0298
3291	82	151.385
3292	21	106.839
3293	540	30.5528
3294	331	50.7561
3295	42	88.5265
3296	379	28.7348
3297	948	28.8664
3298	43	167.058
3299	436	51.3444
3300	1184	17.9361
3301	69	45.8046
3302	80	47.4313
3303	216	74.3124
3304	102	172.088
3305	52	70.4329
3306	32	125.221
3307	74	152.447
3308	92	42.1974
3309	18	187.172
3310	444	62.1449
3311	21	88.8365
3312	130	63.3099
3313	83	71.2463
3314	47	195.439
3315	208	33.259
3316	42	36.3612
3317	25	164.439
3318	260	80.2932
3319	2	143.545
3320	52	86.214
3321	451	48.817
3322	7	100.859
3323	15	119.273
3324	25	130.253
3325	31	138.502
3326	140	48.5479
3327	8	137.449
3328	780	39.2321
3329	20	105.289
3330	118	31.1875
3331	23	90.7163
3332	499	24.8669
3333	52	148.968
3334	241	185.117
3335	78	73.6626
3336	662	41.7717
3337	101	47.8694
3338	1627	14.936
3339	13	149.772
3340	24	85.2698
3341	10	131.048
3342	503	26.9847
3343	468	41.971
3344	99	111.34
3345	42	64.6138
3346	102348	5.09618
3347	653	97.1777
3348	58	94.3398
3349	4	134.708
3350	48	44.4893
3351	73	79.6079
3352	255	55.3093
3353	100	30.5569
3354	4	48.5272
3355	91	117.046
3356	309	27.3457
3357	22	186.021
3358	968	21.2879
3359	4	262.692
3360	17	56.8614
3361	252	44.7072
3362	33	118.436
3363	152	65.2686
3364	348	69.8234
3365	1106	75.5607
3366	49	70.5363
3367	708	45.133
3368	814	64.9251
3369	200	94.7886
3370	57	145.94
3371	22	117.219
3372	312	55.0683
3373	10507	8.45804
3374	33	134.988
3375	179	67.6353
3376	83	45.5404
3377	39	74.2873
3378	45	131.805
3379	10	140.04
3380	138	58.0998
3381	41	46.4874
3382	1700	19.8413
3383	933	29.6467
3384	13	200.228
3385	58	52.792
3386	30	68.7875
3387	388	55.9922
3388	18	90.2521
3389	1777	26.5903
3390	16	132.05
3391	242	36.6212
3392	2	65.6173
3393	159	81.9573
3394	215	90.3413
3395	31	65.4816
3396	58	63.2231
3397	7	115.738
3398	51	82.0579
3399	247	46.4645
3400	677	29.4866
3401	655	22.8887
3402	130	96.1643
3403	29	126.469
3404	386	27.9922
3405	20	33.459
3406	561	59.2601
3407	117	91.94
3408	631	43.4533
3409	92	52.3993
3410	140	70.1555
3411	1337	20.2938
3412	30	70.878
3413	14	76.9443
3414	277	97.8975
3415	192	62.4138
3416	44	67.4413
3417	12	105.519
3418	7355	17.786
3419	53	45.3914
3420	57	48.9028
3421	244	38.283
3422	228	40.7162
3423	28	41.4659
3424	1956	21.0485
3425	110	54.3783
3426	30	259.481
3427	1	233.071
3428	81	40.2225
3429	288	32.2784
3430	10356	22.0777
3431	2	76.2594
3432	17	124.087
3433	29	80.7533
3434	55	54.3922
3435	24	161.955
3436	21	76.7617
3437	38	75.8936
3438	63	88.4441
3439	1318	50.5803
3440	188	45.2156
3441	15	52.6921
3442	186	63.2742
3443	65	67.6022
3444	143	87.6
3445	87	30.2464
3446	43	77.5947
3447	15	110.016
3448	15	149.403
3449	30	102.359
3450	37	214.777
3451	1997	15.651
3452	0	nan
3453	31	153.478
3454	4	203.581
3455	3630	54.1803
3456	26	75.4787
3457	532	97.7047
3458	6	206.324
3459	14	125.387
3460	105	192.788
3461	403	46.1214
3462	18	159.235
3463	23	76.2139
3464	1	181.433
3465	10	111.71
3466	13	132.281
3467	52	106.562
3468	131	86.5526
3469	89	88.8937
3470	513	28.1299
3471	65	44.5063
3472	47	87.2567
3473	56	74.8261
3474	491	84.4449
3475	630	41.8375
3476	2	160.098
3477	466	28.5439
3478	17	66.7886
3479	98543	8.99247
3480	94	88.5757
3481	17	143.908
3482	109	67.3295
3483	1660	38.5136
3484	30	82.3303
3485	6	104.743
3486	1	119.213
3487	577	26.741
3488	647	22.7078
3489	4	85.8543
3490	78	57.5136
3491	54	36.9022
3492	16	83.7473
3493	886	44.0826
3494	6	105.915
3495	26	190.802
3496	19	98.3975
3497	3	148.872
3498	1212	28.0078
3499	72	175.137
3500	837	20.2446
3501	54	58.9885
3502	13	67.9725
3503	394	118.082
3504	21	87.4196
3505	8	187.104
3506	18	102.842
3507	22	36.0655
3508	46	84.153
3509	1350	41.2691
3510	14	113.977
3511	31	87.34
3512	109	125.07
3513	23397	13.9966
3514	200	31.4942
3515	4	165.33
3516	20	86.9053
3517	218	86.3023
3518	7	132.905
3519	398	18.7634
3520	367	17.6706
3521	1500	51.5929
3522	128	83.7478
3523	175	49.3683
3524	220	30.2256
3525	105	65.1727
3526	203	57.1485
3527	53	60.4587
3528	9	178.44
3529	561	25.2915
3530	8	70.1635
3531	4870	44.2507
3532	420	66.5433
3533	69	43.118
3534	44	54.0438
3535	13	77.451
3536	15	133.438
3537	129	49.0664
3538	968	29.6421
3539	7	297.93
3540	48	359.927
3541	189	74.9321
3542	64	47.3941
3543	23	115.148
3544	371	61.6603
3545	95	75.4571
3546	145	68.5988
3547	477	40.4306
3548	7	71.4298
3549	11	88.0461
3550	598	21.0592
3551	20	85.3396
3552	127	73.0348
3553	29	77.9679
3554	6	98.9216
3555	25	130.066
3556	2770	62.1866
3557	4	186.674
3558	539	47.9335
3559	139	64.9492
3560	33	189.989
3561	61	98.1702
3562	1043	34.867
3563	237	47.4705
3564	35	87.1623
3565	18	70.1108
3566	48	62.3406
3567	106	41.675
3568	16	155.375
3569	40	127.236
3570	1099	45.2145
3571	51	96.259
3572	26328	20.2501
3573	19	43.5706
3574	19	75.1124
3575	18	49.3327
3576	946	25.0141
3577	18	201.437
3578	46	57.5845
3579	104	71.0708
3580	45	84.9255
3581	367	28.327
3582	577	57.6955
3583	441	60.8752
3584	1	141.444
3585	15	27.1252
3586	31	48.7635
3587	25	76.7142
3588	58	57.9094
3589	11	135.93
3590	1028	42.6066
3591	30	123.07
3592	142	43.5134
3593	101	54.4962
3594	138	47.3062
3595	637	118.5
3596	21	105.894
3597	723	40.7252
3598	5	116.826
3599	0	nan
3600	105	100.831
3601	213	26.6543
3602	1	73.2453
3603	215	44.4063
3604	3	148.53
3605	12	128.01
3606	272	55.1823
3607	514	29.6136
3608	57	78.8996
3609	32	135.028
3610	24	86.7745
3611	22	155.804
3612	502	17.7726
3613	130	84.4602
3614	143	66.0931
3615	1046	15.3924
3616	73	62.5446
3617	7	103.018
3618	45	136.823
3619	36	45.3457
3620	138	67.1373
3621	73	61.7682
3622	110	78.7033
3623	140	51.7071
3624	35	122.648
3625	35	95.4041
3626	19	61.0207
3627	106	91.8812
3628	1862	24.8611
3629	91	73.0683
3630	70	40.9481
3631	12	75.848
3632	88	53.9818
3633	31	156.075
3634	19	83.8029
3635	50	120.131
3636	38	77.5151
3637	5186	17.0846
3638	276	141.115
3639	245	44.2255
3640	75	82.8182
3641	208	185.272
3642	166	45.7338
3643	137	37.4827
3644	1635	24.7002
3645	259	61.9589
3646	1900	34.9315
3647	847	30.3724
3648	10	239.574
3649	132	84.3506
3650	51	55.4266
3651	321	41.5327
3652	36	139.135
3653	444	24.7148
3654	508	30.3107
3655	11	100.933
3656	23	79.8334
3657	15	74.6612
3658	68	86.9766
3659	44	71.554
3660	365	63.7451
3661	82	90.0709
3662	204	81.3109
3663	413	45.2187
3664	404	37.0658
3665	10	133.642
3666	4	104.408
3667	37	137.911
3668	1235	11.6598
3669	154	95.7627
3670	306	56.6974
3671	23	90.8052
3672	37	112.725
3673	45	47.9571
3674	148	157.3
3675	788	29.6708
3676	380	22.8987
3677	55	92.8419
3678	30	144.972
3679	878	22.0318
3680	10	137.468
3681	76	75.6964
3682	82	102.992
3683	72	60.8379
3684	3	191.517
3685	45	127.144
3686	2	111.876
3687	43	160.687
3688	461	63.1686
3689	119	79.2973
3690	4466	32.3368
3691	645	72.3428
3692	27936	11.4885
3693	161	32.0333
3694	1289	45.0938
3695	115	32.4722
3696	28	72.306
3697	42	91.8253
3698	4	186.181
3699	330	30.406
3700	5955	21.1391
3701	25	163.644
3702	99	57.0038
3703	55	63.3809
3704	75	44.2968
3705	496	34.1648
3706	1925	23.2084
3707	98	69.3307
3708	182	31.5471
3709	8	79.4326
3710	2010	32.1691
3711	35	93.651
3712	129	85.4322
3713	1285	20.0501
3714	1167	62.5914
3715	50	58.6276
3716	57	61.0495
3717	20	97.4437
3718	221	20.9203
3719	5	94.0049
3720	17	74.0809
3721	265	54.7555
3722	342	71.9326
3723	11	118.055
3724	27	49.7591
3725	341	21.2291
3726	7	210.597
3727	41	158.418
3728	944	22.8832
3729	250	30.2628
3730	612	37.0116
3731	10	141.083
3732	22	89.0738
3733	215	35.0135
3734	372	58.348
3735	674	42.4425
3736	40	91.3383
3737	48	119.447
3738	626	34.8279
3739	276	63.5261
3740	203	69.3131
3741	1	73.6691
3742	9	220.58
3743	373	67.8692
3744	141	71.8588
3745	58	52.5521
3746	524	50.4503
3747	266	31.0438
3748	209	64.2255
3749	1925	10.4335
3750	36	46.7095
3751	32	136.846
3752	60	85.9725
3753	24	69.438
3754	149	47.6501
3755	68	59.1376
3756	19	119.705
3757	553	31.8035
3758	8	86.5347
3759	971	58.1498
3760	262	58.6931
3761	3228	21.1041
3762	14	78.3356
3763	20	99.8917
3764	148	43.2775
3765	114	104.609
3766	44	105.371
3767	61	91.9436
3768	2637	46.0286
3769	7	220.25
3770	2305	26.5005
3771	973	21.5679
3772	37	39.6807
3773	362	20.643
3774	150	71.1896
3775	60	94.5331
3776	78	64.218
3777	3	112.148
3778	93	54.3583
3779	38	82.9342
3780	20	95.8198
3781	124	51.4855
3782	317	107.316
3783	467	17.9481
3784	439	110.887
3785	2	234.787
3786	13	128.507
3787	55	75.6349
3788	356	29.7371
3789	11	221.06
3790	48	100.405
3791	643	51.981
3792	2	122.795
3793	38	93.3717
3794	75	55.7908
