Free_ribo	31593.9
Free_tRNA0	159219
Free_tRNA1	148102
Free_tRNA2	71029.7
Free_tRNA3	124943
Free_tRNA4	120975
Free_tRNA5	22132.2
Free_tRNA6	125415
Free_tRNA7	113621
Free_tRNA8	23096.5
Free_tRNA9	117434
Free_tRNA10	71039.6
Free_tRNA11	23662.1
Free_tRNA12	12018.1
Free_tRNA13	11385
Free_tRNA14	11450.6
Free_tRNA15	11473.2
Free_tRNA16	22261.8
Free_tRNA17	10975.4
Free_tRNA18	159812
Free_tRNA19	114822
Free_tRNA20	10897.2
Free_tRNA21	46651.9
Free_tRNA22	184152
Free_tRNA23	22154.4
Free_tRNA24	91936.2
Free_tRNA25	184211
Free_tRNA26	81437.8
Free_tRNA27	112701
Free_tRNA28	81354.7
Free_tRNA29	23209.7
Free_tRNA30	34003
Free_tRNA31	23123
Free_tRNA32	35420.7
Free_tRNA33	127603
Free_tRNA34	34868.3
Free_tRNA35	58400.7
Free_tRNA36	115854
Free_tRNA37	46922.3
Free_tRNA38	159250
Free_tRNA39	103234
Free_tRNA40	79881.3
